<?xml version="1.0" encoding="UTF-8"?>
<testsuites name="Sprint 4" time="3157.299" tests="13" failures="8" errors="0">
   <testsuite name="Sprint 4" tests="13" failures="8" errors="0" time="3157.299" skipped="0" timestamp="2023-06-15 12:36:26" hostname="rajeswari.r - Laptop-OBS-62.optisolbusiness.com" id="Test Suites/Sprint 4">
      <properties>
         <property name="deviceName" value=""/>
         <property name="devicePlatform" value=""/>
         <property name="logFolder" value="C:\\Users\\rajeswari.r\\Katalon Studio\\Livesust\\Reports\\20230615_123600\\Sprint 4\\20230615_123600"/>
         <property name="logFiles" value="C:\\Users\\rajeswari.r\\Katalon Studio\\Livesust\\Reports\\20230615_123600\\Sprint 4\\20230615_123600\\execution0.log"/>
         <property name="attachments" value="C:\\Users\\rajeswari.r\\Katalon Studio\\Livesust\\Reports\\20230615_123600\\Sprint 4\\20230615_123600\\1686812970641.png, C:\\Users\\rajeswari.r\\Katalon Studio\\Livesust\\Reports\\20230615_123600\\Sprint 4\\20230615_123600\\1686812970898.png, C:\\Users\\rajeswari.r\\Katalon Studio\\Livesust\\Reports\\20230615_123600\\Sprint 4\\20230615_123600\\1686813143003.png, C:\\Users\\rajeswari.r\\Katalon Studio\\Livesust\\Reports\\20230615_123600\\Sprint 4\\20230615_123600\\1686813143205.png, C:\\Users\\rajeswari.r\\Katalon Studio\\Livesust\\Reports\\20230615_123600\\Sprint 4\\20230615_123600\\1686813313561.png, C:\\Users\\rajeswari.r\\Katalon Studio\\Livesust\\Reports\\20230615_123600\\Sprint 4\\20230615_123600\\1686813313781.png, C:\\Users\\rajeswari.r\\Katalon Studio\\Livesust\\Reports\\20230615_123600\\Sprint 4\\20230615_123600\\1686813484635.png, C:\\Users\\rajeswari.r\\Katalon Studio\\Livesust\\Reports\\20230615_123600\\Sprint 4\\20230615_123600\\1686813484843.png, C:\\Users\\rajeswari.r\\Katalon Studio\\Livesust\\Reports\\20230615_123600\\Sprint 4\\20230615_123600\\1686813600984.png, C:\\Users\\rajeswari.r\\Katalon Studio\\Livesust\\Reports\\20230615_123600\\Sprint 4\\20230615_123600\\1686813715892.png, C:\\Users\\rajeswari.r\\Katalon Studio\\Livesust\\Reports\\20230615_123600\\Sprint 4\\20230615_123600\\1686813829775.png, C:\\Users\\rajeswari.r\\Katalon Studio\\Livesust\\Reports\\20230615_123600\\Sprint 4\\20230615_123600\\1686813945283.png, C:\\Users\\rajeswari.r\\Katalon Studio\\Livesust\\Reports\\20230615_123600\\Sprint 4\\20230615_123600\\1686814078833.png, C:\\Users\\rajeswari.r\\Katalon Studio\\Livesust\\Reports\\20230615_123600\\Sprint 4\\20230615_123600\\1686814162503.png, C:\\Users\\rajeswari.r\\Katalon Studio\\Livesust\\Reports\\20230615_123600\\Sprint 4\\20230615_123600\\1686814244090.png, C:\\Users\\rajeswari.r\\Katalon Studio\\Livesust\\Reports\\20230615_123600\\Sprint 4\\20230615_123600\\1686814326386.png, C:\\Users\\rajeswari.r\\Katalon Studio\\Livesust\\Reports\\20230615_123600\\Sprint 4\\20230615_123600\\1686814411044.png, C:\\Users\\rajeswari.r\\Katalon Studio\\Livesust\\Reports\\20230615_123600\\Sprint 4\\20230615_123600\\1686814495497.png, C:\\Users\\rajeswari.r\\Katalon Studio\\Livesust\\Reports\\20230615_123600\\Sprint 4\\20230615_123600\\1686814579754.png, C:\\Users\\rajeswari.r\\Katalon Studio\\Livesust\\Reports\\20230615_123600\\Sprint 4\\20230615_123600\\1686814663862.png, C:\\Users\\rajeswari.r\\Katalon Studio\\Livesust\\Reports\\20230615_123600\\Sprint 4\\20230615_123600\\1686814715950.png, C:\\Users\\rajeswari.r\\Katalon Studio\\Livesust\\Reports\\20230615_123600\\Sprint 4\\20230615_123600\\1686814767541.png, C:\\Users\\rajeswari.r\\Katalon Studio\\Livesust\\Reports\\20230615_123600\\Sprint 4\\20230615_123600\\1686814819265.png, C:\\Users\\rajeswari.r\\Katalon Studio\\Livesust\\Reports\\20230615_123600\\Sprint 4\\20230615_123600\\1686814871120.png, C:\\Users\\rajeswari.r\\Katalon Studio\\Livesust\\Reports\\20230615_123600\\Sprint 4\\20230615_123600\\1686814919301.png, C:\\Users\\rajeswari.r\\Katalon Studio\\Livesust\\Reports\\20230615_123600\\Sprint 4\\20230615_123600\\1686814966875.png, C:\\Users\\rajeswari.r\\Katalon Studio\\Livesust\\Reports\\20230615_123600\\Sprint 4\\20230615_123600\\1686815014621.png, C:\\Users\\rajeswari.r\\Katalon Studio\\Livesust\\Reports\\20230615_123600\\Sprint 4\\20230615_123600\\1686815062066.png, C:\\Users\\rajeswari.r\\Katalon Studio\\Livesust\\Reports\\20230615_123600\\Sprint 4\\20230615_123600\\1686815255748.png, C:\\Users\\rajeswari.r\\Katalon Studio\\Livesust\\Reports\\20230615_123600\\Sprint 4\\20230615_123600\\1686815367973.png, C:\\Users\\rajeswari.r\\Katalon Studio\\Livesust\\Reports\\20230615_123600\\Sprint 4\\20230615_123600\\1686815479566.png, C:\\Users\\rajeswari.r\\Katalon Studio\\Livesust\\Reports\\20230615_123600\\Sprint 4\\20230615_123600\\1686815591502.png, C:\\Users\\rajeswari.r\\Katalon Studio\\Livesust\\Reports\\20230615_123600\\Sprint 4\\20230615_123600\\1686815802359.png, C:\\Users\\rajeswari.r\\Katalon Studio\\Livesust\\Reports\\20230615_123600\\Sprint 4\\20230615_123600\\1686815849395.png, C:\\Users\\rajeswari.r\\Katalon Studio\\Livesust\\Reports\\20230615_123600\\Sprint 4\\20230615_123600\\1686815896526.png, C:\\Users\\rajeswari.r\\Katalon Studio\\Livesust\\Reports\\20230615_123600\\Sprint 4\\20230615_123600\\1686815943612.png"/>
         <property name="hostName" value="rajeswari.r - Laptop-OBS-62.optisolbusiness.com"/>
         <property name="os" value="Windows 10 64bit"/>
         <property name="katalonVersion" value="8.6.5.208"/>
         <property name="browser" value="Chrome 114.0.0.0"/>
         <property name="hostAddress" value="192.168.29.231"/>
         <property name="sessionId" value="d16a5929dc3473ab78c8efe012af4f44"/>
         <property name="seleniumVersion" value="3.141.59"/>
         <property name="proxyInformation" value="ProxyInformation { proxyOption=NO_PROXY, proxyServerType=HTTP, username=, password=********, proxyServerAddress=, proxyServerPort=0, executionList=&quot;&quot;, isApplyToDesiredCapabilities=true }"/>
         <property name="platform" value="Windows 10"/>
      </properties>
      <testcase name="Test Cases/Sprint 4/Add equip" time="171.039" classname="Test Cases/Sprint 4/Add equip" status="FAILED">
         <failure type="FAILED" message="Test Cases/Sprint 4/Add equip FAILED.
Reason:
com.kms.katalon.core.exception.StepFailedException: Unable to verify object 'Object Repository/Page_LiveSust/div_Equipment created successfully' is present
	at com.kms.katalon.core.webui.keyword.internal.WebUIKeywordMain.stepFailed(WebUIKeywordMain.groovy:64)
	at com.kms.katalon.core.webui.keyword.internal.WebUIKeywordMain.runKeyword(WebUIKeywordMain.groovy:26)
	at com.kms.katalon.core.webui.keyword.builtin.VerifyElementPresentKeyword.verifyElementPresent(VerifyElementPresentKeyword.groovy:92)
	at com.kms.katalon.core.webui.keyword.builtin.VerifyElementPresentKeyword.execute(VerifyElementPresentKeyword.groovy:68)
	at com.kms.katalon.core.keyword.internal.KeywordExecutor.executeKeywordForPlatform(KeywordExecutor.groovy:74)
	at com.kms.katalon.core.webui.keyword.WebUiBuiltInKeywords.verifyElementPresent(WebUiBuiltInKeywords.groovy:1464)
	at com.kms.katalon.core.webui.keyword.WebUiBuiltInKeywords$verifyElementPresent$5.call(Unknown Source)
	at Add equip.run(Add equip:68)
	at com.kms.katalon.core.main.ScriptEngine.run(ScriptEngine.java:194)
	at com.kms.katalon.core.main.ScriptEngine.runScriptAsRawText(ScriptEngine.java:119)
	at com.kms.katalon.core.main.TestCaseExecutor.runScript(TestCaseExecutor.java:448)
	at com.kms.katalon.core.main.TestCaseExecutor.doExecute(TestCaseExecutor.java:439)
	at com.kms.katalon.core.main.TestCaseExecutor.processExecutionPhase(TestCaseExecutor.java:418)
	at com.kms.katalon.core.main.TestCaseExecutor.accessMainPhase(TestCaseExecutor.java:410)
	at com.kms.katalon.core.main.TestCaseExecutor.execute(TestCaseExecutor.java:285)
	at com.kms.katalon.core.main.TestCaseExecutor.execute(TestCaseExecutor.java:369)
	at com.kms.katalon.core.main.TestCaseExecutor.execute(TestCaseExecutor.java:369)
	at com.kms.katalon.core.main.TestCaseExecutor.execute(TestCaseExecutor.java:369)
	at com.kms.katalon.core.common.CommonExecutor.accessTestCaseMainPhase(CommonExecutor.java:65)
	at com.kms.katalon.core.main.TestSuiteExecutor.accessTestSuiteMainPhase(TestSuiteExecutor.java:148)
	at com.kms.katalon.core.main.TestSuiteExecutor.execute(TestSuiteExecutor.java:106)
	at com.kms.katalon.core.main.TestCaseMain.startTestSuite(TestCaseMain.java:187)
	at com.kms.katalon.core.main.TestCaseMain$startTestSuite$0.call(Unknown Source)
	at TempTestSuite1686812760521.run(TempTestSuite1686812760521.groovy:36)
Caused by: com.kms.katalon.core.exception.StepFailedException: com.kms.katalon.core.webui.exception.WebElementNotFoundException: Web element with id: 'Object Repository/Page_LiveSust/div_Equipment created successfully' located by '//div[@id='toast-container']/div/div' not found
	at com.kms.katalon.core.webui.keyword.internal.WebUIKeywordMain.stepFailed(WebUIKeywordMain.groovy:64)
	at com.kms.katalon.core.webui.keyword.builtin.VerifyElementPresentKeyword$_verifyElementPresent_closure1.doCall(VerifyElementPresentKeyword.groovy:85)
	at com.kms.katalon.core.webui.keyword.builtin.VerifyElementPresentKeyword$_verifyElementPresent_closure1.call(VerifyElementPresentKeyword.groovy)
	at com.kms.katalon.core.webui.keyword.internal.WebUIKeywordMain.runKeyword(WebUIKeywordMain.groovy:20)
	... 22 more
"/>
         <system-out><![CDATA[2023-06-15 12:45:14 - [TEST_CASE][FAILED] - Test Cases/Sprint 4/Add equip: Test Cases/Sprint 4/Add equip FAILED.
Reason:
com.kms.katalon.core.exception.StepFailedException: Unable to verify object 'Object Repository/Page_LiveSust/div_Equipment created successfully' is present
	at com.kms.katalon.core.webui.keyword.internal.WebUIKeywordMain.stepFailed(WebUIKeywordMain.groovy:64)
	at com.kms.katalon.core.webui.keyword.internal.WebUIKeywordMain.runKeyword(WebUIKeywordMain.groovy:26)
	at com.kms.katalon.core.webui.keyword.builtin.VerifyElementPresentKeyword.verifyElementPresent(VerifyElementPresentKeyword.groovy:92)
	at com.kms.katalon.core.webui.keyword.builtin.VerifyElementPresentKeyword.execute(VerifyElementPresentKeyword.groovy:68)
	at com.kms.katalon.core.keyword.internal.KeywordExecutor.executeKeywordForPlatform(KeywordExecutor.groovy:74)
	at com.kms.katalon.core.webui.keyword.WebUiBuiltInKeywords.verifyElementPresent(WebUiBuiltInKeywords.groovy:1464)
	at com.kms.katalon.core.webui.keyword.WebUiBuiltInKeywords$verifyElementPresent$5.call(Unknown Source)
	at Add equip.run(Add equip:68)
	at com.kms.katalon.core.main.ScriptEngine.run(ScriptEngine.java:194)
	at com.kms.katalon.core.main.ScriptEngine.runScriptAsRawText(ScriptEngine.java:119)
	at com.kms.katalon.core.main.TestCaseExecutor.runScript(TestCaseExecutor.java:448)
	at com.kms.katalon.core.main.TestCaseExecutor.doExecute(TestCaseExecutor.java:439)
	at com.kms.katalon.core.main.TestCaseExecutor.processExecutionPhase(TestCaseExecutor.java:418)
	at com.kms.katalon.core.main.TestCaseExecutor.accessMainPhase(TestCaseExecutor.java:410)
	at com.kms.katalon.core.main.TestCaseExecutor.execute(TestCaseExecutor.java:285)
	at com.kms.katalon.core.main.TestCaseExecutor.execute(TestCaseExecutor.java:369)
	at com.kms.katalon.core.main.TestCaseExecutor.execute(TestCaseExecutor.java:369)
	at com.kms.katalon.core.main.TestCaseExecutor.execute(TestCaseExecutor.java:369)
	at com.kms.katalon.core.common.CommonExecutor.accessTestCaseMainPhase(CommonExecutor.java:65)
	at com.kms.katalon.core.main.TestSuiteExecutor.accessTestSuiteMainPhase(TestSuiteExecutor.java:148)
	at com.kms.katalon.core.main.TestSuiteExecutor.execute(TestSuiteExecutor.java:106)
	at com.kms.katalon.core.main.TestCaseMain.startTestSuite(TestCaseMain.java:187)
	at com.kms.katalon.core.main.TestCaseMain$startTestSuite$0.call(Unknown Source)
	at TempTestSuite1686812760521.run(TempTestSuite1686812760521.groovy:36)
Caused by: com.kms.katalon.core.exception.StepFailedException: com.kms.katalon.core.webui.exception.WebElementNotFoundException: Web element with id: 'Object Repository/Page_LiveSust/div_Equipment created successfully' located by '//div[@id='toast-container']/div/div' not found
	at com.kms.katalon.core.webui.keyword.internal.WebUIKeywordMain.stepFailed(WebUIKeywordMain.groovy:64)
	at com.kms.katalon.core.webui.keyword.builtin.VerifyElementPresentKeyword$_verifyElementPresent_closure1.doCall(VerifyElementPresentKeyword.groovy:85)
	at com.kms.katalon.core.webui.keyword.builtin.VerifyElementPresentKeyword$_verifyElementPresent_closure1.call(VerifyElementPresentKeyword.groovy)
	at com.kms.katalon.core.webui.keyword.internal.WebUIKeywordMain.runKeyword(WebUIKeywordMain.groovy:20)
	... 22 more


2023-06-15 12:45:14 - [TEST_STEP][PASSED] - openBrowser(""): Browser is opened with url: ''

2023-06-15 12:45:14 - [MESSAGE][WARNING] - A browser is already opened. Closing browser and opening a new one

2023-06-15 12:45:15 - [MESSAGE][INFO] - Starting 'Chrome' driver

2023-06-15 12:45:15 - [MESSAGE][INFO] - Action delay is set to 0 milliseconds

2023-06-15 12:45:19 - [MESSAGE][PASSED] - Browser is opened with url: ''

2023-06-15 12:45:19 - [TEST_STEP][PASSED] - navigateToUrl("https://livesust-test-web.optisolbusiness.com/login"): Navigate to 'https://livesust-test-web.optisolbusiness.com/login' successfully

2023-06-15 12:45:22 - [MESSAGE][PASSED] - Navigate to 'https://livesust-test-web.optisolbusiness.com/login' successfully

2023-06-15 12:45:22 - [TEST_STEP][PASSED] - maximizeWindow(): Current window maximized

2023-06-15 12:45:22 - [MESSAGE][PASSED] - Current window maximized

2023-06-15 12:45:22 - [TEST_STEP][PASSED] - setText(findTestObject("Object Repository/Page_LiveSust/input_Provider Log In_Username  E-Mail Address"), "Sachin@yopmail.com"): Text 'Sachin@yopmail.com' is set on object 'Object Repository/Page_LiveSust/input_Provider Log In_Username  E-Mail Address'

2023-06-15 12:45:24 - [MESSAGE][PASSED] - Text 'Sachin@yopmail.com' is set on object 'Object Repository/Page_LiveSust/input_Provider Log In_Username  E-Mail Address'

2023-06-15 12:45:24 - [TEST_STEP][PASSED] - setEncryptedText(findTestObject("Object Repository/Page_LiveSust/input_Username  E-Mail Address_Password"), "+p0xE3Qc9agwqAa4cuTULg=="): Text ****** has been set on object 'Object Repository/Page_LiveSust/input_Username  E-Mail Address_Password'

2023-06-15 12:45:24 - [MESSAGE][PASSED] - Text ****** has been set on object 'Object Repository/Page_LiveSust/input_Username  E-Mail Address_Password'

2023-06-15 12:45:24 - [TEST_STEP][PASSED] - click(findTestObject("Object Repository/Page_LiveSust/button_Log In")): Object: 'Object Repository/Page_LiveSust/button_Log In' is clicked on

2023-06-15 12:45:25 - [MESSAGE][PASSED] - Object: 'Object Repository/Page_LiveSust/button_Log In' is clicked on

2023-06-15 12:45:25 - [TEST_STEP][PASSED] - click(findTestObject("Object Repository/Page_LiveSust/span_Equipment")): Object: 'Object Repository/Page_LiveSust/span_Equipment' is clicked on

2023-06-15 12:45:28 - [MESSAGE][PASSED] - Object: 'Object Repository/Page_LiveSust/span_Equipment' is clicked on

2023-06-15 12:45:28 - [TEST_STEP][PASSED] - click(findTestObject("Object Repository/Page_LiveSust/button_Add Equipment")): Object: 'Object Repository/Page_LiveSust/button_Add Equipment' is clicked on

2023-06-15 12:45:59 - [MESSAGE][INFO] - Unable to find the element located by 'By.xpath: //div[@id='nav-equipment']/app-equipment/div/div/div/ul/li[3]/button'. Please recheck the objects properties to make sure the desired element is located. 

2023-06-15 12:45:59 - [MESSAGE][WARNING] - [SELF-HEALING] Failed to find element with id 'Object Repository/Page_LiveSust/button_Add Equipment'. Try using Self-healing.

2023-06-15 12:46:00 - [MESSAGE][WARNING] - [SELF-HEALING] The current locator of test object 'Object Repository/Page_LiveSust/button_Add Equipment' was broken. Propose an alternative one: '(.//*[normalize-space(text()) and normalize-space(.)='Require Maintenance'])[1]/following::button[1]'.

2023-06-15 12:46:00 - [MESSAGE][PASSED] - Object: 'Object Repository/Page_LiveSust/button_Add Equipment' is clicked on

2023-06-15 12:46:00 - [TEST_STEP][PASSED] - click(findTestObject("Page_LiveSust/button_Equipment Type")): Object: 'Object Repository/Page_LiveSust/button_Equipment Type' is clicked on

2023-06-15 12:46:01 - [MESSAGE][PASSED] - Object: 'Object Repository/Page_LiveSust/button_Equipment Type' is clicked on

2023-06-15 12:46:01 - [TEST_STEP][PASSED] - click(findTestObject("Page_LiveSust/li_Powered Equipment")): Object: 'Object Repository/Page_LiveSust/li_Powered Equipment' is clicked on

2023-06-15 12:46:01 - [MESSAGE][PASSED] - Object: 'Object Repository/Page_LiveSust/li_Powered Equipment' is clicked on

2023-06-15 12:46:01 - [TEST_STEP][PASSED] - delay(20): Delayed 20 second(s)

2023-06-15 12:46:21 - [MESSAGE][PASSED] - Delayed 20 second(s)

2023-06-15 12:46:21 - [TEST_STEP][PASSED] - setText(findTestObject("Object Repository/Page_LiveSust/input_No_Name"), "New EQuips"): Text 'New EQuips' is set on object 'Object Repository/Page_LiveSust/input_No_Name'

2023-06-15 12:46:22 - [MESSAGE][PASSED] - Text 'New EQuips' is set on object 'Object Repository/Page_LiveSust/input_No_Name'

2023-06-15 12:46:22 - [TEST_STEP][PASSED] - setText(findTestObject("Object Repository/Page_LiveSust/input_Name_Serial"), "5678"): Text '5678' is set on object 'Object Repository/Page_LiveSust/input_Name_Serial'

2023-06-15 12:46:23 - [MESSAGE][PASSED] - Text '5678' is set on object 'Object Repository/Page_LiveSust/input_Name_Serial'

2023-06-15 12:46:23 - [TEST_STEP][PASSED] - setText(findTestObject("Object Repository/Page_LiveSust/input_Serial_Size"), "45"): Text '45' is set on object 'Object Repository/Page_LiveSust/input_Serial_Size'

2023-06-15 12:46:24 - [MESSAGE][PASSED] - Text '45' is set on object 'Object Repository/Page_LiveSust/input_Serial_Size'

2023-06-15 12:46:24 - [TEST_STEP][PASSED] - setText(findTestObject("Object Repository/Page_LiveSust/input_Size_Weight (lbs)"), "34"): Text '34' is set on object 'Object Repository/Page_LiveSust/input_Size_Weight (lbs)'

2023-06-15 12:46:25 - [MESSAGE][PASSED] - Text '34' is set on object 'Object Repository/Page_LiveSust/input_Size_Weight (lbs)'

2023-06-15 12:46:25 - [TEST_STEP][PASSED] - click(findTestObject("Object Repository/Page_LiveSust/input_Owned_Leased")): Object: 'Object Repository/Page_LiveSust/input_Owned_Leased' is clicked on

2023-06-15 12:46:26 - [MESSAGE][PASSED] - Object: 'Object Repository/Page_LiveSust/input_Owned_Leased' is clicked on

2023-06-15 12:46:26 - [TEST_STEP][PASSED] - click(findTestObject("Object Repository/Page_LiveSust/input_Crew Colors_color-picker-input w-50 f_89ff85")): Object: 'Object Repository/Page_LiveSust/input_Crew Colors_color-picker-input w-50 f_89ff85' is clicked on

2023-06-15 12:46:26 - [MESSAGE][PASSED] - Object: 'Object Repository/Page_LiveSust/input_Crew Colors_color-picker-input w-50 f_89ff85' is clicked on

2023-06-15 12:46:26 - [TEST_STEP][PASSED] - click(findTestObject("Object Repository/Page_LiveSust/span_2")): Object: 'Object Repository/Page_LiveSust/span_2' is clicked on

2023-06-15 12:46:27 - [MESSAGE][PASSED] - Object: 'Object Repository/Page_LiveSust/span_2' is clicked on

2023-06-15 12:46:27 - [TEST_STEP][PASSED] - setText(findTestObject("Object Repository/Page_LiveSust/textarea_Equipment Group Name_Notes"), "Notes about equips"): Text 'Notes about equips' is set on object 'Object Repository/Page_LiveSust/textarea_Equipment Group Name_Notes'

2023-06-15 12:46:58 - [MESSAGE][INFO] - Unable to find the element located by 'By.xpath: //textarea[@id='Notes']'. Please recheck the objects properties to make sure the desired element is located. 

2023-06-15 12:46:58 - [MESSAGE][WARNING] - [SELF-HEALING] Failed to find element with id 'Object Repository/Page_LiveSust/textarea_Equipment Group Name_Notes'. Try using Self-healing.

2023-06-15 12:46:58 - [MESSAGE][WARNING] - [SELF-HEALING] The current locator of test object 'Object Repository/Page_LiveSust/textarea_Equipment Group Name_Notes' was broken. Propose an alternative one: '//textarea'.

2023-06-15 12:47:30 - [MESSAGE][INFO] - Unable to find the element located by 'By.xpath: //textarea[@id='Notes']'. Please recheck the objects properties to make sure the desired element is located. 

2023-06-15 12:47:30 - [MESSAGE][WARNING] - [SELF-HEALING] Failed to find element with id 'Object Repository/Page_LiveSust/textarea_Equipment Group Name_Notes'. Try using Self-healing.

2023-06-15 12:47:30 - [MESSAGE][WARNING] - [SELF-HEALING] The current locator of test object 'Object Repository/Page_LiveSust/textarea_Equipment Group Name_Notes' was broken. Propose an alternative one: '//textarea'.

2023-06-15 12:47:30 - [MESSAGE][PASSED] - Text 'Notes about equips' is set on object 'Object Repository/Page_LiveSust/textarea_Equipment Group Name_Notes'

2023-06-15 12:47:30 - [TEST_STEP][PASSED] - click(findTestObject("Object Repository/Page_LiveSust/div_Assign Equipment Group")): Object: 'Object Repository/Page_LiveSust/div_Assign Equipment Group' is clicked on

2023-06-15 12:47:31 - [MESSAGE][PASSED] - Object: 'Object Repository/Page_LiveSust/div_Assign Equipment Group' is clicked on

2023-06-15 12:47:31 - [TEST_STEP][PASSED] - click(findTestObject("Object Repository/Page_LiveSust/label_MyEquip")): Object: 'Object Repository/Page_LiveSust/label_MyEquip' is clicked on

2023-06-15 12:47:31 - [MESSAGE][PASSED] - Object: 'Object Repository/Page_LiveSust/label_MyEquip' is clicked on

2023-06-15 12:47:31 - [TEST_STEP][PASSED] - click(findTestObject("Object Repository/Page_LiveSust/label_bnbsf")): Object: 'Object Repository/Page_LiveSust/label_bnbsf' is clicked on

2023-06-15 12:47:32 - [MESSAGE][PASSED] - Object: 'Object Repository/Page_LiveSust/label_bnbsf' is clicked on

2023-06-15 12:47:32 - [TEST_STEP][PASSED] - click(findTestObject("Object Repository/Page_LiveSust/div_Equipment Type  Powered Equipment  Powe_825324")): Object: 'Object Repository/Page_LiveSust/div_Equipment Type  Powered Equipment  Powe_825324' is clicked on

2023-06-15 12:47:32 - [MESSAGE][PASSED] - Object: 'Object Repository/Page_LiveSust/div_Equipment Type  Powered Equipment  Powe_825324' is clicked on

2023-06-15 12:47:32 - [TEST_STEP][PASSED] - click(findTestObject("Object Repository/Page_LiveSust/button_Save Equipment")): Object: 'Object Repository/Page_LiveSust/button_Save Equipment' is clicked on

2023-06-15 12:47:33 - [MESSAGE][PASSED] - Object: 'Object Repository/Page_LiveSust/button_Save Equipment' is clicked on

2023-06-15 12:47:33 - [TEST_STEP][FAILED] - verifyElementPresent(findTestObject("Object Repository/Page_LiveSust/div_Equipment created successfully"), 0): Unable to verify object 'Object Repository/Page_LiveSust/div_Equipment created successfully' is present (Root cause: com.kms.katalon.core.exception.StepFailedException: Unable to verify object 'Object Repository/Page_LiveSust/div_Equipment created successfully' is present
	at com.kms.katalon.core.webui.keyword.internal.WebUIKeywordMain.stepFailed(WebUIKeywordMain.groovy:64)
	at com.kms.katalon.core.webui.keyword.internal.WebUIKeywordMain.runKeyword(WebUIKeywordMain.groovy:26)
	at com.kms.katalon.core.webui.keyword.builtin.VerifyElementPresentKeyword.verifyElementPresent(VerifyElementPresentKeyword.groovy:92)
	at com.kms.katalon.core.webui.keyword.builtin.VerifyElementPresentKeyword.execute(VerifyElementPresentKeyword.groovy:68)
	at com.kms.katalon.core.keyword.internal.KeywordExecutor.executeKeywordForPlatform(KeywordExecutor.groovy:74)
	at com.kms.katalon.core.webui.keyword.WebUiBuiltInKeywords.verifyElementPresent(WebUiBuiltInKeywords.groovy:1464)
	at com.kms.katalon.core.webui.keyword.WebUiBuiltInKeywords$verifyElementPresent$5.call(Unknown Source)
	at Add equip.run(Add equip:68)
	at com.kms.katalon.core.main.ScriptEngine.run(ScriptEngine.java:194)
	at com.kms.katalon.core.main.ScriptEngine.runScriptAsRawText(ScriptEngine.java:119)
	at com.kms.katalon.core.main.TestCaseExecutor.runScript(TestCaseExecutor.java:448)
	at com.kms.katalon.core.main.TestCaseExecutor.doExecute(TestCaseExecutor.java:439)
	at com.kms.katalon.core.main.TestCaseExecutor.processExecutionPhase(TestCaseExecutor.java:418)
	at com.kms.katalon.core.main.TestCaseExecutor.accessMainPhase(TestCaseExecutor.java:410)
	at com.kms.katalon.core.main.TestCaseExecutor.execute(TestCaseExecutor.java:285)
	at com.kms.katalon.core.main.TestCaseExecutor.execute(TestCaseExecutor.java:369)
	at com.kms.katalon.core.main.TestCaseExecutor.execute(TestCaseExecutor.java:369)
	at com.kms.katalon.core.main.TestCaseExecutor.execute(TestCaseExecutor.java:369)
	at com.kms.katalon.core.common.CommonExecutor.accessTestCaseMainPhase(CommonExecutor.java:65)
	at com.kms.katalon.core.main.TestSuiteExecutor.accessTestSuiteMainPhase(TestSuiteExecutor.java:148)
	at com.kms.katalon.core.main.TestSuiteExecutor.execute(TestSuiteExecutor.java:106)
	at com.kms.katalon.core.main.TestCaseMain.startTestSuite(TestCaseMain.java:187)
	at com.kms.katalon.core.main.TestCaseMain$startTestSuite$0.call(Unknown Source)
	at TempTestSuite1686812760521.run(TempTestSuite1686812760521.groovy:36)
Caused by: com.kms.katalon.core.exception.StepFailedException: com.kms.katalon.core.webui.exception.WebElementNotFoundException: Web element with id: 'Object Repository/Page_LiveSust/div_Equipment created successfully' located by '//div[@id='toast-container']/div/div' not found
	at com.kms.katalon.core.webui.keyword.internal.WebUIKeywordMain.stepFailed(WebUIKeywordMain.groovy:64)
	at com.kms.katalon.core.webui.keyword.builtin.VerifyElementPresentKeyword$_verifyElementPresent_closure1.doCall(VerifyElementPresentKeyword.groovy:85)
	at com.kms.katalon.core.webui.keyword.builtin.VerifyElementPresentKeyword$_verifyElementPresent_closure1.call(VerifyElementPresentKeyword.groovy)
	at com.kms.katalon.core.webui.keyword.internal.WebUIKeywordMain.runKeyword(WebUIKeywordMain.groovy:20)
	... 22 more
)

2023-06-15 12:47:33 - [MESSAGE][WARNING] - Timeout '0' is invalid. Using default page load timeout: '30'

2023-06-15 12:48:04 - [MESSAGE][INFO] - Unable to find the element located by 'By.xpath: //div[@id='toast-container']/div/div'. Please recheck the objects properties to make sure the desired element is located. 

2023-06-15 12:48:04 - [MESSAGE][FAILED] - com.kms.katalon.core.webui.exception.WebElementNotFoundException: Web element with id: 'Object Repository/Page_LiveSust/div_Equipment created successfully' located by '//div[@id='toast-container']/div/div' not found (Root cause: com.kms.katalon.core.exception.StepFailedException: com.kms.katalon.core.webui.exception.WebElementNotFoundException: Web element with id: 'Object Repository/Page_LiveSust/div_Equipment created successfully' located by '//div[@id='toast-container']/div/div' not found
	at com.kms.katalon.core.webui.keyword.internal.WebUIKeywordMain.stepFailed(WebUIKeywordMain.groovy:64)
	at com.kms.katalon.core.webui.keyword.builtin.VerifyElementPresentKeyword$_verifyElementPresent_closure1.doCall(VerifyElementPresentKeyword.groovy:85)
	at com.kms.katalon.core.webui.keyword.builtin.VerifyElementPresentKeyword$_verifyElementPresent_closure1.call(VerifyElementPresentKeyword.groovy)
	at com.kms.katalon.core.webui.keyword.internal.WebUIKeywordMain.runKeyword(WebUIKeywordMain.groovy:20)
	at com.kms.katalon.core.webui.keyword.builtin.VerifyElementPresentKeyword.verifyElementPresent(VerifyElementPresentKeyword.groovy:92)
	at com.kms.katalon.core.webui.keyword.builtin.VerifyElementPresentKeyword.execute(VerifyElementPresentKeyword.groovy:68)
	at com.kms.katalon.core.keyword.internal.KeywordExecutor.executeKeywordForPlatform(KeywordExecutor.groovy:74)
	at com.kms.katalon.core.webui.keyword.WebUiBuiltInKeywords.verifyElementPresent(WebUiBuiltInKeywords.groovy:1464)
	at com.kms.katalon.core.webui.keyword.WebUiBuiltInKeywords$verifyElementPresent$5.call(Unknown Source)
	at Add equip.run(Add equip:68)
	at com.kms.katalon.core.main.ScriptEngine.run(ScriptEngine.java:194)
	at com.kms.katalon.core.main.ScriptEngine.runScriptAsRawText(ScriptEngine.java:119)
	at com.kms.katalon.core.main.TestCaseExecutor.runScript(TestCaseExecutor.java:448)
	at com.kms.katalon.core.main.TestCaseExecutor.doExecute(TestCaseExecutor.java:439)
	at com.kms.katalon.core.main.TestCaseExecutor.processExecutionPhase(TestCaseExecutor.java:418)
	at com.kms.katalon.core.main.TestCaseExecutor.accessMainPhase(TestCaseExecutor.java:410)
	at com.kms.katalon.core.main.TestCaseExecutor.execute(TestCaseExecutor.java:285)
	at com.kms.katalon.core.main.TestCaseExecutor.execute(TestCaseExecutor.java:369)
	at com.kms.katalon.core.main.TestCaseExecutor.execute(TestCaseExecutor.java:369)
	at com.kms.katalon.core.main.TestCaseExecutor.execute(TestCaseExecutor.java:369)
	at com.kms.katalon.core.common.CommonExecutor.accessTestCaseMainPhase(CommonExecutor.java:65)
	at com.kms.katalon.core.main.TestSuiteExecutor.accessTestSuiteMainPhase(TestSuiteExecutor.java:148)
	at com.kms.katalon.core.main.TestSuiteExecutor.execute(TestSuiteExecutor.java:106)
	at com.kms.katalon.core.main.TestCaseMain.startTestSuite(TestCaseMain.java:187)
	at com.kms.katalon.core.main.TestCaseMain$startTestSuite$0.call(Unknown Source)
	at TempTestSuite1686812760521.run(TempTestSuite1686812760521.groovy:36)
)
[[ATTACHMENT|C:\\Users\\rajeswari.r\\Katalon Studio\\Livesust\\Reports\\20230615_123600\\Sprint 4\\20230615_123600\\1686813484635.png]]

2023-06-15 12:48:05 - [MESSAGE][FAILED] - Unable to verify object 'Object Repository/Page_LiveSust/div_Equipment created successfully' is present (Root cause: com.kms.katalon.core.exception.StepFailedException: Unable to verify object 'Object Repository/Page_LiveSust/div_Equipment created successfully' is present
	at com.kms.katalon.core.webui.keyword.internal.WebUIKeywordMain.stepFailed(WebUIKeywordMain.groovy:64)
	at com.kms.katalon.core.webui.keyword.internal.WebUIKeywordMain.runKeyword(WebUIKeywordMain.groovy:26)
	at com.kms.katalon.core.webui.keyword.builtin.VerifyElementPresentKeyword.verifyElementPresent(VerifyElementPresentKeyword.groovy:92)
	at com.kms.katalon.core.webui.keyword.builtin.VerifyElementPresentKeyword.execute(VerifyElementPresentKeyword.groovy:68)
	at com.kms.katalon.core.keyword.internal.KeywordExecutor.executeKeywordForPlatform(KeywordExecutor.groovy:74)
	at com.kms.katalon.core.webui.keyword.WebUiBuiltInKeywords.verifyElementPresent(WebUiBuiltInKeywords.groovy:1464)
	at com.kms.katalon.core.webui.keyword.WebUiBuiltInKeywords$verifyElementPresent$5.call(Unknown Source)
	at Add equip.run(Add equip:68)
	at com.kms.katalon.core.main.ScriptEngine.run(ScriptEngine.java:194)
	at com.kms.katalon.core.main.ScriptEngine.runScriptAsRawText(ScriptEngine.java:119)
	at com.kms.katalon.core.main.TestCaseExecutor.runScript(TestCaseExecutor.java:448)
	at com.kms.katalon.core.main.TestCaseExecutor.doExecute(TestCaseExecutor.java:439)
	at com.kms.katalon.core.main.TestCaseExecutor.processExecutionPhase(TestCaseExecutor.java:418)
	at com.kms.katalon.core.main.TestCaseExecutor.accessMainPhase(TestCaseExecutor.java:410)
	at com.kms.katalon.core.main.TestCaseExecutor.execute(TestCaseExecutor.java:285)
	at com.kms.katalon.core.main.TestCaseExecutor.execute(TestCaseExecutor.java:369)
	at com.kms.katalon.core.main.TestCaseExecutor.execute(TestCaseExecutor.java:369)
	at com.kms.katalon.core.main.TestCaseExecutor.execute(TestCaseExecutor.java:369)
	at com.kms.katalon.core.common.CommonExecutor.accessTestCaseMainPhase(CommonExecutor.java:65)
	at com.kms.katalon.core.main.TestSuiteExecutor.accessTestSuiteMainPhase(TestSuiteExecutor.java:148)
	at com.kms.katalon.core.main.TestSuiteExecutor.execute(TestSuiteExecutor.java:106)
	at com.kms.katalon.core.main.TestCaseMain.startTestSuite(TestCaseMain.java:187)
	at com.kms.katalon.core.main.TestCaseMain$startTestSuite$0.call(Unknown Source)
	at TempTestSuite1686812760521.run(TempTestSuite1686812760521.groovy:36)
Caused by: com.kms.katalon.core.exception.StepFailedException: com.kms.katalon.core.webui.exception.WebElementNotFoundException: Web element with id: 'Object Repository/Page_LiveSust/div_Equipment created successfully' located by '//div[@id='toast-container']/div/div' not found
	at com.kms.katalon.core.webui.keyword.internal.WebUIKeywordMain.stepFailed(WebUIKeywordMain.groovy:64)
	at com.kms.katalon.core.webui.keyword.builtin.VerifyElementPresentKeyword$_verifyElementPresent_closure1.doCall(VerifyElementPresentKeyword.groovy:85)
	at com.kms.katalon.core.webui.keyword.builtin.VerifyElementPresentKeyword$_verifyElementPresent_closure1.call(VerifyElementPresentKeyword.groovy)
	at com.kms.katalon.core.webui.keyword.internal.WebUIKeywordMain.runKeyword(WebUIKeywordMain.groovy:20)
	... 22 more
)
[[ATTACHMENT|C:\\Users\\rajeswari.r\\Katalon Studio\\Livesust\\Reports\\20230615_123600\\Sprint 4\\20230615_123600\\1686813484843.png]]]]></system-out>
         <system-err><![CDATA[2023-06-15 12:45:14 - [TEST_CASE][FAILED] - Test Cases/Sprint 4/Add equip: Test Cases/Sprint 4/Add equip FAILED.
Reason:
com.kms.katalon.core.exception.StepFailedException: Unable to verify object 'Object Repository/Page_LiveSust/div_Equipment created successfully' is present
	at com.kms.katalon.core.webui.keyword.internal.WebUIKeywordMain.stepFailed(WebUIKeywordMain.groovy:64)
	at com.kms.katalon.core.webui.keyword.internal.WebUIKeywordMain.runKeyword(WebUIKeywordMain.groovy:26)
	at com.kms.katalon.core.webui.keyword.builtin.VerifyElementPresentKeyword.verifyElementPresent(VerifyElementPresentKeyword.groovy:92)
	at com.kms.katalon.core.webui.keyword.builtin.VerifyElementPresentKeyword.execute(VerifyElementPresentKeyword.groovy:68)
	at com.kms.katalon.core.keyword.internal.KeywordExecutor.executeKeywordForPlatform(KeywordExecutor.groovy:74)
	at com.kms.katalon.core.webui.keyword.WebUiBuiltInKeywords.verifyElementPresent(WebUiBuiltInKeywords.groovy:1464)
	at com.kms.katalon.core.webui.keyword.WebUiBuiltInKeywords$verifyElementPresent$5.call(Unknown Source)
	at Add equip.run(Add equip:68)
	at com.kms.katalon.core.main.ScriptEngine.run(ScriptEngine.java:194)
	at com.kms.katalon.core.main.ScriptEngine.runScriptAsRawText(ScriptEngine.java:119)
	at com.kms.katalon.core.main.TestCaseExecutor.runScript(TestCaseExecutor.java:448)
	at com.kms.katalon.core.main.TestCaseExecutor.doExecute(TestCaseExecutor.java:439)
	at com.kms.katalon.core.main.TestCaseExecutor.processExecutionPhase(TestCaseExecutor.java:418)
	at com.kms.katalon.core.main.TestCaseExecutor.accessMainPhase(TestCaseExecutor.java:410)
	at com.kms.katalon.core.main.TestCaseExecutor.execute(TestCaseExecutor.java:285)
	at com.kms.katalon.core.main.TestCaseExecutor.execute(TestCaseExecutor.java:369)
	at com.kms.katalon.core.main.TestCaseExecutor.execute(TestCaseExecutor.java:369)
	at com.kms.katalon.core.main.TestCaseExecutor.execute(TestCaseExecutor.java:369)
	at com.kms.katalon.core.common.CommonExecutor.accessTestCaseMainPhase(CommonExecutor.java:65)
	at com.kms.katalon.core.main.TestSuiteExecutor.accessTestSuiteMainPhase(TestSuiteExecutor.java:148)
	at com.kms.katalon.core.main.TestSuiteExecutor.execute(TestSuiteExecutor.java:106)
	at com.kms.katalon.core.main.TestCaseMain.startTestSuite(TestCaseMain.java:187)
	at com.kms.katalon.core.main.TestCaseMain$startTestSuite$0.call(Unknown Source)
	at TempTestSuite1686812760521.run(TempTestSuite1686812760521.groovy:36)
Caused by: com.kms.katalon.core.exception.StepFailedException: com.kms.katalon.core.webui.exception.WebElementNotFoundException: Web element with id: 'Object Repository/Page_LiveSust/div_Equipment created successfully' located by '//div[@id='toast-container']/div/div' not found
	at com.kms.katalon.core.webui.keyword.internal.WebUIKeywordMain.stepFailed(WebUIKeywordMain.groovy:64)
	at com.kms.katalon.core.webui.keyword.builtin.VerifyElementPresentKeyword$_verifyElementPresent_closure1.doCall(VerifyElementPresentKeyword.groovy:85)
	at com.kms.katalon.core.webui.keyword.builtin.VerifyElementPresentKeyword$_verifyElementPresent_closure1.call(VerifyElementPresentKeyword.groovy)
	at com.kms.katalon.core.webui.keyword.internal.WebUIKeywordMain.runKeyword(WebUIKeywordMain.groovy:20)
	... 22 more]]></system-err>
      </testcase>
      <testcase name="Test Cases/Sprint 4/Add equipment group" time="115.558" classname="Test Cases/Sprint 4/Add equipment group" status="FAILED">
         <failure type="FAILED" message="Test Cases/Sprint 4/Add equipment group FAILED.
Reason:
com.kms.katalon.core.exception.StepFailedException: Unable to click on object 'Object Repository/Page_LiveSust/label_nAMEmcm'
	at com.kms.katalon.core.webui.keyword.internal.WebUIKeywordMain.stepFailed(WebUIKeywordMain.groovy:64)
	at com.kms.katalon.core.webui.keyword.internal.WebUIKeywordMain.runKeyword(WebUIKeywordMain.groovy:26)
	at com.kms.katalon.core.webui.keyword.builtin.ClickKeyword.click(ClickKeyword.groovy:74)
	at com.kms.katalon.core.webui.keyword.builtin.ClickKeyword.execute(ClickKeyword.groovy:40)
	at com.kms.katalon.core.keyword.internal.KeywordExecutor.executeKeywordForPlatform(KeywordExecutor.groovy:74)
	at com.kms.katalon.core.webui.keyword.WebUiBuiltInKeywords.click(WebUiBuiltInKeywords.groovy:620)
	at com.kms.katalon.core.webui.keyword.WebUiBuiltInKeywords$click$4.call(Unknown Source)
	at Add equipment group.run(Add equipment group:44)
	at com.kms.katalon.core.main.ScriptEngine.run(ScriptEngine.java:194)
	at com.kms.katalon.core.main.ScriptEngine.runScriptAsRawText(ScriptEngine.java:119)
	at com.kms.katalon.core.main.TestCaseExecutor.runScript(TestCaseExecutor.java:448)
	at com.kms.katalon.core.main.TestCaseExecutor.doExecute(TestCaseExecutor.java:439)
	at com.kms.katalon.core.main.TestCaseExecutor.processExecutionPhase(TestCaseExecutor.java:418)
	at com.kms.katalon.core.main.TestCaseExecutor.accessMainPhase(TestCaseExecutor.java:410)
	at com.kms.katalon.core.main.TestCaseExecutor.execute(TestCaseExecutor.java:285)
	at com.kms.katalon.core.main.TestCaseExecutor.execute(TestCaseExecutor.java:369)
	at com.kms.katalon.core.main.TestCaseExecutor.execute(TestCaseExecutor.java:369)
	at com.kms.katalon.core.main.TestCaseExecutor.execute(TestCaseExecutor.java:369)
	at com.kms.katalon.core.common.CommonExecutor.accessTestCaseMainPhase(CommonExecutor.java:65)
	at com.kms.katalon.core.main.TestSuiteExecutor.accessTestSuiteMainPhase(TestSuiteExecutor.java:148)
	at com.kms.katalon.core.main.TestSuiteExecutor.execute(TestSuiteExecutor.java:106)
	at com.kms.katalon.core.main.TestCaseMain.startTestSuite(TestCaseMain.java:187)
	at com.kms.katalon.core.main.TestCaseMain$startTestSuite$0.call(Unknown Source)
	at TempTestSuite1686812760521.run(TempTestSuite1686812760521.groovy:36)
Caused by: org.openqa.selenium.ElementNotInteractableException: element not interactable
  (Session info: chrome=114.0.5735.133)
Build info: version: '3.141.59', revision: 'e82be7d358', time: '2018-11-14T08:25:53'
System info: host: 'LAPTOP-OBS-62', ip: '192.168.29.231', os.name: 'Windows 10', os.arch: 'amd64', os.version: '10.0', java.version: '1.8.0_362'
Driver info: com.kms.katalon.selenium.driver.CChromeDriver
Capabilities {acceptInsecureCerts: false, browserName: chrome, browserVersion: 114.0.5735.133, chrome: {chromedriverVersion: 113.0.5672.24 (65f30d4e8051..., userDataDir: C:\Users\RAJESW~1.R\AppData...}, goog:chromeOptions: {debuggerAddress: localhost:54580}, javascriptEnabled: true, networkConnectionEnabled: false, pageLoadStrategy: normal, platform: WINDOWS, platformName: WINDOWS, proxy: Proxy(), setWindowRect: true, strictFileInteractability: false, timeouts: {implicit: 0, pageLoad: 300000, script: 30000}, unhandledPromptBehavior: dismiss and notify, webauthn:extension:credBlob: true, webauthn:extension:largeBlob: true, webauthn:extension:minPinLength: true, webauthn:extension:prf: true, webauthn:virtualAuthenticators: true}
Session ID: 268c7f45a277cd251350ebb9e9f9a8cd
	at org.openqa.selenium.remote.http.W3CHttpResponseCodec.createException(W3CHttpResponseCodec.java:187)
	at org.openqa.selenium.remote.http.W3CHttpResponseCodec.decode(W3CHttpResponseCodec.java:122)
	at org.openqa.selenium.remote.http.W3CHttpResponseCodec.decode(W3CHttpResponseCodec.java:49)
	at org.openqa.selenium.remote.HttpCommandExecutor.execute(HttpCommandExecutor.java:158)
	at org.openqa.selenium.remote.service.DriverCommandExecutor.execute(DriverCommandExecutor.java:83)
	at org.openqa.selenium.remote.RemoteWebDriver.execute(RemoteWebDriver.java:552)
	at com.kms.katalon.selenium.driver.CChromeDriver.execute(CChromeDriver.java:19)
	at org.openqa.selenium.remote.RemoteWebElement.execute(RemoteWebElement.java:285)
	at org.openqa.selenium.remote.RemoteWebElement.click(RemoteWebElement.java:84)
	at org.openqa.selenium.support.events.EventFiringWebDriver$EventFiringWebElement.lambda$new$0(EventFiringWebDriver.java:404)
	at com.sun.proxy.$Proxy11.click(Unknown Source)
	at org.openqa.selenium.support.events.EventFiringWebDriver$EventFiringWebElement.click(EventFiringWebDriver.java:417)
	at org.openqa.selenium.WebElement$click.call(Unknown Source)
	at com.kms.katalon.core.webui.keyword.builtin.ClickKeyword.clickUntilSuccessWithTimeout(ClickKeyword.groovy:81)
	at com.kms.katalon.core.webui.keyword.builtin.ClickKeyword.clickUntilSuccessWithTimeout(ClickKeyword.groovy)
	at com.kms.katalon.core.webui.keyword.builtin.ClickKeyword$_click_closure1.doCall(ClickKeyword.groovy:67)
	at com.kms.katalon.core.webui.keyword.builtin.ClickKeyword$_click_closure1.call(ClickKeyword.groovy)
	at com.kms.katalon.core.webui.keyword.internal.WebUIKeywordMain.runKeyword(WebUIKeywordMain.groovy:20)
	... 22 more
"/>
         <system-out><![CDATA[2023-06-15 12:53:49 - [TEST_CASE][FAILED] - Test Cases/Sprint 4/Add equipment group: Test Cases/Sprint 4/Add equipment group FAILED.
Reason:
com.kms.katalon.core.exception.StepFailedException: Unable to click on object 'Object Repository/Page_LiveSust/label_nAMEmcm'
	at com.kms.katalon.core.webui.keyword.internal.WebUIKeywordMain.stepFailed(WebUIKeywordMain.groovy:64)
	at com.kms.katalon.core.webui.keyword.internal.WebUIKeywordMain.runKeyword(WebUIKeywordMain.groovy:26)
	at com.kms.katalon.core.webui.keyword.builtin.ClickKeyword.click(ClickKeyword.groovy:74)
	at com.kms.katalon.core.webui.keyword.builtin.ClickKeyword.execute(ClickKeyword.groovy:40)
	at com.kms.katalon.core.keyword.internal.KeywordExecutor.executeKeywordForPlatform(KeywordExecutor.groovy:74)
	at com.kms.katalon.core.webui.keyword.WebUiBuiltInKeywords.click(WebUiBuiltInKeywords.groovy:620)
	at com.kms.katalon.core.webui.keyword.WebUiBuiltInKeywords$click$4.call(Unknown Source)
	at Add equipment group.run(Add equipment group:44)
	at com.kms.katalon.core.main.ScriptEngine.run(ScriptEngine.java:194)
	at com.kms.katalon.core.main.ScriptEngine.runScriptAsRawText(ScriptEngine.java:119)
	at com.kms.katalon.core.main.TestCaseExecutor.runScript(TestCaseExecutor.java:448)
	at com.kms.katalon.core.main.TestCaseExecutor.doExecute(TestCaseExecutor.java:439)
	at com.kms.katalon.core.main.TestCaseExecutor.processExecutionPhase(TestCaseExecutor.java:418)
	at com.kms.katalon.core.main.TestCaseExecutor.accessMainPhase(TestCaseExecutor.java:410)
	at com.kms.katalon.core.main.TestCaseExecutor.execute(TestCaseExecutor.java:285)
	at com.kms.katalon.core.main.TestCaseExecutor.execute(TestCaseExecutor.java:369)
	at com.kms.katalon.core.main.TestCaseExecutor.execute(TestCaseExecutor.java:369)
	at com.kms.katalon.core.main.TestCaseExecutor.execute(TestCaseExecutor.java:369)
	at com.kms.katalon.core.common.CommonExecutor.accessTestCaseMainPhase(CommonExecutor.java:65)
	at com.kms.katalon.core.main.TestSuiteExecutor.accessTestSuiteMainPhase(TestSuiteExecutor.java:148)
	at com.kms.katalon.core.main.TestSuiteExecutor.execute(TestSuiteExecutor.java:106)
	at com.kms.katalon.core.main.TestCaseMain.startTestSuite(TestCaseMain.java:187)
	at com.kms.katalon.core.main.TestCaseMain$startTestSuite$0.call(Unknown Source)
	at TempTestSuite1686812760521.run(TempTestSuite1686812760521.groovy:36)
Caused by: org.openqa.selenium.ElementNotInteractableException: element not interactable
  (Session info: chrome=114.0.5735.133)
Build info: version: '3.141.59', revision: 'e82be7d358', time: '2018-11-14T08:25:53'
System info: host: 'LAPTOP-OBS-62', ip: '192.168.29.231', os.name: 'Windows 10', os.arch: 'amd64', os.version: '10.0', java.version: '1.8.0_362'
Driver info: com.kms.katalon.selenium.driver.CChromeDriver
Capabilities {acceptInsecureCerts: false, browserName: chrome, browserVersion: 114.0.5735.133, chrome: {chromedriverVersion: 113.0.5672.24 (65f30d4e8051..., userDataDir: C:\Users\RAJESW~1.R\AppData...}, goog:chromeOptions: {debuggerAddress: localhost:54580}, javascriptEnabled: true, networkConnectionEnabled: false, pageLoadStrategy: normal, platform: WINDOWS, platformName: WINDOWS, proxy: Proxy(), setWindowRect: true, strictFileInteractability: false, timeouts: {implicit: 0, pageLoad: 300000, script: 30000}, unhandledPromptBehavior: dismiss and notify, webauthn:extension:credBlob: true, webauthn:extension:largeBlob: true, webauthn:extension:minPinLength: true, webauthn:extension:prf: true, webauthn:virtualAuthenticators: true}
Session ID: 268c7f45a277cd251350ebb9e9f9a8cd
	at org.openqa.selenium.remote.http.W3CHttpResponseCodec.createException(W3CHttpResponseCodec.java:187)
	at org.openqa.selenium.remote.http.W3CHttpResponseCodec.decode(W3CHttpResponseCodec.java:122)
	at org.openqa.selenium.remote.http.W3CHttpResponseCodec.decode(W3CHttpResponseCodec.java:49)
	at org.openqa.selenium.remote.HttpCommandExecutor.execute(HttpCommandExecutor.java:158)
	at org.openqa.selenium.remote.service.DriverCommandExecutor.execute(DriverCommandExecutor.java:83)
	at org.openqa.selenium.remote.RemoteWebDriver.execute(RemoteWebDriver.java:552)
	at com.kms.katalon.selenium.driver.CChromeDriver.execute(CChromeDriver.java:19)
	at org.openqa.selenium.remote.RemoteWebElement.execute(RemoteWebElement.java:285)
	at org.openqa.selenium.remote.RemoteWebElement.click(RemoteWebElement.java:84)
	at org.openqa.selenium.support.events.EventFiringWebDriver$EventFiringWebElement.lambda$new$0(EventFiringWebDriver.java:404)
	at com.sun.proxy.$Proxy11.click(Unknown Source)
	at org.openqa.selenium.support.events.EventFiringWebDriver$EventFiringWebElement.click(EventFiringWebDriver.java:417)
	at org.openqa.selenium.WebElement$click.call(Unknown Source)
	at com.kms.katalon.core.webui.keyword.builtin.ClickKeyword.clickUntilSuccessWithTimeout(ClickKeyword.groovy:81)
	at com.kms.katalon.core.webui.keyword.builtin.ClickKeyword.clickUntilSuccessWithTimeout(ClickKeyword.groovy)
	at com.kms.katalon.core.webui.keyword.builtin.ClickKeyword$_click_closure1.doCall(ClickKeyword.groovy:67)
	at com.kms.katalon.core.webui.keyword.builtin.ClickKeyword$_click_closure1.call(ClickKeyword.groovy)
	at com.kms.katalon.core.webui.keyword.internal.WebUIKeywordMain.runKeyword(WebUIKeywordMain.groovy:20)
	... 22 more


2023-06-15 12:53:50 - [TEST_STEP][PASSED] - openBrowser(""): Browser is opened with url: ''

2023-06-15 12:53:50 - [MESSAGE][WARNING] - A browser is already opened. Closing browser and opening a new one

2023-06-15 12:53:51 - [MESSAGE][INFO] - Starting 'Chrome' driver

2023-06-15 12:53:51 - [MESSAGE][INFO] - Action delay is set to 0 milliseconds

2023-06-15 12:53:56 - [MESSAGE][PASSED] - Browser is opened with url: ''

2023-06-15 12:53:56 - [TEST_STEP][PASSED] - navigateToUrl("https://livesust-test-web.optisolbusiness.com/login"): Navigate to 'https://livesust-test-web.optisolbusiness.com/login' successfully

2023-06-15 12:54:00 - [MESSAGE][PASSED] - Navigate to 'https://livesust-test-web.optisolbusiness.com/login' successfully

2023-06-15 12:54:00 - [TEST_STEP][PASSED] - maximizeWindow(): Current window maximized

2023-06-15 12:54:00 - [MESSAGE][PASSED] - Current window maximized

2023-06-15 12:54:00 - [TEST_STEP][PASSED] - setText(findTestObject("Object Repository/Page_LiveSust/input_Provider Log In_Username  E-Mail Address"), "Sachin@yopmail.com"): Text 'Sachin@yopmail.com' is set on object 'Object Repository/Page_LiveSust/input_Provider Log In_Username  E-Mail Address'

2023-06-15 12:54:01 - [MESSAGE][PASSED] - Text 'Sachin@yopmail.com' is set on object 'Object Repository/Page_LiveSust/input_Provider Log In_Username  E-Mail Address'

2023-06-15 12:54:01 - [TEST_STEP][PASSED] - setEncryptedText(findTestObject("Object Repository/Page_LiveSust/input_Username  E-Mail Address_Password"), "+p0xE3Qc9agwqAa4cuTULg=="): Text ****** has been set on object 'Object Repository/Page_LiveSust/input_Username  E-Mail Address_Password'

2023-06-15 12:54:02 - [MESSAGE][PASSED] - Text ****** has been set on object 'Object Repository/Page_LiveSust/input_Username  E-Mail Address_Password'

2023-06-15 12:54:02 - [TEST_STEP][PASSED] - click(findTestObject("Object Repository/Page_LiveSust/button_Log In")): Object: 'Object Repository/Page_LiveSust/button_Log In' is clicked on

2023-06-15 12:54:02 - [MESSAGE][PASSED] - Object: 'Object Repository/Page_LiveSust/button_Log In' is clicked on

2023-06-15 12:54:02 - [TEST_STEP][PASSED] - click(findTestObject("Object Repository/Page_LiveSust/span_Equipment")): Object: 'Object Repository/Page_LiveSust/span_Equipment' is clicked on

2023-06-15 12:54:05 - [MESSAGE][PASSED] - Object: 'Object Repository/Page_LiveSust/span_Equipment' is clicked on

2023-06-15 12:54:05 - [TEST_STEP][PASSED] - click(findTestObject("Object Repository/Page_LiveSust/span_Equipment Groups")): Object: 'Object Repository/Page_LiveSust/span_Equipment Groups' is clicked on

2023-06-15 12:54:06 - [MESSAGE][PASSED] - Object: 'Object Repository/Page_LiveSust/span_Equipment Groups' is clicked on

2023-06-15 12:54:06 - [TEST_STEP][PASSED] - click(findTestObject("Object Repository/Page_LiveSust/button_Add Equipment Group")): Object: 'Object Repository/Page_LiveSust/button_Add Equipment Group' is clicked on

2023-06-15 12:54:38 - [MESSAGE][INFO] - Unable to find the element located by 'By.xpath: //div[@id='nav-group']/app-equipment-group/div/div/div/ul/li[3]/button'. Please recheck the objects properties to make sure the desired element is located. 

2023-06-15 12:54:38 - [MESSAGE][WARNING] - [SELF-HEALING] Failed to find element with id 'Object Repository/Page_LiveSust/button_Add Equipment Group'. Try using Self-healing.

2023-06-15 12:54:38 - [MESSAGE][WARNING] - [SELF-HEALING] The current locator of test object 'Object Repository/Page_LiveSust/button_Add Equipment Group' was broken. Propose an alternative one: '(.//*[normalize-space(text()) and normalize-space(.)='Archived'])[5]/following::button[1]'.

2023-06-15 12:54:38 - [MESSAGE][PASSED] - Object: 'Object Repository/Page_LiveSust/button_Add Equipment Group' is clicked on

2023-06-15 12:54:38 - [TEST_STEP][PASSED] - setText(findTestObject("Object Repository/Page_LiveSust/input_Archived_Equipment Group Name"), "MyEquip"): Text 'MyEquip' is set on object 'Object Repository/Page_LiveSust/input_Archived_Equipment Group Name'

2023-06-15 12:54:40 - [MESSAGE][PASSED] - Text 'MyEquip' is set on object 'Object Repository/Page_LiveSust/input_Archived_Equipment Group Name'

2023-06-15 12:54:40 - [TEST_STEP][PASSED] - setText(findTestObject("Object Repository/Page_LiveSust/textarea_Equipment Group Name_Notes"), "Notes about the equip"): Text 'Notes about the equip' is set on object 'Object Repository/Page_LiveSust/textarea_Equipment Group Name_Notes'

2023-06-15 12:55:12 - [MESSAGE][INFO] - Unable to find the element located by 'By.xpath: //textarea[@id='Notes']'. Please recheck the objects properties to make sure the desired element is located. 

2023-06-15 12:55:12 - [MESSAGE][WARNING] - [SELF-HEALING] Failed to find element with id 'Object Repository/Page_LiveSust/textarea_Equipment Group Name_Notes'. Try using Self-healing.

2023-06-15 12:55:12 - [MESSAGE][WARNING] - [SELF-HEALING] The current locator of test object 'Object Repository/Page_LiveSust/textarea_Equipment Group Name_Notes' was broken. Propose an alternative one: '//textarea'.

2023-06-15 12:55:43 - [MESSAGE][INFO] - Unable to find the element located by 'By.xpath: //textarea[@id='Notes']'. Please recheck the objects properties to make sure the desired element is located. 

2023-06-15 12:55:43 - [MESSAGE][WARNING] - [SELF-HEALING] Failed to find element with id 'Object Repository/Page_LiveSust/textarea_Equipment Group Name_Notes'. Try using Self-healing.

2023-06-15 12:55:44 - [MESSAGE][WARNING] - [SELF-HEALING] The current locator of test object 'Object Repository/Page_LiveSust/textarea_Equipment Group Name_Notes' was broken. Propose an alternative one: '//textarea'.

2023-06-15 12:55:44 - [MESSAGE][PASSED] - Text 'Notes about the equip' is set on object 'Object Repository/Page_LiveSust/textarea_Equipment Group Name_Notes'

2023-06-15 12:55:44 - [TEST_STEP][PASSED] - click(findTestObject("Object Repository/Page_LiveSust/span_Assign Equipment")): Object: 'Object Repository/Page_LiveSust/span_Assign Equipment' is clicked on

2023-06-15 12:55:44 - [MESSAGE][PASSED] - Object: 'Object Repository/Page_LiveSust/span_Assign Equipment' is clicked on

2023-06-15 12:55:44 - [TEST_STEP][FAILED] - click(findTestObject("Object Repository/Page_LiveSust/label_nAMEmcm")): Unable to click on object 'Object Repository/Page_LiveSust/label_nAMEmcm' (Root cause: com.kms.katalon.core.exception.StepFailedException: Unable to click on object 'Object Repository/Page_LiveSust/label_nAMEmcm'
	at com.kms.katalon.core.webui.keyword.internal.WebUIKeywordMain.stepFailed(WebUIKeywordMain.groovy:64)
	at com.kms.katalon.core.webui.keyword.internal.WebUIKeywordMain.runKeyword(WebUIKeywordMain.groovy:26)
	at com.kms.katalon.core.webui.keyword.builtin.ClickKeyword.click(ClickKeyword.groovy:74)
	at com.kms.katalon.core.webui.keyword.builtin.ClickKeyword.execute(ClickKeyword.groovy:40)
	at com.kms.katalon.core.keyword.internal.KeywordExecutor.executeKeywordForPlatform(KeywordExecutor.groovy:74)
	at com.kms.katalon.core.webui.keyword.WebUiBuiltInKeywords.click(WebUiBuiltInKeywords.groovy:620)
	at com.kms.katalon.core.webui.keyword.WebUiBuiltInKeywords$click$4.call(Unknown Source)
	at Add equipment group.run(Add equipment group:44)
	at com.kms.katalon.core.main.ScriptEngine.run(ScriptEngine.java:194)
	at com.kms.katalon.core.main.ScriptEngine.runScriptAsRawText(ScriptEngine.java:119)
	at com.kms.katalon.core.main.TestCaseExecutor.runScript(TestCaseExecutor.java:448)
	at com.kms.katalon.core.main.TestCaseExecutor.doExecute(TestCaseExecutor.java:439)
	at com.kms.katalon.core.main.TestCaseExecutor.processExecutionPhase(TestCaseExecutor.java:418)
	at com.kms.katalon.core.main.TestCaseExecutor.accessMainPhase(TestCaseExecutor.java:410)
	at com.kms.katalon.core.main.TestCaseExecutor.execute(TestCaseExecutor.java:285)
	at com.kms.katalon.core.main.TestCaseExecutor.execute(TestCaseExecutor.java:369)
	at com.kms.katalon.core.main.TestCaseExecutor.execute(TestCaseExecutor.java:369)
	at com.kms.katalon.core.main.TestCaseExecutor.execute(TestCaseExecutor.java:369)
	at com.kms.katalon.core.common.CommonExecutor.accessTestCaseMainPhase(CommonExecutor.java:65)
	at com.kms.katalon.core.main.TestSuiteExecutor.accessTestSuiteMainPhase(TestSuiteExecutor.java:148)
	at com.kms.katalon.core.main.TestSuiteExecutor.execute(TestSuiteExecutor.java:106)
	at com.kms.katalon.core.main.TestCaseMain.startTestSuite(TestCaseMain.java:187)
	at com.kms.katalon.core.main.TestCaseMain$startTestSuite$0.call(Unknown Source)
	at TempTestSuite1686812760521.run(TempTestSuite1686812760521.groovy:36)
Caused by: org.openqa.selenium.ElementNotInteractableException: element not interactable
  (Session info: chrome=114.0.5735.133)
Build info: version: '3.141.59', revision: 'e82be7d358', time: '2018-11-14T08:25:53'
System info: host: 'LAPTOP-OBS-62', ip: '192.168.29.231', os.name: 'Windows 10', os.arch: 'amd64', os.version: '10.0', java.version: '1.8.0_362'
Driver info: com.kms.katalon.selenium.driver.CChromeDriver
Capabilities {acceptInsecureCerts: false, browserName: chrome, browserVersion: 114.0.5735.133, chrome: {chromedriverVersion: 113.0.5672.24 (65f30d4e8051..., userDataDir: C:\Users\RAJESW~1.R\AppData...}, goog:chromeOptions: {debuggerAddress: localhost:54580}, javascriptEnabled: true, networkConnectionEnabled: false, pageLoadStrategy: normal, platform: WINDOWS, platformName: WINDOWS, proxy: Proxy(), setWindowRect: true, strictFileInteractability: false, timeouts: {implicit: 0, pageLoad: 300000, script: 30000}, unhandledPromptBehavior: dismiss and notify, webauthn:extension:credBlob: true, webauthn:extension:largeBlob: true, webauthn:extension:minPinLength: true, webauthn:extension:prf: true, webauthn:virtualAuthenticators: true}
Session ID: 268c7f45a277cd251350ebb9e9f9a8cd
	at org.openqa.selenium.remote.http.W3CHttpResponseCodec.createException(W3CHttpResponseCodec.java:187)
	at org.openqa.selenium.remote.http.W3CHttpResponseCodec.decode(W3CHttpResponseCodec.java:122)
	at org.openqa.selenium.remote.http.W3CHttpResponseCodec.decode(W3CHttpResponseCodec.java:49)
	at org.openqa.selenium.remote.HttpCommandExecutor.execute(HttpCommandExecutor.java:158)
	at org.openqa.selenium.remote.service.DriverCommandExecutor.execute(DriverCommandExecutor.java:83)
	at org.openqa.selenium.remote.RemoteWebDriver.execute(RemoteWebDriver.java:552)
	at com.kms.katalon.selenium.driver.CChromeDriver.execute(CChromeDriver.java:19)
	at org.openqa.selenium.remote.RemoteWebElement.execute(RemoteWebElement.java:285)
	at org.openqa.selenium.remote.RemoteWebElement.click(RemoteWebElement.java:84)
	at org.openqa.selenium.support.events.EventFiringWebDriver$EventFiringWebElement.lambda$new$0(EventFiringWebDriver.java:404)
	at com.sun.proxy.$Proxy11.click(Unknown Source)
	at org.openqa.selenium.support.events.EventFiringWebDriver$EventFiringWebElement.click(EventFiringWebDriver.java:417)
	at org.openqa.selenium.WebElement$click.call(Unknown Source)
	at com.kms.katalon.core.webui.keyword.builtin.ClickKeyword.clickUntilSuccessWithTimeout(ClickKeyword.groovy:81)
	at com.kms.katalon.core.webui.keyword.builtin.ClickKeyword.clickUntilSuccessWithTimeout(ClickKeyword.groovy)
	at com.kms.katalon.core.webui.keyword.builtin.ClickKeyword$_click_closure1.doCall(ClickKeyword.groovy:67)
	at com.kms.katalon.core.webui.keyword.builtin.ClickKeyword$_click_closure1.call(ClickKeyword.groovy)
	at com.kms.katalon.core.webui.keyword.internal.WebUIKeywordMain.runKeyword(WebUIKeywordMain.groovy:20)
	at com.kms.katalon.core.webui.keyword.builtin.ClickKeyword.click(ClickKeyword.groovy:74)
	at com.kms.katalon.core.webui.keyword.builtin.ClickKeyword.execute(ClickKeyword.groovy:40)
	at com.kms.katalon.core.keyword.internal.KeywordExecutor.executeKeywordForPlatform(KeywordExecutor.groovy:74)
	at com.kms.katalon.core.webui.keyword.WebUiBuiltInKeywords.click(WebUiBuiltInKeywords.groovy:620)
	at com.kms.katalon.core.webui.keyword.WebUiBuiltInKeywords$click$4.call(Unknown Source)
	at Script1684478279090.run(Script1684478279090.groovy:44)
	... 16 more
)

2023-06-15 12:55:45 - [MESSAGE][FAILED] - Unable to click on object 'Object Repository/Page_LiveSust/label_nAMEmcm' (Root cause: com.kms.katalon.core.exception.StepFailedException: Unable to click on object 'Object Repository/Page_LiveSust/label_nAMEmcm'
	at com.kms.katalon.core.webui.keyword.internal.WebUIKeywordMain.stepFailed(WebUIKeywordMain.groovy:64)
	at com.kms.katalon.core.webui.keyword.internal.WebUIKeywordMain.runKeyword(WebUIKeywordMain.groovy:26)
	at com.kms.katalon.core.webui.keyword.builtin.ClickKeyword.click(ClickKeyword.groovy:74)
	at com.kms.katalon.core.webui.keyword.builtin.ClickKeyword.execute(ClickKeyword.groovy:40)
	at com.kms.katalon.core.keyword.internal.KeywordExecutor.executeKeywordForPlatform(KeywordExecutor.groovy:74)
	at com.kms.katalon.core.webui.keyword.WebUiBuiltInKeywords.click(WebUiBuiltInKeywords.groovy:620)
	at com.kms.katalon.core.webui.keyword.WebUiBuiltInKeywords$click$4.call(Unknown Source)
	at Add equipment group.run(Add equipment group:44)
	at com.kms.katalon.core.main.ScriptEngine.run(ScriptEngine.java:194)
	at com.kms.katalon.core.main.ScriptEngine.runScriptAsRawText(ScriptEngine.java:119)
	at com.kms.katalon.core.main.TestCaseExecutor.runScript(TestCaseExecutor.java:448)
	at com.kms.katalon.core.main.TestCaseExecutor.doExecute(TestCaseExecutor.java:439)
	at com.kms.katalon.core.main.TestCaseExecutor.processExecutionPhase(TestCaseExecutor.java:418)
	at com.kms.katalon.core.main.TestCaseExecutor.accessMainPhase(TestCaseExecutor.java:410)
	at com.kms.katalon.core.main.TestCaseExecutor.execute(TestCaseExecutor.java:285)
	at com.kms.katalon.core.main.TestCaseExecutor.execute(TestCaseExecutor.java:369)
	at com.kms.katalon.core.main.TestCaseExecutor.execute(TestCaseExecutor.java:369)
	at com.kms.katalon.core.main.TestCaseExecutor.execute(TestCaseExecutor.java:369)
	at com.kms.katalon.core.common.CommonExecutor.accessTestCaseMainPhase(CommonExecutor.java:65)
	at com.kms.katalon.core.main.TestSuiteExecutor.accessTestSuiteMainPhase(TestSuiteExecutor.java:148)
	at com.kms.katalon.core.main.TestSuiteExecutor.execute(TestSuiteExecutor.java:106)
	at com.kms.katalon.core.main.TestCaseMain.startTestSuite(TestCaseMain.java:187)
	at com.kms.katalon.core.main.TestCaseMain$startTestSuite$0.call(Unknown Source)
	at TempTestSuite1686812760521.run(TempTestSuite1686812760521.groovy:36)
Caused by: org.openqa.selenium.ElementNotInteractableException: element not interactable
  (Session info: chrome=114.0.5735.133)
Build info: version: '3.141.59', revision: 'e82be7d358', time: '2018-11-14T08:25:53'
System info: host: 'LAPTOP-OBS-62', ip: '192.168.29.231', os.name: 'Windows 10', os.arch: 'amd64', os.version: '10.0', java.version: '1.8.0_362'
Driver info: com.kms.katalon.selenium.driver.CChromeDriver
Capabilities {acceptInsecureCerts: false, browserName: chrome, browserVersion: 114.0.5735.133, chrome: {chromedriverVersion: 113.0.5672.24 (65f30d4e8051..., userDataDir: C:\Users\RAJESW~1.R\AppData...}, goog:chromeOptions: {debuggerAddress: localhost:54580}, javascriptEnabled: true, networkConnectionEnabled: false, pageLoadStrategy: normal, platform: WINDOWS, platformName: WINDOWS, proxy: Proxy(), setWindowRect: true, strictFileInteractability: false, timeouts: {implicit: 0, pageLoad: 300000, script: 30000}, unhandledPromptBehavior: dismiss and notify, webauthn:extension:credBlob: true, webauthn:extension:largeBlob: true, webauthn:extension:minPinLength: true, webauthn:extension:prf: true, webauthn:virtualAuthenticators: true}
Session ID: 268c7f45a277cd251350ebb9e9f9a8cd
	at org.openqa.selenium.remote.http.W3CHttpResponseCodec.createException(W3CHttpResponseCodec.java:187)
	at org.openqa.selenium.remote.http.W3CHttpResponseCodec.decode(W3CHttpResponseCodec.java:122)
	at org.openqa.selenium.remote.http.W3CHttpResponseCodec.decode(W3CHttpResponseCodec.java:49)
	at org.openqa.selenium.remote.HttpCommandExecutor.execute(HttpCommandExecutor.java:158)
	at org.openqa.selenium.remote.service.DriverCommandExecutor.execute(DriverCommandExecutor.java:83)
	at org.openqa.selenium.remote.RemoteWebDriver.execute(RemoteWebDriver.java:552)
	at com.kms.katalon.selenium.driver.CChromeDriver.execute(CChromeDriver.java:19)
	at org.openqa.selenium.remote.RemoteWebElement.execute(RemoteWebElement.java:285)
	at org.openqa.selenium.remote.RemoteWebElement.click(RemoteWebElement.java:84)
	at org.openqa.selenium.support.events.EventFiringWebDriver$EventFiringWebElement.lambda$new$0(EventFiringWebDriver.java:404)
	at com.sun.proxy.$Proxy11.click(Unknown Source)
	at org.openqa.selenium.support.events.EventFiringWebDriver$EventFiringWebElement.click(EventFiringWebDriver.java:417)
	at org.openqa.selenium.WebElement$click.call(Unknown Source)
	at com.kms.katalon.core.webui.keyword.builtin.ClickKeyword.clickUntilSuccessWithTimeout(ClickKeyword.groovy:81)
	at com.kms.katalon.core.webui.keyword.builtin.ClickKeyword.clickUntilSuccessWithTimeout(ClickKeyword.groovy)
	at com.kms.katalon.core.webui.keyword.builtin.ClickKeyword$_click_closure1.doCall(ClickKeyword.groovy:67)
	at com.kms.katalon.core.webui.keyword.builtin.ClickKeyword$_click_closure1.call(ClickKeyword.groovy)
	at com.kms.katalon.core.webui.keyword.internal.WebUIKeywordMain.runKeyword(WebUIKeywordMain.groovy:20)
	at com.kms.katalon.core.webui.keyword.builtin.ClickKeyword.click(ClickKeyword.groovy:74)
	at com.kms.katalon.core.webui.keyword.builtin.ClickKeyword.execute(ClickKeyword.groovy:40)
	at com.kms.katalon.core.keyword.internal.KeywordExecutor.executeKeywordForPlatform(KeywordExecutor.groovy:74)
	at com.kms.katalon.core.webui.keyword.WebUiBuiltInKeywords.click(WebUiBuiltInKeywords.groovy:620)
	at com.kms.katalon.core.webui.keyword.WebUiBuiltInKeywords$click$4.call(Unknown Source)
	at Script1684478279090.run(Script1684478279090.groovy:44)
	... 16 more
)
[[ATTACHMENT|C:\\Users\\rajeswari.r\\Katalon Studio\\Livesust\\Reports\\20230615_123600\\Sprint 4\\20230615_123600\\1686813945283.png]]]]></system-out>
         <system-err><![CDATA[2023-06-15 12:53:49 - [TEST_CASE][FAILED] - Test Cases/Sprint 4/Add equipment group: Test Cases/Sprint 4/Add equipment group FAILED.
Reason:
com.kms.katalon.core.exception.StepFailedException: Unable to click on object 'Object Repository/Page_LiveSust/label_nAMEmcm'
	at com.kms.katalon.core.webui.keyword.internal.WebUIKeywordMain.stepFailed(WebUIKeywordMain.groovy:64)
	at com.kms.katalon.core.webui.keyword.internal.WebUIKeywordMain.runKeyword(WebUIKeywordMain.groovy:26)
	at com.kms.katalon.core.webui.keyword.builtin.ClickKeyword.click(ClickKeyword.groovy:74)
	at com.kms.katalon.core.webui.keyword.builtin.ClickKeyword.execute(ClickKeyword.groovy:40)
	at com.kms.katalon.core.keyword.internal.KeywordExecutor.executeKeywordForPlatform(KeywordExecutor.groovy:74)
	at com.kms.katalon.core.webui.keyword.WebUiBuiltInKeywords.click(WebUiBuiltInKeywords.groovy:620)
	at com.kms.katalon.core.webui.keyword.WebUiBuiltInKeywords$click$4.call(Unknown Source)
	at Add equipment group.run(Add equipment group:44)
	at com.kms.katalon.core.main.ScriptEngine.run(ScriptEngine.java:194)
	at com.kms.katalon.core.main.ScriptEngine.runScriptAsRawText(ScriptEngine.java:119)
	at com.kms.katalon.core.main.TestCaseExecutor.runScript(TestCaseExecutor.java:448)
	at com.kms.katalon.core.main.TestCaseExecutor.doExecute(TestCaseExecutor.java:439)
	at com.kms.katalon.core.main.TestCaseExecutor.processExecutionPhase(TestCaseExecutor.java:418)
	at com.kms.katalon.core.main.TestCaseExecutor.accessMainPhase(TestCaseExecutor.java:410)
	at com.kms.katalon.core.main.TestCaseExecutor.execute(TestCaseExecutor.java:285)
	at com.kms.katalon.core.main.TestCaseExecutor.execute(TestCaseExecutor.java:369)
	at com.kms.katalon.core.main.TestCaseExecutor.execute(TestCaseExecutor.java:369)
	at com.kms.katalon.core.main.TestCaseExecutor.execute(TestCaseExecutor.java:369)
	at com.kms.katalon.core.common.CommonExecutor.accessTestCaseMainPhase(CommonExecutor.java:65)
	at com.kms.katalon.core.main.TestSuiteExecutor.accessTestSuiteMainPhase(TestSuiteExecutor.java:148)
	at com.kms.katalon.core.main.TestSuiteExecutor.execute(TestSuiteExecutor.java:106)
	at com.kms.katalon.core.main.TestCaseMain.startTestSuite(TestCaseMain.java:187)
	at com.kms.katalon.core.main.TestCaseMain$startTestSuite$0.call(Unknown Source)
	at TempTestSuite1686812760521.run(TempTestSuite1686812760521.groovy:36)
Caused by: org.openqa.selenium.ElementNotInteractableException: element not interactable
  (Session info: chrome=114.0.5735.133)
Build info: version: '3.141.59', revision: 'e82be7d358', time: '2018-11-14T08:25:53'
System info: host: 'LAPTOP-OBS-62', ip: '192.168.29.231', os.name: 'Windows 10', os.arch: 'amd64', os.version: '10.0', java.version: '1.8.0_362'
Driver info: com.kms.katalon.selenium.driver.CChromeDriver
Capabilities {acceptInsecureCerts: false, browserName: chrome, browserVersion: 114.0.5735.133, chrome: {chromedriverVersion: 113.0.5672.24 (65f30d4e8051..., userDataDir: C:\Users\RAJESW~1.R\AppData...}, goog:chromeOptions: {debuggerAddress: localhost:54580}, javascriptEnabled: true, networkConnectionEnabled: false, pageLoadStrategy: normal, platform: WINDOWS, platformName: WINDOWS, proxy: Proxy(), setWindowRect: true, strictFileInteractability: false, timeouts: {implicit: 0, pageLoad: 300000, script: 30000}, unhandledPromptBehavior: dismiss and notify, webauthn:extension:credBlob: true, webauthn:extension:largeBlob: true, webauthn:extension:minPinLength: true, webauthn:extension:prf: true, webauthn:virtualAuthenticators: true}
Session ID: 268c7f45a277cd251350ebb9e9f9a8cd
	at org.openqa.selenium.remote.http.W3CHttpResponseCodec.createException(W3CHttpResponseCodec.java:187)
	at org.openqa.selenium.remote.http.W3CHttpResponseCodec.decode(W3CHttpResponseCodec.java:122)
	at org.openqa.selenium.remote.http.W3CHttpResponseCodec.decode(W3CHttpResponseCodec.java:49)
	at org.openqa.selenium.remote.HttpCommandExecutor.execute(HttpCommandExecutor.java:158)
	at org.openqa.selenium.remote.service.DriverCommandExecutor.execute(DriverCommandExecutor.java:83)
	at org.openqa.selenium.remote.RemoteWebDriver.execute(RemoteWebDriver.java:552)
	at com.kms.katalon.selenium.driver.CChromeDriver.execute(CChromeDriver.java:19)
	at org.openqa.selenium.remote.RemoteWebElement.execute(RemoteWebElement.java:285)
	at org.openqa.selenium.remote.RemoteWebElement.click(RemoteWebElement.java:84)
	at org.openqa.selenium.support.events.EventFiringWebDriver$EventFiringWebElement.lambda$new$0(EventFiringWebDriver.java:404)
	at com.sun.proxy.$Proxy11.click(Unknown Source)
	at org.openqa.selenium.support.events.EventFiringWebDriver$EventFiringWebElement.click(EventFiringWebDriver.java:417)
	at org.openqa.selenium.WebElement$click.call(Unknown Source)
	at com.kms.katalon.core.webui.keyword.builtin.ClickKeyword.clickUntilSuccessWithTimeout(ClickKeyword.groovy:81)
	at com.kms.katalon.core.webui.keyword.builtin.ClickKeyword.clickUntilSuccessWithTimeout(ClickKeyword.groovy)
	at com.kms.katalon.core.webui.keyword.builtin.ClickKeyword$_click_closure1.doCall(ClickKeyword.groovy:67)
	at com.kms.katalon.core.webui.keyword.builtin.ClickKeyword$_click_closure1.call(ClickKeyword.groovy)
	at com.kms.katalon.core.webui.keyword.internal.WebUIKeywordMain.runKeyword(WebUIKeywordMain.groovy:20)
	... 22 more]]></system-err>
      </testcase>
      <testcase name="Test Cases/Sprint 4/Archive equip" time="50.987" classname="Test Cases/Sprint 4/Archive equip" status="PASSED">
         <system-out><![CDATA[2023-06-15 12:55:45 - [TEST_CASE][PASSED] - Test Cases/Sprint 4/Archive equip: Test Cases/Sprint 4/Archive equip

2023-06-15 12:55:46 - [TEST_STEP][PASSED] - openBrowser(""): Browser is opened with url: ''

2023-06-15 12:55:46 - [MESSAGE][WARNING] - A browser is already opened. Closing browser and opening a new one

2023-06-15 12:55:47 - [MESSAGE][INFO] - Starting 'Chrome' driver

2023-06-15 12:55:47 - [MESSAGE][INFO] - Action delay is set to 0 milliseconds

2023-06-15 12:55:51 - [MESSAGE][PASSED] - Browser is opened with url: ''

2023-06-15 12:55:51 - [TEST_STEP][PASSED] - navigateToUrl("https://livesust-test-web.optisolbusiness.com/login"): Navigate to 'https://livesust-test-web.optisolbusiness.com/login' successfully

2023-06-15 12:55:55 - [MESSAGE][PASSED] - Navigate to 'https://livesust-test-web.optisolbusiness.com/login' successfully

2023-06-15 12:55:55 - [TEST_STEP][PASSED] - maximizeWindow(): Current window maximized

2023-06-15 12:55:55 - [MESSAGE][PASSED] - Current window maximized

2023-06-15 12:55:55 - [TEST_STEP][PASSED] - setText(findTestObject("Object Repository/Page_LiveSust/input_Provider Log In_Username  E-Mail Address"), "Sachin@yopmail.com"): Text 'Sachin@yopmail.com' is set on object 'Object Repository/Page_LiveSust/input_Provider Log In_Username  E-Mail Address'

2023-06-15 12:55:56 - [MESSAGE][PASSED] - Text 'Sachin@yopmail.com' is set on object 'Object Repository/Page_LiveSust/input_Provider Log In_Username  E-Mail Address'

2023-06-15 12:55:56 - [TEST_STEP][PASSED] - setEncryptedText(findTestObject("Object Repository/Page_LiveSust/input_Username  E-Mail Address_Password"), "+p0xE3Qc9agwqAa4cuTULg=="): Text ****** has been set on object 'Object Repository/Page_LiveSust/input_Username  E-Mail Address_Password'

2023-06-15 12:55:57 - [MESSAGE][PASSED] - Text ****** has been set on object 'Object Repository/Page_LiveSust/input_Username  E-Mail Address_Password'

2023-06-15 12:55:57 - [TEST_STEP][PASSED] - click(findTestObject("Object Repository/Page_LiveSust/em_Company Name_lnr lnr-chevron-down")): Object: 'Object Repository/Page_LiveSust/em_Company Name_lnr lnr-chevron-down' is clicked on

2023-06-15 12:56:28 - [MESSAGE][INFO] - Unable to find the element located by 'By.xpath: //div[@id='nav-equipment']/app-equipment/div/div/div/div/table/tbody/tr[2]/td[6]/button[2]/em'. Please recheck the objects properties to make sure the desired element is located. 

2023-06-15 12:56:28 - [MESSAGE][WARNING] - [SELF-HEALING] Failed to find element with id 'Object Repository/Page_LiveSust/em_Company Name_lnr lnr-chevron-down'. Try using Self-healing.

2023-06-15 12:56:28 - [MESSAGE][WARNING] - [SELF-HEALING] The current locator of test object 'Object Repository/Page_LiveSust/em_Company Name_lnr lnr-chevron-down' was broken. Propose an alternative one: '//app-input/div/div/em'.

2023-06-15 12:56:28 - [MESSAGE][PASSED] - Object: 'Object Repository/Page_LiveSust/em_Company Name_lnr lnr-chevron-down' is clicked on

2023-06-15 12:56:28 - [TEST_STEP][PASSED] - click(findTestObject("Object Repository/Page_LiveSust/button_Log In")): Object: 'Object Repository/Page_LiveSust/button_Log In' is clicked on

2023-06-15 12:56:29 - [MESSAGE][PASSED] - Object: 'Object Repository/Page_LiveSust/button_Log In' is clicked on

2023-06-15 12:56:29 - [TEST_STEP][PASSED] - click(findTestObject("Object Repository/Page_LiveSust/span_Equipment")): Object: 'Object Repository/Page_LiveSust/span_Equipment' is clicked on

2023-06-15 12:56:32 - [MESSAGE][PASSED] - Object: 'Object Repository/Page_LiveSust/span_Equipment' is clicked on

2023-06-15 12:56:32 - [TEST_STEP][PASSED] - click(findTestObject("Object Repository/Page_LiveSust/button_Active_btn-outline")): Object: 'Object Repository/Page_LiveSust/button_Active_btn-outline' is clicked on

2023-06-15 12:56:33 - [MESSAGE][PASSED] - Object: 'Object Repository/Page_LiveSust/button_Active_btn-outline' is clicked on

2023-06-15 12:56:33 - [TEST_STEP][PASSED] - click(findTestObject("Object Repository/Page_LiveSust/button_Archive")): Object: 'Object Repository/Page_LiveSust/button_Archive' is clicked on

2023-06-15 12:56:34 - [MESSAGE][PASSED] - Object: 'Object Repository/Page_LiveSust/button_Archive' is clicked on

2023-06-15 12:56:34 - [TEST_STEP][PASSED] - verifyElementPresent(findTestObject("Object Repository/Page_LiveSust/div_Equipment archived successfully"), 0): Object 'Object Repository/Page_LiveSust/div_Equipment archived successfully' is present

2023-06-15 12:56:34 - [MESSAGE][WARNING] - Timeout '0' is invalid. Using default page load timeout: '30'

2023-06-15 12:56:35 - [MESSAGE][PASSED] - Object 'Object Repository/Page_LiveSust/div_Equipment archived successfully' is present

2023-06-15 12:56:35 - [TEST_STEP][PASSED] - closeBrowser(): Browser is closed

2023-06-15 12:56:36 - [MESSAGE][PASSED] - Browser is closed]]></system-out>
         <system-err><![CDATA[]]></system-err>
      </testcase>
      <testcase name="Test Cases/Sprint 4/Delete equip" time="82.284" classname="Test Cases/Sprint 4/Delete equip" status="FAILED">
         <failure type="FAILED" message="Test Cases/Sprint 4/Delete equip FAILED.
Reason:
com.kms.katalon.core.exception.StepFailedException: Unable to click on object 'Object Repository/Page_LiveSust/button_Delete'
	at com.kms.katalon.core.webui.keyword.internal.WebUIKeywordMain.stepFailed(WebUIKeywordMain.groovy:64)
	at com.kms.katalon.core.webui.keyword.internal.WebUIKeywordMain.runKeyword(WebUIKeywordMain.groovy:26)
	at com.kms.katalon.core.webui.keyword.builtin.ClickKeyword.click(ClickKeyword.groovy:74)
	at com.kms.katalon.core.webui.keyword.builtin.ClickKeyword.execute(ClickKeyword.groovy:40)
	at com.kms.katalon.core.keyword.internal.KeywordExecutor.executeKeywordForPlatform(KeywordExecutor.groovy:74)
	at com.kms.katalon.core.webui.keyword.WebUiBuiltInKeywords.click(WebUiBuiltInKeywords.groovy:620)
	at com.kms.katalon.core.webui.keyword.WebUiBuiltInKeywords$click$4.call(Unknown Source)
	at Delete equip.run(Delete equip:34)
	at com.kms.katalon.core.main.ScriptEngine.run(ScriptEngine.java:194)
	at com.kms.katalon.core.main.ScriptEngine.runScriptAsRawText(ScriptEngine.java:119)
	at com.kms.katalon.core.main.TestCaseExecutor.runScript(TestCaseExecutor.java:448)
	at com.kms.katalon.core.main.TestCaseExecutor.doExecute(TestCaseExecutor.java:439)
	at com.kms.katalon.core.main.TestCaseExecutor.processExecutionPhase(TestCaseExecutor.java:418)
	at com.kms.katalon.core.main.TestCaseExecutor.accessMainPhase(TestCaseExecutor.java:410)
	at com.kms.katalon.core.main.TestCaseExecutor.execute(TestCaseExecutor.java:285)
	at com.kms.katalon.core.main.TestCaseExecutor.execute(TestCaseExecutor.java:369)
	at com.kms.katalon.core.main.TestCaseExecutor.execute(TestCaseExecutor.java:369)
	at com.kms.katalon.core.main.TestCaseExecutor.execute(TestCaseExecutor.java:369)
	at com.kms.katalon.core.common.CommonExecutor.accessTestCaseMainPhase(CommonExecutor.java:65)
	at com.kms.katalon.core.main.TestSuiteExecutor.accessTestSuiteMainPhase(TestSuiteExecutor.java:148)
	at com.kms.katalon.core.main.TestSuiteExecutor.execute(TestSuiteExecutor.java:106)
	at com.kms.katalon.core.main.TestCaseMain.startTestSuite(TestCaseMain.java:187)
	at com.kms.katalon.core.main.TestCaseMain$startTestSuite$0.call(Unknown Source)
	at TempTestSuite1686812760521.run(TempTestSuite1686812760521.groovy:36)
Caused by: com.kms.katalon.core.webui.exception.WebElementNotFoundException: Web element with id: 'Object Repository/Page_LiveSust/button_Delete' located by '(.//*[normalize-space(text()) and normalize-space(.)='Cancel'])[1]/following::button[1]' not found
	at com.kms.katalon.core.webui.common.WebUiCommonHelper.findWebElement(WebUiCommonHelper.java:1381)
	at com.kms.katalon.core.webui.keyword.internal.WebUIAbstractKeyword.findWebElement(WebUIAbstractKeyword.groovy:27)
	at com.kms.katalon.core.webui.keyword.builtin.ClickKeyword$_click_closure1.doCall(ClickKeyword.groovy:65)
	at com.kms.katalon.core.webui.keyword.builtin.ClickKeyword$_click_closure1.call(ClickKeyword.groovy)
	at com.kms.katalon.core.webui.keyword.internal.WebUIKeywordMain.runKeyword(WebUIKeywordMain.groovy:20)
	... 22 more
"/>
         <system-out><![CDATA[2023-06-15 13:00:44 - [TEST_CASE][FAILED] - Test Cases/Sprint 4/Delete equip: Test Cases/Sprint 4/Delete equip FAILED.
Reason:
com.kms.katalon.core.exception.StepFailedException: Unable to click on object 'Object Repository/Page_LiveSust/button_Delete'
	at com.kms.katalon.core.webui.keyword.internal.WebUIKeywordMain.stepFailed(WebUIKeywordMain.groovy:64)
	at com.kms.katalon.core.webui.keyword.internal.WebUIKeywordMain.runKeyword(WebUIKeywordMain.groovy:26)
	at com.kms.katalon.core.webui.keyword.builtin.ClickKeyword.click(ClickKeyword.groovy:74)
	at com.kms.katalon.core.webui.keyword.builtin.ClickKeyword.execute(ClickKeyword.groovy:40)
	at com.kms.katalon.core.keyword.internal.KeywordExecutor.executeKeywordForPlatform(KeywordExecutor.groovy:74)
	at com.kms.katalon.core.webui.keyword.WebUiBuiltInKeywords.click(WebUiBuiltInKeywords.groovy:620)
	at com.kms.katalon.core.webui.keyword.WebUiBuiltInKeywords$click$4.call(Unknown Source)
	at Delete equip.run(Delete equip:34)
	at com.kms.katalon.core.main.ScriptEngine.run(ScriptEngine.java:194)
	at com.kms.katalon.core.main.ScriptEngine.runScriptAsRawText(ScriptEngine.java:119)
	at com.kms.katalon.core.main.TestCaseExecutor.runScript(TestCaseExecutor.java:448)
	at com.kms.katalon.core.main.TestCaseExecutor.doExecute(TestCaseExecutor.java:439)
	at com.kms.katalon.core.main.TestCaseExecutor.processExecutionPhase(TestCaseExecutor.java:418)
	at com.kms.katalon.core.main.TestCaseExecutor.accessMainPhase(TestCaseExecutor.java:410)
	at com.kms.katalon.core.main.TestCaseExecutor.execute(TestCaseExecutor.java:285)
	at com.kms.katalon.core.main.TestCaseExecutor.execute(TestCaseExecutor.java:369)
	at com.kms.katalon.core.main.TestCaseExecutor.execute(TestCaseExecutor.java:369)
	at com.kms.katalon.core.main.TestCaseExecutor.execute(TestCaseExecutor.java:369)
	at com.kms.katalon.core.common.CommonExecutor.accessTestCaseMainPhase(CommonExecutor.java:65)
	at com.kms.katalon.core.main.TestSuiteExecutor.accessTestSuiteMainPhase(TestSuiteExecutor.java:148)
	at com.kms.katalon.core.main.TestSuiteExecutor.execute(TestSuiteExecutor.java:106)
	at com.kms.katalon.core.main.TestCaseMain.startTestSuite(TestCaseMain.java:187)
	at com.kms.katalon.core.main.TestCaseMain$startTestSuite$0.call(Unknown Source)
	at TempTestSuite1686812760521.run(TempTestSuite1686812760521.groovy:36)
Caused by: com.kms.katalon.core.webui.exception.WebElementNotFoundException: Web element with id: 'Object Repository/Page_LiveSust/button_Delete' located by '(.//*[normalize-space(text()) and normalize-space(.)='Cancel'])[1]/following::button[1]' not found
	at com.kms.katalon.core.webui.common.WebUiCommonHelper.findWebElement(WebUiCommonHelper.java:1381)
	at com.kms.katalon.core.webui.keyword.internal.WebUIAbstractKeyword.findWebElement(WebUIAbstractKeyword.groovy:27)
	at com.kms.katalon.core.webui.keyword.builtin.ClickKeyword$_click_closure1.doCall(ClickKeyword.groovy:65)
	at com.kms.katalon.core.webui.keyword.builtin.ClickKeyword$_click_closure1.call(ClickKeyword.groovy)
	at com.kms.katalon.core.webui.keyword.internal.WebUIKeywordMain.runKeyword(WebUIKeywordMain.groovy:20)
	... 22 more


2023-06-15 13:00:44 - [TEST_STEP][PASSED] - openBrowser(""): Browser is opened with url: ''

2023-06-15 13:00:44 - [MESSAGE][WARNING] - A browser is already opened. Closing browser and opening a new one

2023-06-15 13:00:45 - [MESSAGE][INFO] - Starting 'Chrome' driver

2023-06-15 13:00:45 - [MESSAGE][INFO] - Action delay is set to 0 milliseconds

2023-06-15 13:00:49 - [MESSAGE][PASSED] - Browser is opened with url: ''

2023-06-15 13:00:49 - [TEST_STEP][PASSED] - navigateToUrl("https://livesust-test-web.optisolbusiness.com/login"): Navigate to 'https://livesust-test-web.optisolbusiness.com/login' successfully

2023-06-15 13:00:53 - [MESSAGE][PASSED] - Navigate to 'https://livesust-test-web.optisolbusiness.com/login' successfully

2023-06-15 13:00:53 - [TEST_STEP][PASSED] - setText(findTestObject("Object Repository/Page_LiveSust/input_Provider Log In_Username  E-Mail Address"), "Sachin@yopmail.com"): Text 'Sachin@yopmail.com' is set on object 'Object Repository/Page_LiveSust/input_Provider Log In_Username  E-Mail Address'

2023-06-15 13:00:54 - [MESSAGE][PASSED] - Text 'Sachin@yopmail.com' is set on object 'Object Repository/Page_LiveSust/input_Provider Log In_Username  E-Mail Address'

2023-06-15 13:00:54 - [TEST_STEP][PASSED] - setEncryptedText(findTestObject("Object Repository/Page_LiveSust/input_Username  E-Mail Address_Password"), "+p0xE3Qc9agwqAa4cuTULg=="): Text ****** has been set on object 'Object Repository/Page_LiveSust/input_Username  E-Mail Address_Password'

2023-06-15 13:00:55 - [MESSAGE][PASSED] - Text ****** has been set on object 'Object Repository/Page_LiveSust/input_Username  E-Mail Address_Password'

2023-06-15 13:00:55 - [TEST_STEP][PASSED] - click(findTestObject("Object Repository/Page_LiveSust/button_Log In")): Object: 'Object Repository/Page_LiveSust/button_Log In' is clicked on

2023-06-15 13:00:55 - [MESSAGE][PASSED] - Object: 'Object Repository/Page_LiveSust/button_Log In' is clicked on

2023-06-15 13:00:55 - [TEST_STEP][PASSED] - click(findTestObject("Object Repository/Page_LiveSust/span_Equipment")): Object: 'Object Repository/Page_LiveSust/span_Equipment' is clicked on

2023-06-15 13:00:58 - [MESSAGE][PASSED] - Object: 'Object Repository/Page_LiveSust/span_Equipment' is clicked on

2023-06-15 13:00:58 - [TEST_STEP][PASSED] - click(findTestObject("Object Repository/Page_LiveSust/em_Company Name_lnr lnr-chevron-down")): Object: 'Object Repository/Page_LiveSust/em_Company Name_lnr lnr-chevron-down' is clicked on

2023-06-15 13:01:29 - [MESSAGE][INFO] - Unable to find the element located by 'By.xpath: //div[@id='nav-equipment']/app-equipment/div/div/div/div/table/tbody/tr[2]/td[6]/button[2]/em'. Please recheck the objects properties to make sure the desired element is located. 

2023-06-15 13:01:29 - [MESSAGE][WARNING] - [SELF-HEALING] Failed to find element with id 'Object Repository/Page_LiveSust/em_Company Name_lnr lnr-chevron-down'. Try using Self-healing.

2023-06-15 13:01:30 - [MESSAGE][INFO] - Unable to find the element located by 'By.xpath: //app-input/div/div/em'. Please recheck the objects properties to make sure the desired element is located. 

2023-06-15 13:01:31 - [MESSAGE][WARNING] - [SELF-HEALING] The current locator of test object 'Object Repository/Page_LiveSust/em_Company Name_lnr lnr-chevron-down' was broken. Propose an alternative one: '//button/em'.

2023-06-15 13:01:31 - [MESSAGE][PASSED] - Object: 'Object Repository/Page_LiveSust/em_Company Name_lnr lnr-chevron-down' is clicked on

2023-06-15 13:01:31 - [TEST_STEP][FAILED] - click(findTestObject("Object Repository/Page_LiveSust/button_Delete")): Unable to click on object 'Object Repository/Page_LiveSust/button_Delete' (Root cause: com.kms.katalon.core.exception.StepFailedException: Unable to click on object 'Object Repository/Page_LiveSust/button_Delete'
	at com.kms.katalon.core.webui.keyword.internal.WebUIKeywordMain.stepFailed(WebUIKeywordMain.groovy:64)
	at com.kms.katalon.core.webui.keyword.internal.WebUIKeywordMain.runKeyword(WebUIKeywordMain.groovy:26)
	at com.kms.katalon.core.webui.keyword.builtin.ClickKeyword.click(ClickKeyword.groovy:74)
	at com.kms.katalon.core.webui.keyword.builtin.ClickKeyword.execute(ClickKeyword.groovy:40)
	at com.kms.katalon.core.keyword.internal.KeywordExecutor.executeKeywordForPlatform(KeywordExecutor.groovy:74)
	at com.kms.katalon.core.webui.keyword.WebUiBuiltInKeywords.click(WebUiBuiltInKeywords.groovy:620)
	at com.kms.katalon.core.webui.keyword.WebUiBuiltInKeywords$click$4.call(Unknown Source)
	at Delete equip.run(Delete equip:34)
	at com.kms.katalon.core.main.ScriptEngine.run(ScriptEngine.java:194)
	at com.kms.katalon.core.main.ScriptEngine.runScriptAsRawText(ScriptEngine.java:119)
	at com.kms.katalon.core.main.TestCaseExecutor.runScript(TestCaseExecutor.java:448)
	at com.kms.katalon.core.main.TestCaseExecutor.doExecute(TestCaseExecutor.java:439)
	at com.kms.katalon.core.main.TestCaseExecutor.processExecutionPhase(TestCaseExecutor.java:418)
	at com.kms.katalon.core.main.TestCaseExecutor.accessMainPhase(TestCaseExecutor.java:410)
	at com.kms.katalon.core.main.TestCaseExecutor.execute(TestCaseExecutor.java:285)
	at com.kms.katalon.core.main.TestCaseExecutor.execute(TestCaseExecutor.java:369)
	at com.kms.katalon.core.main.TestCaseExecutor.execute(TestCaseExecutor.java:369)
	at com.kms.katalon.core.main.TestCaseExecutor.execute(TestCaseExecutor.java:369)
	at com.kms.katalon.core.common.CommonExecutor.accessTestCaseMainPhase(CommonExecutor.java:65)
	at com.kms.katalon.core.main.TestSuiteExecutor.accessTestSuiteMainPhase(TestSuiteExecutor.java:148)
	at com.kms.katalon.core.main.TestSuiteExecutor.execute(TestSuiteExecutor.java:106)
	at com.kms.katalon.core.main.TestCaseMain.startTestSuite(TestCaseMain.java:187)
	at com.kms.katalon.core.main.TestCaseMain$startTestSuite$0.call(Unknown Source)
	at TempTestSuite1686812760521.run(TempTestSuite1686812760521.groovy:36)
Caused by: com.kms.katalon.core.webui.exception.WebElementNotFoundException: Web element with id: 'Object Repository/Page_LiveSust/button_Delete' located by '(.//*[normalize-space(text()) and normalize-space(.)='Cancel'])[1]/following::button[1]' not found
	at com.kms.katalon.core.webui.common.WebUiCommonHelper.findWebElement(WebUiCommonHelper.java:1381)
	at com.kms.katalon.core.webui.keyword.internal.WebUIAbstractKeyword.findWebElement(WebUIAbstractKeyword.groovy:27)
	at com.kms.katalon.core.webui.keyword.builtin.ClickKeyword$_click_closure1.doCall(ClickKeyword.groovy:65)
	at com.kms.katalon.core.webui.keyword.builtin.ClickKeyword$_click_closure1.call(ClickKeyword.groovy)
	at com.kms.katalon.core.webui.keyword.internal.WebUIKeywordMain.runKeyword(WebUIKeywordMain.groovy:20)
	at com.kms.katalon.core.webui.keyword.builtin.ClickKeyword.click(ClickKeyword.groovy:74)
	at com.kms.katalon.core.webui.keyword.builtin.ClickKeyword.execute(ClickKeyword.groovy:40)
	at com.kms.katalon.core.keyword.internal.KeywordExecutor.executeKeywordForPlatform(KeywordExecutor.groovy:74)
	at com.kms.katalon.core.webui.keyword.WebUiBuiltInKeywords.click(WebUiBuiltInKeywords.groovy:620)
	at com.kms.katalon.core.webui.keyword.WebUiBuiltInKeywords$click$4.call(Unknown Source)
	at Script1685510161070.run(Script1685510161070.groovy:34)
	... 16 more
)

2023-06-15 13:02:02 - [MESSAGE][INFO] - Unable to find the element located by 'By.xpath: (.//*[normalize-space(text()) and normalize-space(.)='Cancel'])[1]/following::button[1]'. Please recheck the objects properties to make sure the desired element is located. 

2023-06-15 13:02:02 - [MESSAGE][WARNING] - [SELF-HEALING] Failed to find element with id 'Object Repository/Page_LiveSust/button_Delete'. Try using Self-healing.

2023-06-15 13:02:02 - [MESSAGE][INFO] - [SELF-HEALING] Failed Locator: '(.//*[normalize-space(text()) and normalize-space(.)='Cancel'])[1]/following::button[1]'.

2023-06-15 13:02:03 - [MESSAGE][INFO] - [SELF-HEALING] Failed Locator: '(.//*[normalize-space(text()) and normalize-space(.)='Are you sure you want to delete?'])[1]/following::button[2]'.

2023-06-15 13:02:03 - [MESSAGE][INFO] - [SELF-HEALING] Failed Locator: '//*/text()[normalize-space(.)='Delete']/parent::*'.

2023-06-15 13:02:03 - [MESSAGE][INFO] - [SELF-HEALING] Failed Locator: '//div[2]/button[2]'.

2023-06-15 13:02:04 - [MESSAGE][INFO] - [SELF-HEALING] Failed Locator: '//button[(text() = 'Delete' or . = 'Delete')]'.

2023-06-15 13:02:05 - [MESSAGE][INFO] - Unable to find the element located by 'By.xpath: //*[(text() = 'Delete' or . = 'Delete')]'. Please recheck the objects properties to make sure the desired element is located. 

2023-06-15 13:02:06 - [MESSAGE][INFO] - Unable to find the element located by 'By.cssSelector: button.btn-danger.px-4.py-2.mx-3.fs12.my-2.ng-star-inserted'. Please recheck the objects properties to make sure the desired element is located. 

2023-06-15 13:02:06 - [MESSAGE][FAILED] - Unable to click on object 'Object Repository/Page_LiveSust/button_Delete' (Root cause: com.kms.katalon.core.exception.StepFailedException: Unable to click on object 'Object Repository/Page_LiveSust/button_Delete'
	at com.kms.katalon.core.webui.keyword.internal.WebUIKeywordMain.stepFailed(WebUIKeywordMain.groovy:64)
	at com.kms.katalon.core.webui.keyword.internal.WebUIKeywordMain.runKeyword(WebUIKeywordMain.groovy:26)
	at com.kms.katalon.core.webui.keyword.builtin.ClickKeyword.click(ClickKeyword.groovy:74)
	at com.kms.katalon.core.webui.keyword.builtin.ClickKeyword.execute(ClickKeyword.groovy:40)
	at com.kms.katalon.core.keyword.internal.KeywordExecutor.executeKeywordForPlatform(KeywordExecutor.groovy:74)
	at com.kms.katalon.core.webui.keyword.WebUiBuiltInKeywords.click(WebUiBuiltInKeywords.groovy:620)
	at com.kms.katalon.core.webui.keyword.WebUiBuiltInKeywords$click$4.call(Unknown Source)
	at Delete equip.run(Delete equip:34)
	at com.kms.katalon.core.main.ScriptEngine.run(ScriptEngine.java:194)
	at com.kms.katalon.core.main.ScriptEngine.runScriptAsRawText(ScriptEngine.java:119)
	at com.kms.katalon.core.main.TestCaseExecutor.runScript(TestCaseExecutor.java:448)
	at com.kms.katalon.core.main.TestCaseExecutor.doExecute(TestCaseExecutor.java:439)
	at com.kms.katalon.core.main.TestCaseExecutor.processExecutionPhase(TestCaseExecutor.java:418)
	at com.kms.katalon.core.main.TestCaseExecutor.accessMainPhase(TestCaseExecutor.java:410)
	at com.kms.katalon.core.main.TestCaseExecutor.execute(TestCaseExecutor.java:285)
	at com.kms.katalon.core.main.TestCaseExecutor.execute(TestCaseExecutor.java:369)
	at com.kms.katalon.core.main.TestCaseExecutor.execute(TestCaseExecutor.java:369)
	at com.kms.katalon.core.main.TestCaseExecutor.execute(TestCaseExecutor.java:369)
	at com.kms.katalon.core.common.CommonExecutor.accessTestCaseMainPhase(CommonExecutor.java:65)
	at com.kms.katalon.core.main.TestSuiteExecutor.accessTestSuiteMainPhase(TestSuiteExecutor.java:148)
	at com.kms.katalon.core.main.TestSuiteExecutor.execute(TestSuiteExecutor.java:106)
	at com.kms.katalon.core.main.TestCaseMain.startTestSuite(TestCaseMain.java:187)
	at com.kms.katalon.core.main.TestCaseMain$startTestSuite$0.call(Unknown Source)
	at TempTestSuite1686812760521.run(TempTestSuite1686812760521.groovy:36)
Caused by: com.kms.katalon.core.webui.exception.WebElementNotFoundException: Web element with id: 'Object Repository/Page_LiveSust/button_Delete' located by '(.//*[normalize-space(text()) and normalize-space(.)='Cancel'])[1]/following::button[1]' not found
	at com.kms.katalon.core.webui.common.WebUiCommonHelper.findWebElement(WebUiCommonHelper.java:1381)
	at com.kms.katalon.core.webui.keyword.internal.WebUIAbstractKeyword.findWebElement(WebUIAbstractKeyword.groovy:27)
	at com.kms.katalon.core.webui.keyword.builtin.ClickKeyword$_click_closure1.doCall(ClickKeyword.groovy:65)
	at com.kms.katalon.core.webui.keyword.builtin.ClickKeyword$_click_closure1.call(ClickKeyword.groovy)
	at com.kms.katalon.core.webui.keyword.internal.WebUIKeywordMain.runKeyword(WebUIKeywordMain.groovy:20)
	at com.kms.katalon.core.webui.keyword.builtin.ClickKeyword.click(ClickKeyword.groovy:74)
	at com.kms.katalon.core.webui.keyword.builtin.ClickKeyword.execute(ClickKeyword.groovy:40)
	at com.kms.katalon.core.keyword.internal.KeywordExecutor.executeKeywordForPlatform(KeywordExecutor.groovy:74)
	at com.kms.katalon.core.webui.keyword.WebUiBuiltInKeywords.click(WebUiBuiltInKeywords.groovy:620)
	at com.kms.katalon.core.webui.keyword.WebUiBuiltInKeywords$click$4.call(Unknown Source)
	at Script1685510161070.run(Script1685510161070.groovy:34)
	... 16 more
)
[[ATTACHMENT|C:\\Users\\rajeswari.r\\Katalon Studio\\Livesust\\Reports\\20230615_123600\\Sprint 4\\20230615_123600\\1686814326386.png]]]]></system-out>
         <system-err><![CDATA[2023-06-15 13:00:44 - [TEST_CASE][FAILED] - Test Cases/Sprint 4/Delete equip: Test Cases/Sprint 4/Delete equip FAILED.
Reason:
com.kms.katalon.core.exception.StepFailedException: Unable to click on object 'Object Repository/Page_LiveSust/button_Delete'
	at com.kms.katalon.core.webui.keyword.internal.WebUIKeywordMain.stepFailed(WebUIKeywordMain.groovy:64)
	at com.kms.katalon.core.webui.keyword.internal.WebUIKeywordMain.runKeyword(WebUIKeywordMain.groovy:26)
	at com.kms.katalon.core.webui.keyword.builtin.ClickKeyword.click(ClickKeyword.groovy:74)
	at com.kms.katalon.core.webui.keyword.builtin.ClickKeyword.execute(ClickKeyword.groovy:40)
	at com.kms.katalon.core.keyword.internal.KeywordExecutor.executeKeywordForPlatform(KeywordExecutor.groovy:74)
	at com.kms.katalon.core.webui.keyword.WebUiBuiltInKeywords.click(WebUiBuiltInKeywords.groovy:620)
	at com.kms.katalon.core.webui.keyword.WebUiBuiltInKeywords$click$4.call(Unknown Source)
	at Delete equip.run(Delete equip:34)
	at com.kms.katalon.core.main.ScriptEngine.run(ScriptEngine.java:194)
	at com.kms.katalon.core.main.ScriptEngine.runScriptAsRawText(ScriptEngine.java:119)
	at com.kms.katalon.core.main.TestCaseExecutor.runScript(TestCaseExecutor.java:448)
	at com.kms.katalon.core.main.TestCaseExecutor.doExecute(TestCaseExecutor.java:439)
	at com.kms.katalon.core.main.TestCaseExecutor.processExecutionPhase(TestCaseExecutor.java:418)
	at com.kms.katalon.core.main.TestCaseExecutor.accessMainPhase(TestCaseExecutor.java:410)
	at com.kms.katalon.core.main.TestCaseExecutor.execute(TestCaseExecutor.java:285)
	at com.kms.katalon.core.main.TestCaseExecutor.execute(TestCaseExecutor.java:369)
	at com.kms.katalon.core.main.TestCaseExecutor.execute(TestCaseExecutor.java:369)
	at com.kms.katalon.core.main.TestCaseExecutor.execute(TestCaseExecutor.java:369)
	at com.kms.katalon.core.common.CommonExecutor.accessTestCaseMainPhase(CommonExecutor.java:65)
	at com.kms.katalon.core.main.TestSuiteExecutor.accessTestSuiteMainPhase(TestSuiteExecutor.java:148)
	at com.kms.katalon.core.main.TestSuiteExecutor.execute(TestSuiteExecutor.java:106)
	at com.kms.katalon.core.main.TestCaseMain.startTestSuite(TestCaseMain.java:187)
	at com.kms.katalon.core.main.TestCaseMain$startTestSuite$0.call(Unknown Source)
	at TempTestSuite1686812760521.run(TempTestSuite1686812760521.groovy:36)
Caused by: com.kms.katalon.core.webui.exception.WebElementNotFoundException: Web element with id: 'Object Repository/Page_LiveSust/button_Delete' located by '(.//*[normalize-space(text()) and normalize-space(.)='Cancel'])[1]/following::button[1]' not found
	at com.kms.katalon.core.webui.common.WebUiCommonHelper.findWebElement(WebUiCommonHelper.java:1381)
	at com.kms.katalon.core.webui.keyword.internal.WebUIAbstractKeyword.findWebElement(WebUIAbstractKeyword.groovy:27)
	at com.kms.katalon.core.webui.keyword.builtin.ClickKeyword$_click_closure1.doCall(ClickKeyword.groovy:65)
	at com.kms.katalon.core.webui.keyword.builtin.ClickKeyword$_click_closure1.call(ClickKeyword.groovy)
	at com.kms.katalon.core.webui.keyword.internal.WebUIKeywordMain.runKeyword(WebUIKeywordMain.groovy:20)
	... 22 more]]></system-err>
      </testcase>
      <testcase name="Test Cases/Sprint 4/Delete equip group" time="84.102" classname="Test Cases/Sprint 4/Delete equip group" status="FAILED">
         <failure type="FAILED" message="Test Cases/Sprint 4/Delete equip group FAILED.
Reason:
com.kms.katalon.core.exception.StepFailedException: Unable to click on object 'Object Repository/Page_LiveSust/button_Delete'
	at com.kms.katalon.core.webui.keyword.internal.WebUIKeywordMain.stepFailed(WebUIKeywordMain.groovy:64)
	at com.kms.katalon.core.webui.keyword.internal.WebUIKeywordMain.runKeyword(WebUIKeywordMain.groovy:26)
	at com.kms.katalon.core.webui.keyword.builtin.ClickKeyword.click(ClickKeyword.groovy:74)
	at com.kms.katalon.core.webui.keyword.builtin.ClickKeyword.execute(ClickKeyword.groovy:40)
	at com.kms.katalon.core.keyword.internal.KeywordExecutor.executeKeywordForPlatform(KeywordExecutor.groovy:74)
	at com.kms.katalon.core.webui.keyword.WebUiBuiltInKeywords.click(WebUiBuiltInKeywords.groovy:620)
	at com.kms.katalon.core.webui.keyword.WebUiBuiltInKeywords$click$4.call(Unknown Source)
	at Delete equip group.run(Delete equip group:36)
	at com.kms.katalon.core.main.ScriptEngine.run(ScriptEngine.java:194)
	at com.kms.katalon.core.main.ScriptEngine.runScriptAsRawText(ScriptEngine.java:119)
	at com.kms.katalon.core.main.TestCaseExecutor.runScript(TestCaseExecutor.java:448)
	at com.kms.katalon.core.main.TestCaseExecutor.doExecute(TestCaseExecutor.java:439)
	at com.kms.katalon.core.main.TestCaseExecutor.processExecutionPhase(TestCaseExecutor.java:418)
	at com.kms.katalon.core.main.TestCaseExecutor.accessMainPhase(TestCaseExecutor.java:410)
	at com.kms.katalon.core.main.TestCaseExecutor.execute(TestCaseExecutor.java:285)
	at com.kms.katalon.core.main.TestCaseExecutor.execute(TestCaseExecutor.java:369)
	at com.kms.katalon.core.main.TestCaseExecutor.execute(TestCaseExecutor.java:369)
	at com.kms.katalon.core.main.TestCaseExecutor.execute(TestCaseExecutor.java:369)
	at com.kms.katalon.core.common.CommonExecutor.accessTestCaseMainPhase(CommonExecutor.java:65)
	at com.kms.katalon.core.main.TestSuiteExecutor.accessTestSuiteMainPhase(TestSuiteExecutor.java:148)
	at com.kms.katalon.core.main.TestSuiteExecutor.execute(TestSuiteExecutor.java:106)
	at com.kms.katalon.core.main.TestCaseMain.startTestSuite(TestCaseMain.java:187)
	at com.kms.katalon.core.main.TestCaseMain$startTestSuite$0.call(Unknown Source)
	at TempTestSuite1686812760521.run(TempTestSuite1686812760521.groovy:36)
Caused by: com.kms.katalon.core.webui.exception.WebElementNotFoundException: Web element with id: 'Object Repository/Page_LiveSust/button_Delete' located by '(.//*[normalize-space(text()) and normalize-space(.)='Cancel'])[1]/following::button[1]' not found
	at com.kms.katalon.core.webui.common.WebUiCommonHelper.findWebElement(WebUiCommonHelper.java:1381)
	at com.kms.katalon.core.webui.keyword.internal.WebUIAbstractKeyword.findWebElement(WebUIAbstractKeyword.groovy:27)
	at com.kms.katalon.core.webui.keyword.builtin.ClickKeyword$_click_closure1.doCall(ClickKeyword.groovy:65)
	at com.kms.katalon.core.webui.keyword.builtin.ClickKeyword$_click_closure1.call(ClickKeyword.groovy)
	at com.kms.katalon.core.webui.keyword.internal.WebUIKeywordMain.runKeyword(WebUIKeywordMain.groovy:20)
	... 22 more
"/>
         <system-out><![CDATA[2023-06-15 13:06:19 - [TEST_CASE][FAILED] - Test Cases/Sprint 4/Delete equip group: Test Cases/Sprint 4/Delete equip group FAILED.
Reason:
com.kms.katalon.core.exception.StepFailedException: Unable to click on object 'Object Repository/Page_LiveSust/button_Delete'
	at com.kms.katalon.core.webui.keyword.internal.WebUIKeywordMain.stepFailed(WebUIKeywordMain.groovy:64)
	at com.kms.katalon.core.webui.keyword.internal.WebUIKeywordMain.runKeyword(WebUIKeywordMain.groovy:26)
	at com.kms.katalon.core.webui.keyword.builtin.ClickKeyword.click(ClickKeyword.groovy:74)
	at com.kms.katalon.core.webui.keyword.builtin.ClickKeyword.execute(ClickKeyword.groovy:40)
	at com.kms.katalon.core.keyword.internal.KeywordExecutor.executeKeywordForPlatform(KeywordExecutor.groovy:74)
	at com.kms.katalon.core.webui.keyword.WebUiBuiltInKeywords.click(WebUiBuiltInKeywords.groovy:620)
	at com.kms.katalon.core.webui.keyword.WebUiBuiltInKeywords$click$4.call(Unknown Source)
	at Delete equip group.run(Delete equip group:36)
	at com.kms.katalon.core.main.ScriptEngine.run(ScriptEngine.java:194)
	at com.kms.katalon.core.main.ScriptEngine.runScriptAsRawText(ScriptEngine.java:119)
	at com.kms.katalon.core.main.TestCaseExecutor.runScript(TestCaseExecutor.java:448)
	at com.kms.katalon.core.main.TestCaseExecutor.doExecute(TestCaseExecutor.java:439)
	at com.kms.katalon.core.main.TestCaseExecutor.processExecutionPhase(TestCaseExecutor.java:418)
	at com.kms.katalon.core.main.TestCaseExecutor.accessMainPhase(TestCaseExecutor.java:410)
	at com.kms.katalon.core.main.TestCaseExecutor.execute(TestCaseExecutor.java:285)
	at com.kms.katalon.core.main.TestCaseExecutor.execute(TestCaseExecutor.java:369)
	at com.kms.katalon.core.main.TestCaseExecutor.execute(TestCaseExecutor.java:369)
	at com.kms.katalon.core.main.TestCaseExecutor.execute(TestCaseExecutor.java:369)
	at com.kms.katalon.core.common.CommonExecutor.accessTestCaseMainPhase(CommonExecutor.java:65)
	at com.kms.katalon.core.main.TestSuiteExecutor.accessTestSuiteMainPhase(TestSuiteExecutor.java:148)
	at com.kms.katalon.core.main.TestSuiteExecutor.execute(TestSuiteExecutor.java:106)
	at com.kms.katalon.core.main.TestCaseMain.startTestSuite(TestCaseMain.java:187)
	at com.kms.katalon.core.main.TestCaseMain$startTestSuite$0.call(Unknown Source)
	at TempTestSuite1686812760521.run(TempTestSuite1686812760521.groovy:36)
Caused by: com.kms.katalon.core.webui.exception.WebElementNotFoundException: Web element with id: 'Object Repository/Page_LiveSust/button_Delete' located by '(.//*[normalize-space(text()) and normalize-space(.)='Cancel'])[1]/following::button[1]' not found
	at com.kms.katalon.core.webui.common.WebUiCommonHelper.findWebElement(WebUiCommonHelper.java:1381)
	at com.kms.katalon.core.webui.keyword.internal.WebUIAbstractKeyword.findWebElement(WebUIAbstractKeyword.groovy:27)
	at com.kms.katalon.core.webui.keyword.builtin.ClickKeyword$_click_closure1.doCall(ClickKeyword.groovy:65)
	at com.kms.katalon.core.webui.keyword.builtin.ClickKeyword$_click_closure1.call(ClickKeyword.groovy)
	at com.kms.katalon.core.webui.keyword.internal.WebUIKeywordMain.runKeyword(WebUIKeywordMain.groovy:20)
	... 22 more


2023-06-15 13:06:19 - [TEST_STEP][PASSED] - openBrowser(""): Browser is opened with url: ''

2023-06-15 13:06:19 - [MESSAGE][WARNING] - A browser is already opened. Closing browser and opening a new one

2023-06-15 13:06:21 - [MESSAGE][INFO] - Starting 'Chrome' driver

2023-06-15 13:06:21 - [MESSAGE][INFO] - Action delay is set to 0 milliseconds

2023-06-15 13:06:25 - [MESSAGE][PASSED] - Browser is opened with url: ''

2023-06-15 13:06:25 - [TEST_STEP][PASSED] - navigateToUrl("https://livesust-test-web.optisolbusiness.com/login"): Navigate to 'https://livesust-test-web.optisolbusiness.com/login' successfully

2023-06-15 13:06:28 - [MESSAGE][PASSED] - Navigate to 'https://livesust-test-web.optisolbusiness.com/login' successfully

2023-06-15 13:06:28 - [TEST_STEP][PASSED] - setText(findTestObject("Object Repository/Page_LiveSust/input_Provider Log In_Username  E-Mail Address"), "Sachin@yopmail.com"): Text 'Sachin@yopmail.com' is set on object 'Object Repository/Page_LiveSust/input_Provider Log In_Username  E-Mail Address'

2023-06-15 13:06:30 - [MESSAGE][PASSED] - Text 'Sachin@yopmail.com' is set on object 'Object Repository/Page_LiveSust/input_Provider Log In_Username  E-Mail Address'

2023-06-15 13:06:30 - [TEST_STEP][PASSED] - setEncryptedText(findTestObject("Object Repository/Page_LiveSust/input_Username  E-Mail Address_Password"), "+p0xE3Qc9agwqAa4cuTULg=="): Text ****** has been set on object 'Object Repository/Page_LiveSust/input_Username  E-Mail Address_Password'

2023-06-15 13:06:30 - [MESSAGE][PASSED] - Text ****** has been set on object 'Object Repository/Page_LiveSust/input_Username  E-Mail Address_Password'

2023-06-15 13:06:30 - [TEST_STEP][PASSED] - click(findTestObject("Object Repository/Page_LiveSust/button_Log In")): Object: 'Object Repository/Page_LiveSust/button_Log In' is clicked on

2023-06-15 13:06:31 - [MESSAGE][PASSED] - Object: 'Object Repository/Page_LiveSust/button_Log In' is clicked on

2023-06-15 13:06:31 - [TEST_STEP][PASSED] - click(findTestObject("Object Repository/Page_LiveSust/span_Equipment")): Object: 'Object Repository/Page_LiveSust/span_Equipment' is clicked on

2023-06-15 13:06:33 - [MESSAGE][PASSED] - Object: 'Object Repository/Page_LiveSust/span_Equipment' is clicked on

2023-06-15 13:06:33 - [TEST_STEP][PASSED] - click(findTestObject("Object Repository/Page_LiveSust/span_Equipment Groups")): Object: 'Object Repository/Page_LiveSust/span_Equipment Groups' is clicked on

2023-06-15 13:06:35 - [MESSAGE][PASSED] - Object: 'Object Repository/Page_LiveSust/span_Equipment Groups' is clicked on

2023-06-15 13:06:35 - [TEST_STEP][PASSED] - click(findTestObject("Object Repository/Page_LiveSust/em_Company Name_lnr lnr-chevron-down")): Object: 'Object Repository/Page_LiveSust/em_Company Name_lnr lnr-chevron-down' is clicked on

2023-06-15 13:07:06 - [MESSAGE][INFO] - Unable to find the element located by 'By.xpath: //div[@id='nav-equipment']/app-equipment/div/div/div/div/table/tbody/tr[2]/td[6]/button[2]/em'. Please recheck the objects properties to make sure the desired element is located. 

2023-06-15 13:07:06 - [MESSAGE][WARNING] - [SELF-HEALING] Failed to find element with id 'Object Repository/Page_LiveSust/em_Company Name_lnr lnr-chevron-down'. Try using Self-healing.

2023-06-15 13:07:07 - [MESSAGE][INFO] - Unable to find the element located by 'By.xpath: //app-input/div/div/em'. Please recheck the objects properties to make sure the desired element is located. 

2023-06-15 13:07:08 - [MESSAGE][WARNING] - [SELF-HEALING] The current locator of test object 'Object Repository/Page_LiveSust/em_Company Name_lnr lnr-chevron-down' was broken. Propose an alternative one: '//button/em'.

2023-06-15 13:07:08 - [MESSAGE][PASSED] - Object: 'Object Repository/Page_LiveSust/em_Company Name_lnr lnr-chevron-down' is clicked on

2023-06-15 13:07:08 - [TEST_STEP][FAILED] - click(findTestObject("Object Repository/Page_LiveSust/button_Delete")): Unable to click on object 'Object Repository/Page_LiveSust/button_Delete' (Root cause: com.kms.katalon.core.exception.StepFailedException: Unable to click on object 'Object Repository/Page_LiveSust/button_Delete'
	at com.kms.katalon.core.webui.keyword.internal.WebUIKeywordMain.stepFailed(WebUIKeywordMain.groovy:64)
	at com.kms.katalon.core.webui.keyword.internal.WebUIKeywordMain.runKeyword(WebUIKeywordMain.groovy:26)
	at com.kms.katalon.core.webui.keyword.builtin.ClickKeyword.click(ClickKeyword.groovy:74)
	at com.kms.katalon.core.webui.keyword.builtin.ClickKeyword.execute(ClickKeyword.groovy:40)
	at com.kms.katalon.core.keyword.internal.KeywordExecutor.executeKeywordForPlatform(KeywordExecutor.groovy:74)
	at com.kms.katalon.core.webui.keyword.WebUiBuiltInKeywords.click(WebUiBuiltInKeywords.groovy:620)
	at com.kms.katalon.core.webui.keyword.WebUiBuiltInKeywords$click$4.call(Unknown Source)
	at Delete equip group.run(Delete equip group:36)
	at com.kms.katalon.core.main.ScriptEngine.run(ScriptEngine.java:194)
	at com.kms.katalon.core.main.ScriptEngine.runScriptAsRawText(ScriptEngine.java:119)
	at com.kms.katalon.core.main.TestCaseExecutor.runScript(TestCaseExecutor.java:448)
	at com.kms.katalon.core.main.TestCaseExecutor.doExecute(TestCaseExecutor.java:439)
	at com.kms.katalon.core.main.TestCaseExecutor.processExecutionPhase(TestCaseExecutor.java:418)
	at com.kms.katalon.core.main.TestCaseExecutor.accessMainPhase(TestCaseExecutor.java:410)
	at com.kms.katalon.core.main.TestCaseExecutor.execute(TestCaseExecutor.java:285)
	at com.kms.katalon.core.main.TestCaseExecutor.execute(TestCaseExecutor.java:369)
	at com.kms.katalon.core.main.TestCaseExecutor.execute(TestCaseExecutor.java:369)
	at com.kms.katalon.core.main.TestCaseExecutor.execute(TestCaseExecutor.java:369)
	at com.kms.katalon.core.common.CommonExecutor.accessTestCaseMainPhase(CommonExecutor.java:65)
	at com.kms.katalon.core.main.TestSuiteExecutor.accessTestSuiteMainPhase(TestSuiteExecutor.java:148)
	at com.kms.katalon.core.main.TestSuiteExecutor.execute(TestSuiteExecutor.java:106)
	at com.kms.katalon.core.main.TestCaseMain.startTestSuite(TestCaseMain.java:187)
	at com.kms.katalon.core.main.TestCaseMain$startTestSuite$0.call(Unknown Source)
	at TempTestSuite1686812760521.run(TempTestSuite1686812760521.groovy:36)
Caused by: com.kms.katalon.core.webui.exception.WebElementNotFoundException: Web element with id: 'Object Repository/Page_LiveSust/button_Delete' located by '(.//*[normalize-space(text()) and normalize-space(.)='Cancel'])[1]/following::button[1]' not found
	at com.kms.katalon.core.webui.common.WebUiCommonHelper.findWebElement(WebUiCommonHelper.java:1381)
	at com.kms.katalon.core.webui.keyword.internal.WebUIAbstractKeyword.findWebElement(WebUIAbstractKeyword.groovy:27)
	at com.kms.katalon.core.webui.keyword.builtin.ClickKeyword$_click_closure1.doCall(ClickKeyword.groovy:65)
	at com.kms.katalon.core.webui.keyword.builtin.ClickKeyword$_click_closure1.call(ClickKeyword.groovy)
	at com.kms.katalon.core.webui.keyword.internal.WebUIKeywordMain.runKeyword(WebUIKeywordMain.groovy:20)
	at com.kms.katalon.core.webui.keyword.builtin.ClickKeyword.click(ClickKeyword.groovy:74)
	at com.kms.katalon.core.webui.keyword.builtin.ClickKeyword.execute(ClickKeyword.groovy:40)
	at com.kms.katalon.core.keyword.internal.KeywordExecutor.executeKeywordForPlatform(KeywordExecutor.groovy:74)
	at com.kms.katalon.core.webui.keyword.WebUiBuiltInKeywords.click(WebUiBuiltInKeywords.groovy:620)
	at com.kms.katalon.core.webui.keyword.WebUiBuiltInKeywords$click$4.call(Unknown Source)
	at Script1684833353072.run(Script1684833353072.groovy:36)
	... 16 more
)

2023-06-15 13:07:39 - [MESSAGE][INFO] - Unable to find the element located by 'By.xpath: (.//*[normalize-space(text()) and normalize-space(.)='Cancel'])[1]/following::button[1]'. Please recheck the objects properties to make sure the desired element is located. 

2023-06-15 13:07:39 - [MESSAGE][WARNING] - [SELF-HEALING] Failed to find element with id 'Object Repository/Page_LiveSust/button_Delete'. Try using Self-healing.

2023-06-15 13:07:40 - [MESSAGE][INFO] - [SELF-HEALING] Failed Locator: '(.//*[normalize-space(text()) and normalize-space(.)='Cancel'])[1]/following::button[1]'.

2023-06-15 13:07:40 - [MESSAGE][INFO] - [SELF-HEALING] Failed Locator: '(.//*[normalize-space(text()) and normalize-space(.)='Are you sure you want to delete?'])[1]/following::button[2]'.

2023-06-15 13:07:40 - [MESSAGE][INFO] - [SELF-HEALING] Failed Locator: '//*/text()[normalize-space(.)='Delete']/parent::*'.

2023-06-15 13:07:41 - [MESSAGE][INFO] - [SELF-HEALING] Failed Locator: '//div[2]/button[2]'.

2023-06-15 13:07:41 - [MESSAGE][INFO] - [SELF-HEALING] Failed Locator: '//button[(text() = 'Delete' or . = 'Delete')]'.

2023-06-15 13:07:42 - [MESSAGE][INFO] - Unable to find the element located by 'By.xpath: //*[(text() = 'Delete' or . = 'Delete')]'. Please recheck the objects properties to make sure the desired element is located. 

2023-06-15 13:07:43 - [MESSAGE][INFO] - Unable to find the element located by 'By.cssSelector: button.btn-danger.px-4.py-2.mx-3.fs12.my-2.ng-star-inserted'. Please recheck the objects properties to make sure the desired element is located. 

2023-06-15 13:07:44 - [MESSAGE][FAILED] - Unable to click on object 'Object Repository/Page_LiveSust/button_Delete' (Root cause: com.kms.katalon.core.exception.StepFailedException: Unable to click on object 'Object Repository/Page_LiveSust/button_Delete'
	at com.kms.katalon.core.webui.keyword.internal.WebUIKeywordMain.stepFailed(WebUIKeywordMain.groovy:64)
	at com.kms.katalon.core.webui.keyword.internal.WebUIKeywordMain.runKeyword(WebUIKeywordMain.groovy:26)
	at com.kms.katalon.core.webui.keyword.builtin.ClickKeyword.click(ClickKeyword.groovy:74)
	at com.kms.katalon.core.webui.keyword.builtin.ClickKeyword.execute(ClickKeyword.groovy:40)
	at com.kms.katalon.core.keyword.internal.KeywordExecutor.executeKeywordForPlatform(KeywordExecutor.groovy:74)
	at com.kms.katalon.core.webui.keyword.WebUiBuiltInKeywords.click(WebUiBuiltInKeywords.groovy:620)
	at com.kms.katalon.core.webui.keyword.WebUiBuiltInKeywords$click$4.call(Unknown Source)
	at Delete equip group.run(Delete equip group:36)
	at com.kms.katalon.core.main.ScriptEngine.run(ScriptEngine.java:194)
	at com.kms.katalon.core.main.ScriptEngine.runScriptAsRawText(ScriptEngine.java:119)
	at com.kms.katalon.core.main.TestCaseExecutor.runScript(TestCaseExecutor.java:448)
	at com.kms.katalon.core.main.TestCaseExecutor.doExecute(TestCaseExecutor.java:439)
	at com.kms.katalon.core.main.TestCaseExecutor.processExecutionPhase(TestCaseExecutor.java:418)
	at com.kms.katalon.core.main.TestCaseExecutor.accessMainPhase(TestCaseExecutor.java:410)
	at com.kms.katalon.core.main.TestCaseExecutor.execute(TestCaseExecutor.java:285)
	at com.kms.katalon.core.main.TestCaseExecutor.execute(TestCaseExecutor.java:369)
	at com.kms.katalon.core.main.TestCaseExecutor.execute(TestCaseExecutor.java:369)
	at com.kms.katalon.core.main.TestCaseExecutor.execute(TestCaseExecutor.java:369)
	at com.kms.katalon.core.common.CommonExecutor.accessTestCaseMainPhase(CommonExecutor.java:65)
	at com.kms.katalon.core.main.TestSuiteExecutor.accessTestSuiteMainPhase(TestSuiteExecutor.java:148)
	at com.kms.katalon.core.main.TestSuiteExecutor.execute(TestSuiteExecutor.java:106)
	at com.kms.katalon.core.main.TestCaseMain.startTestSuite(TestCaseMain.java:187)
	at com.kms.katalon.core.main.TestCaseMain$startTestSuite$0.call(Unknown Source)
	at TempTestSuite1686812760521.run(TempTestSuite1686812760521.groovy:36)
Caused by: com.kms.katalon.core.webui.exception.WebElementNotFoundException: Web element with id: 'Object Repository/Page_LiveSust/button_Delete' located by '(.//*[normalize-space(text()) and normalize-space(.)='Cancel'])[1]/following::button[1]' not found
	at com.kms.katalon.core.webui.common.WebUiCommonHelper.findWebElement(WebUiCommonHelper.java:1381)
	at com.kms.katalon.core.webui.keyword.internal.WebUIAbstractKeyword.findWebElement(WebUIAbstractKeyword.groovy:27)
	at com.kms.katalon.core.webui.keyword.builtin.ClickKeyword$_click_closure1.doCall(ClickKeyword.groovy:65)
	at com.kms.katalon.core.webui.keyword.builtin.ClickKeyword$_click_closure1.call(ClickKeyword.groovy)
	at com.kms.katalon.core.webui.keyword.internal.WebUIKeywordMain.runKeyword(WebUIKeywordMain.groovy:20)
	at com.kms.katalon.core.webui.keyword.builtin.ClickKeyword.click(ClickKeyword.groovy:74)
	at com.kms.katalon.core.webui.keyword.builtin.ClickKeyword.execute(ClickKeyword.groovy:40)
	at com.kms.katalon.core.keyword.internal.KeywordExecutor.executeKeywordForPlatform(KeywordExecutor.groovy:74)
	at com.kms.katalon.core.webui.keyword.WebUiBuiltInKeywords.click(WebUiBuiltInKeywords.groovy:620)
	at com.kms.katalon.core.webui.keyword.WebUiBuiltInKeywords$click$4.call(Unknown Source)
	at Script1684833353072.run(Script1684833353072.groovy:36)
	... 16 more
)
[[ATTACHMENT|C:\\Users\\rajeswari.r\\Katalon Studio\\Livesust\\Reports\\20230615_123600\\Sprint 4\\20230615_123600\\1686814663862.png]]]]></system-out>
         <system-err><![CDATA[2023-06-15 13:06:19 - [TEST_CASE][FAILED] - Test Cases/Sprint 4/Delete equip group: Test Cases/Sprint 4/Delete equip group FAILED.
Reason:
com.kms.katalon.core.exception.StepFailedException: Unable to click on object 'Object Repository/Page_LiveSust/button_Delete'
	at com.kms.katalon.core.webui.keyword.internal.WebUIKeywordMain.stepFailed(WebUIKeywordMain.groovy:64)
	at com.kms.katalon.core.webui.keyword.internal.WebUIKeywordMain.runKeyword(WebUIKeywordMain.groovy:26)
	at com.kms.katalon.core.webui.keyword.builtin.ClickKeyword.click(ClickKeyword.groovy:74)
	at com.kms.katalon.core.webui.keyword.builtin.ClickKeyword.execute(ClickKeyword.groovy:40)
	at com.kms.katalon.core.keyword.internal.KeywordExecutor.executeKeywordForPlatform(KeywordExecutor.groovy:74)
	at com.kms.katalon.core.webui.keyword.WebUiBuiltInKeywords.click(WebUiBuiltInKeywords.groovy:620)
	at com.kms.katalon.core.webui.keyword.WebUiBuiltInKeywords$click$4.call(Unknown Source)
	at Delete equip group.run(Delete equip group:36)
	at com.kms.katalon.core.main.ScriptEngine.run(ScriptEngine.java:194)
	at com.kms.katalon.core.main.ScriptEngine.runScriptAsRawText(ScriptEngine.java:119)
	at com.kms.katalon.core.main.TestCaseExecutor.runScript(TestCaseExecutor.java:448)
	at com.kms.katalon.core.main.TestCaseExecutor.doExecute(TestCaseExecutor.java:439)
	at com.kms.katalon.core.main.TestCaseExecutor.processExecutionPhase(TestCaseExecutor.java:418)
	at com.kms.katalon.core.main.TestCaseExecutor.accessMainPhase(TestCaseExecutor.java:410)
	at com.kms.katalon.core.main.TestCaseExecutor.execute(TestCaseExecutor.java:285)
	at com.kms.katalon.core.main.TestCaseExecutor.execute(TestCaseExecutor.java:369)
	at com.kms.katalon.core.main.TestCaseExecutor.execute(TestCaseExecutor.java:369)
	at com.kms.katalon.core.main.TestCaseExecutor.execute(TestCaseExecutor.java:369)
	at com.kms.katalon.core.common.CommonExecutor.accessTestCaseMainPhase(CommonExecutor.java:65)
	at com.kms.katalon.core.main.TestSuiteExecutor.accessTestSuiteMainPhase(TestSuiteExecutor.java:148)
	at com.kms.katalon.core.main.TestSuiteExecutor.execute(TestSuiteExecutor.java:106)
	at com.kms.katalon.core.main.TestCaseMain.startTestSuite(TestCaseMain.java:187)
	at com.kms.katalon.core.main.TestCaseMain$startTestSuite$0.call(Unknown Source)
	at TempTestSuite1686812760521.run(TempTestSuite1686812760521.groovy:36)
Caused by: com.kms.katalon.core.webui.exception.WebElementNotFoundException: Web element with id: 'Object Repository/Page_LiveSust/button_Delete' located by '(.//*[normalize-space(text()) and normalize-space(.)='Cancel'])[1]/following::button[1]' not found
	at com.kms.katalon.core.webui.common.WebUiCommonHelper.findWebElement(WebUiCommonHelper.java:1381)
	at com.kms.katalon.core.webui.keyword.internal.WebUIAbstractKeyword.findWebElement(WebUIAbstractKeyword.groovy:27)
	at com.kms.katalon.core.webui.keyword.builtin.ClickKeyword$_click_closure1.doCall(ClickKeyword.groovy:65)
	at com.kms.katalon.core.webui.keyword.builtin.ClickKeyword$_click_closure1.call(ClickKeyword.groovy)
	at com.kms.katalon.core.webui.keyword.internal.WebUIKeywordMain.runKeyword(WebUIKeywordMain.groovy:20)
	... 22 more]]></system-err>
      </testcase>
      <testcase name="Test Cases/Sprint 4/Edit equip" time="51.833" classname="Test Cases/Sprint 4/Edit equip" status="FAILED">
         <failure type="FAILED" message="Test Cases/Sprint 4/Edit equip FAILED.
Reason:
com.kms.katalon.core.exception.StepFailedException: Unable to set text '43' of object 'Object Repository/Page_LiveSust/input_Serial_Size'
	at com.kms.katalon.core.webui.keyword.internal.WebUIKeywordMain.stepFailed(WebUIKeywordMain.groovy:64)
	at com.kms.katalon.core.webui.keyword.internal.WebUIKeywordMain.runKeyword(WebUIKeywordMain.groovy:26)
	at com.kms.katalon.core.webui.keyword.builtin.SetTextKeyword.setText(SetTextKeyword.groovy:66)
	at com.kms.katalon.core.webui.keyword.builtin.SetTextKeyword.execute(SetTextKeyword.groovy:37)
	at com.kms.katalon.core.keyword.internal.KeywordExecutor.executeKeywordForPlatform(KeywordExecutor.groovy:74)
	at com.kms.katalon.core.webui.keyword.WebUiBuiltInKeywords.setText(WebUiBuiltInKeywords.groovy:980)
	at com.kms.katalon.core.webui.keyword.WebUiBuiltInKeywords$setText$2.call(Unknown Source)
	at Edit equip.run(Edit equip:38)
	at com.kms.katalon.core.main.ScriptEngine.run(ScriptEngine.java:194)
	at com.kms.katalon.core.main.ScriptEngine.runScriptAsRawText(ScriptEngine.java:119)
	at com.kms.katalon.core.main.TestCaseExecutor.runScript(TestCaseExecutor.java:448)
	at com.kms.katalon.core.main.TestCaseExecutor.doExecute(TestCaseExecutor.java:439)
	at com.kms.katalon.core.main.TestCaseExecutor.processExecutionPhase(TestCaseExecutor.java:418)
	at com.kms.katalon.core.main.TestCaseExecutor.accessMainPhase(TestCaseExecutor.java:410)
	at com.kms.katalon.core.main.TestCaseExecutor.execute(TestCaseExecutor.java:285)
	at com.kms.katalon.core.main.TestCaseExecutor.execute(TestCaseExecutor.java:369)
	at com.kms.katalon.core.main.TestCaseExecutor.execute(TestCaseExecutor.java:369)
	at com.kms.katalon.core.main.TestCaseExecutor.execute(TestCaseExecutor.java:369)
	at com.kms.katalon.core.common.CommonExecutor.accessTestCaseMainPhase(CommonExecutor.java:65)
	at com.kms.katalon.core.main.TestSuiteExecutor.accessTestSuiteMainPhase(TestSuiteExecutor.java:148)
	at com.kms.katalon.core.main.TestSuiteExecutor.execute(TestSuiteExecutor.java:106)
	at com.kms.katalon.core.main.TestCaseMain.startTestSuite(TestCaseMain.java:187)
	at com.kms.katalon.core.main.TestCaseMain$startTestSuite$0.call(Unknown Source)
	at TempTestSuite1686812760521.run(TempTestSuite1686812760521.groovy:36)
Caused by: com.kms.katalon.core.webui.exception.WebElementNotFoundException: Web element with id: 'Object Repository/Page_LiveSust/input_Serial_Size' located by '//input[@id='Size']' not found
	at com.kms.katalon.core.webui.common.WebUiCommonHelper.findWebElement(WebUiCommonHelper.java:1381)
	at com.kms.katalon.core.webui.keyword.internal.WebUIAbstractKeyword.findWebElement(WebUIAbstractKeyword.groovy:27)
	at com.kms.katalon.core.webui.keyword.internal.WebUIAbstractKeyword.findWebElement(WebUIAbstractKeyword.groovy:26)
	at com.kms.katalon.core.webui.keyword.builtin.SetTextKeyword$_setText_closure1.doCall(SetTextKeyword.groovy:51)
	at com.kms.katalon.core.webui.keyword.builtin.SetTextKeyword$_setText_closure1.call(SetTextKeyword.groovy)
	at com.kms.katalon.core.webui.keyword.internal.WebUIKeywordMain.runKeyword(WebUIKeywordMain.groovy:20)
	... 22 more
"/>
         <system-out><![CDATA[2023-06-15 13:10:19 - [TEST_CASE][FAILED] - Test Cases/Sprint 4/Edit equip: Test Cases/Sprint 4/Edit equip FAILED.
Reason:
com.kms.katalon.core.exception.StepFailedException: Unable to set text '43' of object 'Object Repository/Page_LiveSust/input_Serial_Size'
	at com.kms.katalon.core.webui.keyword.internal.WebUIKeywordMain.stepFailed(WebUIKeywordMain.groovy:64)
	at com.kms.katalon.core.webui.keyword.internal.WebUIKeywordMain.runKeyword(WebUIKeywordMain.groovy:26)
	at com.kms.katalon.core.webui.keyword.builtin.SetTextKeyword.setText(SetTextKeyword.groovy:66)
	at com.kms.katalon.core.webui.keyword.builtin.SetTextKeyword.execute(SetTextKeyword.groovy:37)
	at com.kms.katalon.core.keyword.internal.KeywordExecutor.executeKeywordForPlatform(KeywordExecutor.groovy:74)
	at com.kms.katalon.core.webui.keyword.WebUiBuiltInKeywords.setText(WebUiBuiltInKeywords.groovy:980)
	at com.kms.katalon.core.webui.keyword.WebUiBuiltInKeywords$setText$2.call(Unknown Source)
	at Edit equip.run(Edit equip:38)
	at com.kms.katalon.core.main.ScriptEngine.run(ScriptEngine.java:194)
	at com.kms.katalon.core.main.ScriptEngine.runScriptAsRawText(ScriptEngine.java:119)
	at com.kms.katalon.core.main.TestCaseExecutor.runScript(TestCaseExecutor.java:448)
	at com.kms.katalon.core.main.TestCaseExecutor.doExecute(TestCaseExecutor.java:439)
	at com.kms.katalon.core.main.TestCaseExecutor.processExecutionPhase(TestCaseExecutor.java:418)
	at com.kms.katalon.core.main.TestCaseExecutor.accessMainPhase(TestCaseExecutor.java:410)
	at com.kms.katalon.core.main.TestCaseExecutor.execute(TestCaseExecutor.java:285)
	at com.kms.katalon.core.main.TestCaseExecutor.execute(TestCaseExecutor.java:369)
	at com.kms.katalon.core.main.TestCaseExecutor.execute(TestCaseExecutor.java:369)
	at com.kms.katalon.core.main.TestCaseExecutor.execute(TestCaseExecutor.java:369)
	at com.kms.katalon.core.common.CommonExecutor.accessTestCaseMainPhase(CommonExecutor.java:65)
	at com.kms.katalon.core.main.TestSuiteExecutor.accessTestSuiteMainPhase(TestSuiteExecutor.java:148)
	at com.kms.katalon.core.main.TestSuiteExecutor.execute(TestSuiteExecutor.java:106)
	at com.kms.katalon.core.main.TestCaseMain.startTestSuite(TestCaseMain.java:187)
	at com.kms.katalon.core.main.TestCaseMain$startTestSuite$0.call(Unknown Source)
	at TempTestSuite1686812760521.run(TempTestSuite1686812760521.groovy:36)
Caused by: com.kms.katalon.core.webui.exception.WebElementNotFoundException: Web element with id: 'Object Repository/Page_LiveSust/input_Serial_Size' located by '//input[@id='Size']' not found
	at com.kms.katalon.core.webui.common.WebUiCommonHelper.findWebElement(WebUiCommonHelper.java:1381)
	at com.kms.katalon.core.webui.keyword.internal.WebUIAbstractKeyword.findWebElement(WebUIAbstractKeyword.groovy:27)
	at com.kms.katalon.core.webui.keyword.internal.WebUIAbstractKeyword.findWebElement(WebUIAbstractKeyword.groovy:26)
	at com.kms.katalon.core.webui.keyword.builtin.SetTextKeyword$_setText_closure1.doCall(SetTextKeyword.groovy:51)
	at com.kms.katalon.core.webui.keyword.builtin.SetTextKeyword$_setText_closure1.call(SetTextKeyword.groovy)
	at com.kms.katalon.core.webui.keyword.internal.WebUIKeywordMain.runKeyword(WebUIKeywordMain.groovy:20)
	... 22 more


2023-06-15 13:10:19 - [TEST_STEP][PASSED] - openBrowser(""): Browser is opened with url: ''

2023-06-15 13:10:19 - [MESSAGE][WARNING] - A browser is already opened. Closing browser and opening a new one

2023-06-15 13:10:21 - [MESSAGE][INFO] - Starting 'Chrome' driver

2023-06-15 13:10:21 - [MESSAGE][INFO] - Action delay is set to 0 milliseconds

2023-06-15 13:10:24 - [MESSAGE][PASSED] - Browser is opened with url: ''

2023-06-15 13:10:24 - [TEST_STEP][PASSED] - navigateToUrl("https://livesust-test-web.optisolbusiness.com/login"): Navigate to 'https://livesust-test-web.optisolbusiness.com/login' successfully

2023-06-15 13:10:27 - [MESSAGE][PASSED] - Navigate to 'https://livesust-test-web.optisolbusiness.com/login' successfully

2023-06-15 13:10:27 - [TEST_STEP][PASSED] - maximizeWindow(): Current window maximized

2023-06-15 13:10:28 - [MESSAGE][PASSED] - Current window maximized

2023-06-15 13:10:28 - [TEST_STEP][PASSED] - setText(findTestObject("Object Repository/Page_LiveSust/input_Provider Log In_Username  E-Mail Address"), "Sachin@yopmail.com"): Text 'Sachin@yopmail.com' is set on object 'Object Repository/Page_LiveSust/input_Provider Log In_Username  E-Mail Address'

2023-06-15 13:10:29 - [MESSAGE][PASSED] - Text 'Sachin@yopmail.com' is set on object 'Object Repository/Page_LiveSust/input_Provider Log In_Username  E-Mail Address'

2023-06-15 13:10:29 - [TEST_STEP][PASSED] - setEncryptedText(findTestObject("Object Repository/Page_LiveSust/input_Username  E-Mail Address_Password"), "+p0xE3Qc9agwqAa4cuTULg=="): Text ****** has been set on object 'Object Repository/Page_LiveSust/input_Username  E-Mail Address_Password'

2023-06-15 13:10:29 - [MESSAGE][PASSED] - Text ****** has been set on object 'Object Repository/Page_LiveSust/input_Username  E-Mail Address_Password'

2023-06-15 13:10:29 - [TEST_STEP][PASSED] - click(findTestObject("Object Repository/Page_LiveSust/button_Log In")): Object: 'Object Repository/Page_LiveSust/button_Log In' is clicked on

2023-06-15 13:10:30 - [MESSAGE][PASSED] - Object: 'Object Repository/Page_LiveSust/button_Log In' is clicked on

2023-06-15 13:10:30 - [TEST_STEP][PASSED] - click(findTestObject("Object Repository/Page_LiveSust/span_Estimates")): Object: 'Object Repository/Page_LiveSust/span_Estimates' is clicked on

2023-06-15 13:10:33 - [MESSAGE][PASSED] - Object: 'Object Repository/Page_LiveSust/span_Estimates' is clicked on

2023-06-15 13:10:33 - [TEST_STEP][PASSED] - click(findTestObject("Object Repository/Page_LiveSust/span_Equipment")): Object: 'Object Repository/Page_LiveSust/span_Equipment' is clicked on

2023-06-15 13:10:34 - [MESSAGE][PASSED] - Object: 'Object Repository/Page_LiveSust/span_Equipment' is clicked on

2023-06-15 13:10:34 - [TEST_STEP][PASSED] - click(findTestObject("Object Repository/Page_LiveSust/button_Active_btn-outline")): Object: 'Object Repository/Page_LiveSust/button_Active_btn-outline' is clicked on

2023-06-15 13:10:35 - [MESSAGE][PASSED] - Object: 'Object Repository/Page_LiveSust/button_Active_btn-outline' is clicked on

2023-06-15 13:10:35 - [TEST_STEP][FAILED] - setText(findTestObject("Object Repository/Page_LiveSust/input_Serial_Size"), "43"): Unable to set text '43' of object 'Object Repository/Page_LiveSust/input_Serial_Size' (Root cause: com.kms.katalon.core.exception.StepFailedException: Unable to set text '43' of object 'Object Repository/Page_LiveSust/input_Serial_Size'
	at com.kms.katalon.core.webui.keyword.internal.WebUIKeywordMain.stepFailed(WebUIKeywordMain.groovy:64)
	at com.kms.katalon.core.webui.keyword.internal.WebUIKeywordMain.runKeyword(WebUIKeywordMain.groovy:26)
	at com.kms.katalon.core.webui.keyword.builtin.SetTextKeyword.setText(SetTextKeyword.groovy:66)
	at com.kms.katalon.core.webui.keyword.builtin.SetTextKeyword.execute(SetTextKeyword.groovy:37)
	at com.kms.katalon.core.keyword.internal.KeywordExecutor.executeKeywordForPlatform(KeywordExecutor.groovy:74)
	at com.kms.katalon.core.webui.keyword.WebUiBuiltInKeywords.setText(WebUiBuiltInKeywords.groovy:980)
	at com.kms.katalon.core.webui.keyword.WebUiBuiltInKeywords$setText$2.call(Unknown Source)
	at Edit equip.run(Edit equip:38)
	at com.kms.katalon.core.main.ScriptEngine.run(ScriptEngine.java:194)
	at com.kms.katalon.core.main.ScriptEngine.runScriptAsRawText(ScriptEngine.java:119)
	at com.kms.katalon.core.main.TestCaseExecutor.runScript(TestCaseExecutor.java:448)
	at com.kms.katalon.core.main.TestCaseExecutor.doExecute(TestCaseExecutor.java:439)
	at com.kms.katalon.core.main.TestCaseExecutor.processExecutionPhase(TestCaseExecutor.java:418)
	at com.kms.katalon.core.main.TestCaseExecutor.accessMainPhase(TestCaseExecutor.java:410)
	at com.kms.katalon.core.main.TestCaseExecutor.execute(TestCaseExecutor.java:285)
	at com.kms.katalon.core.main.TestCaseExecutor.execute(TestCaseExecutor.java:369)
	at com.kms.katalon.core.main.TestCaseExecutor.execute(TestCaseExecutor.java:369)
	at com.kms.katalon.core.main.TestCaseExecutor.execute(TestCaseExecutor.java:369)
	at com.kms.katalon.core.common.CommonExecutor.accessTestCaseMainPhase(CommonExecutor.java:65)
	at com.kms.katalon.core.main.TestSuiteExecutor.accessTestSuiteMainPhase(TestSuiteExecutor.java:148)
	at com.kms.katalon.core.main.TestSuiteExecutor.execute(TestSuiteExecutor.java:106)
	at com.kms.katalon.core.main.TestCaseMain.startTestSuite(TestCaseMain.java:187)
	at com.kms.katalon.core.main.TestCaseMain$startTestSuite$0.call(Unknown Source)
	at TempTestSuite1686812760521.run(TempTestSuite1686812760521.groovy:36)
Caused by: com.kms.katalon.core.webui.exception.WebElementNotFoundException: Web element with id: 'Object Repository/Page_LiveSust/input_Serial_Size' located by '//input[@id='Size']' not found
	at com.kms.katalon.core.webui.common.WebUiCommonHelper.findWebElement(WebUiCommonHelper.java:1381)
	at com.kms.katalon.core.webui.keyword.internal.WebUIAbstractKeyword.findWebElement(WebUIAbstractKeyword.groovy:27)
	at com.kms.katalon.core.webui.keyword.internal.WebUIAbstractKeyword.findWebElement(WebUIAbstractKeyword.groovy:26)
	at com.kms.katalon.core.webui.keyword.builtin.SetTextKeyword$_setText_closure1.doCall(SetTextKeyword.groovy:51)
	at com.kms.katalon.core.webui.keyword.builtin.SetTextKeyword$_setText_closure1.call(SetTextKeyword.groovy)
	at com.kms.katalon.core.webui.keyword.internal.WebUIKeywordMain.runKeyword(WebUIKeywordMain.groovy:20)
	at com.kms.katalon.core.webui.keyword.builtin.SetTextKeyword.setText(SetTextKeyword.groovy:66)
	at com.kms.katalon.core.webui.keyword.builtin.SetTextKeyword.execute(SetTextKeyword.groovy:37)
	at com.kms.katalon.core.keyword.internal.KeywordExecutor.executeKeywordForPlatform(KeywordExecutor.groovy:74)
	at com.kms.katalon.core.webui.keyword.WebUiBuiltInKeywords.setText(WebUiBuiltInKeywords.groovy:980)
	at com.kms.katalon.core.webui.keyword.WebUiBuiltInKeywords$setText$2.call(Unknown Source)
	at Script1685506999729.run(Script1685506999729.groovy:38)
	... 16 more
)

2023-06-15 13:11:07 - [MESSAGE][INFO] - Unable to find the element located by 'By.xpath: //input[@id='Size']'. Please recheck the objects properties to make sure the desired element is located. 

2023-06-15 13:11:07 - [MESSAGE][WARNING] - [SELF-HEALING] Failed to find element with id 'Object Repository/Page_LiveSust/input_Serial_Size'. Try using Self-healing.

2023-06-15 13:11:07 - [MESSAGE][INFO] - [SELF-HEALING] Failed Locator: '//input[@id='Size']'.

2023-06-15 13:11:07 - [MESSAGE][INFO] - [SELF-HEALING] Failed Locator: '//form[@id='equipmentForm']/div/div/app-input[3]/div/input'.

2023-06-15 13:11:08 - [MESSAGE][INFO] - [SELF-HEALING] Failed Locator: '//app-input[3]/div/input'.

2023-06-15 13:11:08 - [MESSAGE][INFO] - [SELF-HEALING] Failed Locator: '//input[@placeholder = 'labelName' and @type = 'text' and @id = 'Size']'.

2023-06-15 13:11:09 - [MESSAGE][INFO] - Unable to find the element located by 'By.xpath: //*[@placeholder = 'labelName' and @type = 'text' and @id = 'Size']'. Please recheck the objects properties to make sure the desired element is located. 

2023-06-15 13:11:11 - [MESSAGE][INFO] - Unable to find the element located by 'By.cssSelector: #Size'. Please recheck the objects properties to make sure the desired element is located. 

2023-06-15 13:11:11 - [MESSAGE][FAILED] - Unable to set text '43' of object 'Object Repository/Page_LiveSust/input_Serial_Size' (Root cause: com.kms.katalon.core.exception.StepFailedException: Unable to set text '43' of object 'Object Repository/Page_LiveSust/input_Serial_Size'
	at com.kms.katalon.core.webui.keyword.internal.WebUIKeywordMain.stepFailed(WebUIKeywordMain.groovy:64)
	at com.kms.katalon.core.webui.keyword.internal.WebUIKeywordMain.runKeyword(WebUIKeywordMain.groovy:26)
	at com.kms.katalon.core.webui.keyword.builtin.SetTextKeyword.setText(SetTextKeyword.groovy:66)
	at com.kms.katalon.core.webui.keyword.builtin.SetTextKeyword.execute(SetTextKeyword.groovy:37)
	at com.kms.katalon.core.keyword.internal.KeywordExecutor.executeKeywordForPlatform(KeywordExecutor.groovy:74)
	at com.kms.katalon.core.webui.keyword.WebUiBuiltInKeywords.setText(WebUiBuiltInKeywords.groovy:980)
	at com.kms.katalon.core.webui.keyword.WebUiBuiltInKeywords$setText$2.call(Unknown Source)
	at Edit equip.run(Edit equip:38)
	at com.kms.katalon.core.main.ScriptEngine.run(ScriptEngine.java:194)
	at com.kms.katalon.core.main.ScriptEngine.runScriptAsRawText(ScriptEngine.java:119)
	at com.kms.katalon.core.main.TestCaseExecutor.runScript(TestCaseExecutor.java:448)
	at com.kms.katalon.core.main.TestCaseExecutor.doExecute(TestCaseExecutor.java:439)
	at com.kms.katalon.core.main.TestCaseExecutor.processExecutionPhase(TestCaseExecutor.java:418)
	at com.kms.katalon.core.main.TestCaseExecutor.accessMainPhase(TestCaseExecutor.java:410)
	at com.kms.katalon.core.main.TestCaseExecutor.execute(TestCaseExecutor.java:285)
	at com.kms.katalon.core.main.TestCaseExecutor.execute(TestCaseExecutor.java:369)
	at com.kms.katalon.core.main.TestCaseExecutor.execute(TestCaseExecutor.java:369)
	at com.kms.katalon.core.main.TestCaseExecutor.execute(TestCaseExecutor.java:369)
	at com.kms.katalon.core.common.CommonExecutor.accessTestCaseMainPhase(CommonExecutor.java:65)
	at com.kms.katalon.core.main.TestSuiteExecutor.accessTestSuiteMainPhase(TestSuiteExecutor.java:148)
	at com.kms.katalon.core.main.TestSuiteExecutor.execute(TestSuiteExecutor.java:106)
	at com.kms.katalon.core.main.TestCaseMain.startTestSuite(TestCaseMain.java:187)
	at com.kms.katalon.core.main.TestCaseMain$startTestSuite$0.call(Unknown Source)
	at TempTestSuite1686812760521.run(TempTestSuite1686812760521.groovy:36)
Caused by: com.kms.katalon.core.webui.exception.WebElementNotFoundException: Web element with id: 'Object Repository/Page_LiveSust/input_Serial_Size' located by '//input[@id='Size']' not found
	at com.kms.katalon.core.webui.common.WebUiCommonHelper.findWebElement(WebUiCommonHelper.java:1381)
	at com.kms.katalon.core.webui.keyword.internal.WebUIAbstractKeyword.findWebElement(WebUIAbstractKeyword.groovy:27)
	at com.kms.katalon.core.webui.keyword.internal.WebUIAbstractKeyword.findWebElement(WebUIAbstractKeyword.groovy:26)
	at com.kms.katalon.core.webui.keyword.builtin.SetTextKeyword$_setText_closure1.doCall(SetTextKeyword.groovy:51)
	at com.kms.katalon.core.webui.keyword.builtin.SetTextKeyword$_setText_closure1.call(SetTextKeyword.groovy)
	at com.kms.katalon.core.webui.keyword.internal.WebUIKeywordMain.runKeyword(WebUIKeywordMain.groovy:20)
	at com.kms.katalon.core.webui.keyword.builtin.SetTextKeyword.setText(SetTextKeyword.groovy:66)
	at com.kms.katalon.core.webui.keyword.builtin.SetTextKeyword.execute(SetTextKeyword.groovy:37)
	at com.kms.katalon.core.keyword.internal.KeywordExecutor.executeKeywordForPlatform(KeywordExecutor.groovy:74)
	at com.kms.katalon.core.webui.keyword.WebUiBuiltInKeywords.setText(WebUiBuiltInKeywords.groovy:980)
	at com.kms.katalon.core.webui.keyword.WebUiBuiltInKeywords$setText$2.call(Unknown Source)
	at Script1685506999729.run(Script1685506999729.groovy:38)
	... 16 more
)
[[ATTACHMENT|C:\\Users\\rajeswari.r\\Katalon Studio\\Livesust\\Reports\\20230615_123600\\Sprint 4\\20230615_123600\\1686814871120.png]]]]></system-out>
         <system-err><![CDATA[2023-06-15 13:10:19 - [TEST_CASE][FAILED] - Test Cases/Sprint 4/Edit equip: Test Cases/Sprint 4/Edit equip FAILED.
Reason:
com.kms.katalon.core.exception.StepFailedException: Unable to set text '43' of object 'Object Repository/Page_LiveSust/input_Serial_Size'
	at com.kms.katalon.core.webui.keyword.internal.WebUIKeywordMain.stepFailed(WebUIKeywordMain.groovy:64)
	at com.kms.katalon.core.webui.keyword.internal.WebUIKeywordMain.runKeyword(WebUIKeywordMain.groovy:26)
	at com.kms.katalon.core.webui.keyword.builtin.SetTextKeyword.setText(SetTextKeyword.groovy:66)
	at com.kms.katalon.core.webui.keyword.builtin.SetTextKeyword.execute(SetTextKeyword.groovy:37)
	at com.kms.katalon.core.keyword.internal.KeywordExecutor.executeKeywordForPlatform(KeywordExecutor.groovy:74)
	at com.kms.katalon.core.webui.keyword.WebUiBuiltInKeywords.setText(WebUiBuiltInKeywords.groovy:980)
	at com.kms.katalon.core.webui.keyword.WebUiBuiltInKeywords$setText$2.call(Unknown Source)
	at Edit equip.run(Edit equip:38)
	at com.kms.katalon.core.main.ScriptEngine.run(ScriptEngine.java:194)
	at com.kms.katalon.core.main.ScriptEngine.runScriptAsRawText(ScriptEngine.java:119)
	at com.kms.katalon.core.main.TestCaseExecutor.runScript(TestCaseExecutor.java:448)
	at com.kms.katalon.core.main.TestCaseExecutor.doExecute(TestCaseExecutor.java:439)
	at com.kms.katalon.core.main.TestCaseExecutor.processExecutionPhase(TestCaseExecutor.java:418)
	at com.kms.katalon.core.main.TestCaseExecutor.accessMainPhase(TestCaseExecutor.java:410)
	at com.kms.katalon.core.main.TestCaseExecutor.execute(TestCaseExecutor.java:285)
	at com.kms.katalon.core.main.TestCaseExecutor.execute(TestCaseExecutor.java:369)
	at com.kms.katalon.core.main.TestCaseExecutor.execute(TestCaseExecutor.java:369)
	at com.kms.katalon.core.main.TestCaseExecutor.execute(TestCaseExecutor.java:369)
	at com.kms.katalon.core.common.CommonExecutor.accessTestCaseMainPhase(CommonExecutor.java:65)
	at com.kms.katalon.core.main.TestSuiteExecutor.accessTestSuiteMainPhase(TestSuiteExecutor.java:148)
	at com.kms.katalon.core.main.TestSuiteExecutor.execute(TestSuiteExecutor.java:106)
	at com.kms.katalon.core.main.TestCaseMain.startTestSuite(TestCaseMain.java:187)
	at com.kms.katalon.core.main.TestCaseMain$startTestSuite$0.call(Unknown Source)
	at TempTestSuite1686812760521.run(TempTestSuite1686812760521.groovy:36)
Caused by: com.kms.katalon.core.webui.exception.WebElementNotFoundException: Web element with id: 'Object Repository/Page_LiveSust/input_Serial_Size' located by '//input[@id='Size']' not found
	at com.kms.katalon.core.webui.common.WebUiCommonHelper.findWebElement(WebUiCommonHelper.java:1381)
	at com.kms.katalon.core.webui.keyword.internal.WebUIAbstractKeyword.findWebElement(WebUIAbstractKeyword.groovy:27)
	at com.kms.katalon.core.webui.keyword.internal.WebUIAbstractKeyword.findWebElement(WebUIAbstractKeyword.groovy:26)
	at com.kms.katalon.core.webui.keyword.builtin.SetTextKeyword$_setText_closure1.doCall(SetTextKeyword.groovy:51)
	at com.kms.katalon.core.webui.keyword.builtin.SetTextKeyword$_setText_closure1.call(SetTextKeyword.groovy)
	at com.kms.katalon.core.webui.keyword.internal.WebUIKeywordMain.runKeyword(WebUIKeywordMain.groovy:20)
	... 22 more]]></system-err>
      </testcase>
      <testcase name="Test Cases/Sprint 4/Edit equipment group" time="0.736" classname="Test Cases/Sprint 4/Edit equipment group" status="PASSED">
         <system-out><![CDATA[2023-06-15 13:11:11 - [TEST_CASE][PASSED] - Test Cases/Sprint 4/Edit equipment group: Test Cases/Sprint 4/Edit equipment group

2023-06-15 13:11:12 - [TEST_STEP][PASSED] - return null: null]]></system-out>
         <system-err><![CDATA[]]></system-err>
      </testcase>
      <testcase name="Test Cases/Sprint 4/Seach with invalid Equip group name" time="47.467" classname="Test Cases/Sprint 4/Seach with invalid Equip group name" status="FAILED">
         <failure type="FAILED" message="Test Cases/Sprint 4/Seach with invalid Equip group name FAILED.
Reason:
com.kms.katalon.core.exception.StepFailedException: Unable to set text 'jgtkgkt' of object 'Object Repository/Page_LiveSust/input_Crew Colors_color-picker-input w-50 f_89ff85'
	at com.kms.katalon.core.webui.keyword.internal.WebUIKeywordMain.stepFailed(WebUIKeywordMain.groovy:64)
	at com.kms.katalon.core.webui.keyword.internal.WebUIKeywordMain.runKeyword(WebUIKeywordMain.groovy:26)
	at com.kms.katalon.core.webui.keyword.builtin.SetTextKeyword.setText(SetTextKeyword.groovy:66)
	at com.kms.katalon.core.webui.keyword.builtin.SetTextKeyword.execute(SetTextKeyword.groovy:37)
	at com.kms.katalon.core.keyword.internal.KeywordExecutor.executeKeywordForPlatform(KeywordExecutor.groovy:74)
	at com.kms.katalon.core.webui.keyword.WebUiBuiltInKeywords.setText(WebUiBuiltInKeywords.groovy:980)
	at com.kms.katalon.core.webui.keyword.WebUiBuiltInKeywords$setText$2.call(Unknown Source)
	at Seach with invalid Equip group name.run(Seach with invalid Equip group name:34)
	at com.kms.katalon.core.main.ScriptEngine.run(ScriptEngine.java:194)
	at com.kms.katalon.core.main.ScriptEngine.runScriptAsRawText(ScriptEngine.java:119)
	at com.kms.katalon.core.main.TestCaseExecutor.runScript(TestCaseExecutor.java:448)
	at com.kms.katalon.core.main.TestCaseExecutor.doExecute(TestCaseExecutor.java:439)
	at com.kms.katalon.core.main.TestCaseExecutor.processExecutionPhase(TestCaseExecutor.java:418)
	at com.kms.katalon.core.main.TestCaseExecutor.accessMainPhase(TestCaseExecutor.java:410)
	at com.kms.katalon.core.main.TestCaseExecutor.execute(TestCaseExecutor.java:285)
	at com.kms.katalon.core.main.TestCaseExecutor.execute(TestCaseExecutor.java:369)
	at com.kms.katalon.core.main.TestCaseExecutor.execute(TestCaseExecutor.java:369)
	at com.kms.katalon.core.main.TestCaseExecutor.execute(TestCaseExecutor.java:369)
	at com.kms.katalon.core.common.CommonExecutor.accessTestCaseMainPhase(CommonExecutor.java:65)
	at com.kms.katalon.core.main.TestSuiteExecutor.accessTestSuiteMainPhase(TestSuiteExecutor.java:148)
	at com.kms.katalon.core.main.TestSuiteExecutor.execute(TestSuiteExecutor.java:106)
	at com.kms.katalon.core.main.TestCaseMain.startTestSuite(TestCaseMain.java:187)
	at com.kms.katalon.core.main.TestCaseMain$startTestSuite$0.call(Unknown Source)
	at TempTestSuite1686812760521.run(TempTestSuite1686812760521.groovy:36)
Caused by: org.openqa.selenium.ElementNotInteractableException: element not interactable
  (Session info: chrome=114.0.5735.133)
Build info: version: '3.141.59', revision: 'e82be7d358', time: '2018-11-14T08:25:53'
System info: host: 'LAPTOP-OBS-62', ip: '192.168.29.231', os.name: 'Windows 10', os.arch: 'amd64', os.version: '10.0', java.version: '1.8.0_362'
Driver info: com.kms.katalon.selenium.driver.CChromeDriver
Capabilities {acceptInsecureCerts: false, browserName: chrome, browserVersion: 114.0.5735.133, chrome: {chromedriverVersion: 113.0.5672.24 (65f30d4e8051..., userDataDir: C:\Users\RAJESW~1.R\AppData...}, goog:chromeOptions: {debuggerAddress: localhost:55619}, javascriptEnabled: true, networkConnectionEnabled: false, pageLoadStrategy: normal, platform: WINDOWS, platformName: WINDOWS, proxy: Proxy(), setWindowRect: true, strictFileInteractability: false, timeouts: {implicit: 0, pageLoad: 300000, script: 30000}, unhandledPromptBehavior: dismiss and notify, webauthn:extension:credBlob: true, webauthn:extension:largeBlob: true, webauthn:extension:minPinLength: true, webauthn:extension:prf: true, webauthn:virtualAuthenticators: true}
Session ID: 462f6c3c44e95dc1e2819704ab2cbbcf
	at org.openqa.selenium.remote.http.W3CHttpResponseCodec.createException(W3CHttpResponseCodec.java:187)
	at org.openqa.selenium.remote.http.W3CHttpResponseCodec.decode(W3CHttpResponseCodec.java:122)
	at org.openqa.selenium.remote.http.W3CHttpResponseCodec.decode(W3CHttpResponseCodec.java:49)
	at org.openqa.selenium.remote.HttpCommandExecutor.execute(HttpCommandExecutor.java:158)
	at org.openqa.selenium.remote.service.DriverCommandExecutor.execute(DriverCommandExecutor.java:83)
	at org.openqa.selenium.remote.RemoteWebDriver.execute(RemoteWebDriver.java:552)
	at com.kms.katalon.selenium.driver.CChromeDriver.execute(CChromeDriver.java:19)
	at org.openqa.selenium.remote.RemoteWebElement.execute(RemoteWebElement.java:285)
	at org.openqa.selenium.remote.RemoteWebElement.clear(RemoteWebElement.java:124)
	at org.openqa.selenium.support.events.EventFiringWebDriver$EventFiringWebElement.lambda$new$0(EventFiringWebDriver.java:404)
	at com.sun.proxy.$Proxy11.clear(Unknown Source)
	at org.openqa.selenium.support.events.EventFiringWebDriver$EventFiringWebElement.clear(EventFiringWebDriver.java:436)
	at com.kms.katalon.core.webui.keyword.builtin.SetTextKeyword$_setText_closure1.doCall(SetTextKeyword.groovy:53)
	at com.kms.katalon.core.webui.keyword.builtin.SetTextKeyword$_setText_closure1.call(SetTextKeyword.groovy)
	at com.kms.katalon.core.webui.keyword.internal.WebUIKeywordMain.runKeyword(WebUIKeywordMain.groovy:20)
	... 22 more
"/>
         <system-out><![CDATA[2023-06-15 13:13:34 - [TEST_CASE][FAILED] - Test Cases/Sprint 4/Seach with invalid Equip group name: Test Cases/Sprint 4/Seach with invalid Equip group name FAILED.
Reason:
com.kms.katalon.core.exception.StepFailedException: Unable to set text 'jgtkgkt' of object 'Object Repository/Page_LiveSust/input_Crew Colors_color-picker-input w-50 f_89ff85'
	at com.kms.katalon.core.webui.keyword.internal.WebUIKeywordMain.stepFailed(WebUIKeywordMain.groovy:64)
	at com.kms.katalon.core.webui.keyword.internal.WebUIKeywordMain.runKeyword(WebUIKeywordMain.groovy:26)
	at com.kms.katalon.core.webui.keyword.builtin.SetTextKeyword.setText(SetTextKeyword.groovy:66)
	at com.kms.katalon.core.webui.keyword.builtin.SetTextKeyword.execute(SetTextKeyword.groovy:37)
	at com.kms.katalon.core.keyword.internal.KeywordExecutor.executeKeywordForPlatform(KeywordExecutor.groovy:74)
	at com.kms.katalon.core.webui.keyword.WebUiBuiltInKeywords.setText(WebUiBuiltInKeywords.groovy:980)
	at com.kms.katalon.core.webui.keyword.WebUiBuiltInKeywords$setText$2.call(Unknown Source)
	at Seach with invalid Equip group name.run(Seach with invalid Equip group name:34)
	at com.kms.katalon.core.main.ScriptEngine.run(ScriptEngine.java:194)
	at com.kms.katalon.core.main.ScriptEngine.runScriptAsRawText(ScriptEngine.java:119)
	at com.kms.katalon.core.main.TestCaseExecutor.runScript(TestCaseExecutor.java:448)
	at com.kms.katalon.core.main.TestCaseExecutor.doExecute(TestCaseExecutor.java:439)
	at com.kms.katalon.core.main.TestCaseExecutor.processExecutionPhase(TestCaseExecutor.java:418)
	at com.kms.katalon.core.main.TestCaseExecutor.accessMainPhase(TestCaseExecutor.java:410)
	at com.kms.katalon.core.main.TestCaseExecutor.execute(TestCaseExecutor.java:285)
	at com.kms.katalon.core.main.TestCaseExecutor.execute(TestCaseExecutor.java:369)
	at com.kms.katalon.core.main.TestCaseExecutor.execute(TestCaseExecutor.java:369)
	at com.kms.katalon.core.main.TestCaseExecutor.execute(TestCaseExecutor.java:369)
	at com.kms.katalon.core.common.CommonExecutor.accessTestCaseMainPhase(CommonExecutor.java:65)
	at com.kms.katalon.core.main.TestSuiteExecutor.accessTestSuiteMainPhase(TestSuiteExecutor.java:148)
	at com.kms.katalon.core.main.TestSuiteExecutor.execute(TestSuiteExecutor.java:106)
	at com.kms.katalon.core.main.TestCaseMain.startTestSuite(TestCaseMain.java:187)
	at com.kms.katalon.core.main.TestCaseMain$startTestSuite$0.call(Unknown Source)
	at TempTestSuite1686812760521.run(TempTestSuite1686812760521.groovy:36)
Caused by: org.openqa.selenium.ElementNotInteractableException: element not interactable
  (Session info: chrome=114.0.5735.133)
Build info: version: '3.141.59', revision: 'e82be7d358', time: '2018-11-14T08:25:53'
System info: host: 'LAPTOP-OBS-62', ip: '192.168.29.231', os.name: 'Windows 10', os.arch: 'amd64', os.version: '10.0', java.version: '1.8.0_362'
Driver info: com.kms.katalon.selenium.driver.CChromeDriver
Capabilities {acceptInsecureCerts: false, browserName: chrome, browserVersion: 114.0.5735.133, chrome: {chromedriverVersion: 113.0.5672.24 (65f30d4e8051..., userDataDir: C:\Users\RAJESW~1.R\AppData...}, goog:chromeOptions: {debuggerAddress: localhost:55619}, javascriptEnabled: true, networkConnectionEnabled: false, pageLoadStrategy: normal, platform: WINDOWS, platformName: WINDOWS, proxy: Proxy(), setWindowRect: true, strictFileInteractability: false, timeouts: {implicit: 0, pageLoad: 300000, script: 30000}, unhandledPromptBehavior: dismiss and notify, webauthn:extension:credBlob: true, webauthn:extension:largeBlob: true, webauthn:extension:minPinLength: true, webauthn:extension:prf: true, webauthn:virtualAuthenticators: true}
Session ID: 462f6c3c44e95dc1e2819704ab2cbbcf
	at org.openqa.selenium.remote.http.W3CHttpResponseCodec.createException(W3CHttpResponseCodec.java:187)
	at org.openqa.selenium.remote.http.W3CHttpResponseCodec.decode(W3CHttpResponseCodec.java:122)
	at org.openqa.selenium.remote.http.W3CHttpResponseCodec.decode(W3CHttpResponseCodec.java:49)
	at org.openqa.selenium.remote.HttpCommandExecutor.execute(HttpCommandExecutor.java:158)
	at org.openqa.selenium.remote.service.DriverCommandExecutor.execute(DriverCommandExecutor.java:83)
	at org.openqa.selenium.remote.RemoteWebDriver.execute(RemoteWebDriver.java:552)
	at com.kms.katalon.selenium.driver.CChromeDriver.execute(CChromeDriver.java:19)
	at org.openqa.selenium.remote.RemoteWebElement.execute(RemoteWebElement.java:285)
	at org.openqa.selenium.remote.RemoteWebElement.clear(RemoteWebElement.java:124)
	at org.openqa.selenium.support.events.EventFiringWebDriver$EventFiringWebElement.lambda$new$0(EventFiringWebDriver.java:404)
	at com.sun.proxy.$Proxy11.clear(Unknown Source)
	at org.openqa.selenium.support.events.EventFiringWebDriver$EventFiringWebElement.clear(EventFiringWebDriver.java:436)
	at com.kms.katalon.core.webui.keyword.builtin.SetTextKeyword$_setText_closure1.doCall(SetTextKeyword.groovy:53)
	at com.kms.katalon.core.webui.keyword.builtin.SetTextKeyword$_setText_closure1.call(SetTextKeyword.groovy)
	at com.kms.katalon.core.webui.keyword.internal.WebUIKeywordMain.runKeyword(WebUIKeywordMain.groovy:20)
	... 22 more


2023-06-15 13:13:34 - [TEST_STEP][PASSED] - openBrowser(""): Browser is opened with url: ''

2023-06-15 13:13:34 - [MESSAGE][WARNING] - A browser is already opened. Closing browser and opening a new one

2023-06-15 13:13:36 - [MESSAGE][INFO] - Starting 'Chrome' driver

2023-06-15 13:13:36 - [MESSAGE][INFO] - Action delay is set to 0 milliseconds

2023-06-15 13:13:40 - [MESSAGE][PASSED] - Browser is opened with url: ''

2023-06-15 13:13:40 - [TEST_STEP][PASSED] - navigateToUrl("https://livesust-test-web.optisolbusiness.com/login"): Navigate to 'https://livesust-test-web.optisolbusiness.com/login' successfully

2023-06-15 13:13:43 - [MESSAGE][PASSED] - Navigate to 'https://livesust-test-web.optisolbusiness.com/login' successfully

2023-06-15 13:13:43 - [TEST_STEP][PASSED] - setText(findTestObject("Object Repository/Page_LiveSust/input_Provider Log In_Username  E-Mail Address"), "Sachin@yopmail.com"): Text 'Sachin@yopmail.com' is set on object 'Object Repository/Page_LiveSust/input_Provider Log In_Username  E-Mail Address'

2023-06-15 13:13:44 - [MESSAGE][PASSED] - Text 'Sachin@yopmail.com' is set on object 'Object Repository/Page_LiveSust/input_Provider Log In_Username  E-Mail Address'

2023-06-15 13:13:44 - [TEST_STEP][PASSED] - setEncryptedText(findTestObject("Object Repository/Page_LiveSust/input_Username  E-Mail Address_Password"), "+p0xE3Qc9agwqAa4cuTULg=="): Text ****** has been set on object 'Object Repository/Page_LiveSust/input_Username  E-Mail Address_Password'

2023-06-15 13:13:45 - [MESSAGE][PASSED] - Text ****** has been set on object 'Object Repository/Page_LiveSust/input_Username  E-Mail Address_Password'

2023-06-15 13:13:45 - [TEST_STEP][PASSED] - click(findTestObject("Object Repository/Page_LiveSust/button_Log In")): Object: 'Object Repository/Page_LiveSust/button_Log In' is clicked on

2023-06-15 13:13:46 - [MESSAGE][PASSED] - Object: 'Object Repository/Page_LiveSust/button_Log In' is clicked on

2023-06-15 13:13:46 - [TEST_STEP][PASSED] - click(findTestObject("Object Repository/Page_LiveSust/span_Equipment")): Object: 'Object Repository/Page_LiveSust/span_Equipment' is clicked on

2023-06-15 13:13:48 - [MESSAGE][PASSED] - Object: 'Object Repository/Page_LiveSust/span_Equipment' is clicked on

2023-06-15 13:13:48 - [TEST_STEP][PASSED] - click(findTestObject("Object Repository/Page_LiveSust/span_Equipment Groups")): Object: 'Object Repository/Page_LiveSust/span_Equipment Groups' is clicked on

2023-06-15 13:13:50 - [MESSAGE][PASSED] - Object: 'Object Repository/Page_LiveSust/span_Equipment Groups' is clicked on

2023-06-15 13:13:50 - [TEST_STEP][FAILED] - setText(findTestObject("Object Repository/Page_LiveSust/input_Crew Colors_color-picker-input w-50 f_89ff85"), "jgtkgkt"): Unable to set text 'jgtkgkt' of object 'Object Repository/Page_LiveSust/input_Crew Colors_color-picker-input w-50 f_89ff85' (Root cause: com.kms.katalon.core.exception.StepFailedException: Unable to set text 'jgtkgkt' of object 'Object Repository/Page_LiveSust/input_Crew Colors_color-picker-input w-50 f_89ff85'
	at com.kms.katalon.core.webui.keyword.internal.WebUIKeywordMain.stepFailed(WebUIKeywordMain.groovy:64)
	at com.kms.katalon.core.webui.keyword.internal.WebUIKeywordMain.runKeyword(WebUIKeywordMain.groovy:26)
	at com.kms.katalon.core.webui.keyword.builtin.SetTextKeyword.setText(SetTextKeyword.groovy:66)
	at com.kms.katalon.core.webui.keyword.builtin.SetTextKeyword.execute(SetTextKeyword.groovy:37)
	at com.kms.katalon.core.keyword.internal.KeywordExecutor.executeKeywordForPlatform(KeywordExecutor.groovy:74)
	at com.kms.katalon.core.webui.keyword.WebUiBuiltInKeywords.setText(WebUiBuiltInKeywords.groovy:980)
	at com.kms.katalon.core.webui.keyword.WebUiBuiltInKeywords$setText$2.call(Unknown Source)
	at Seach with invalid Equip group name.run(Seach with invalid Equip group name:34)
	at com.kms.katalon.core.main.ScriptEngine.run(ScriptEngine.java:194)
	at com.kms.katalon.core.main.ScriptEngine.runScriptAsRawText(ScriptEngine.java:119)
	at com.kms.katalon.core.main.TestCaseExecutor.runScript(TestCaseExecutor.java:448)
	at com.kms.katalon.core.main.TestCaseExecutor.doExecute(TestCaseExecutor.java:439)
	at com.kms.katalon.core.main.TestCaseExecutor.processExecutionPhase(TestCaseExecutor.java:418)
	at com.kms.katalon.core.main.TestCaseExecutor.accessMainPhase(TestCaseExecutor.java:410)
	at com.kms.katalon.core.main.TestCaseExecutor.execute(TestCaseExecutor.java:285)
	at com.kms.katalon.core.main.TestCaseExecutor.execute(TestCaseExecutor.java:369)
	at com.kms.katalon.core.main.TestCaseExecutor.execute(TestCaseExecutor.java:369)
	at com.kms.katalon.core.main.TestCaseExecutor.execute(TestCaseExecutor.java:369)
	at com.kms.katalon.core.common.CommonExecutor.accessTestCaseMainPhase(CommonExecutor.java:65)
	at com.kms.katalon.core.main.TestSuiteExecutor.accessTestSuiteMainPhase(TestSuiteExecutor.java:148)
	at com.kms.katalon.core.main.TestSuiteExecutor.execute(TestSuiteExecutor.java:106)
	at com.kms.katalon.core.main.TestCaseMain.startTestSuite(TestCaseMain.java:187)
	at com.kms.katalon.core.main.TestCaseMain$startTestSuite$0.call(Unknown Source)
	at TempTestSuite1686812760521.run(TempTestSuite1686812760521.groovy:36)
Caused by: org.openqa.selenium.ElementNotInteractableException: element not interactable
  (Session info: chrome=114.0.5735.133)
Build info: version: '3.141.59', revision: 'e82be7d358', time: '2018-11-14T08:25:53'
System info: host: 'LAPTOP-OBS-62', ip: '192.168.29.231', os.name: 'Windows 10', os.arch: 'amd64', os.version: '10.0', java.version: '1.8.0_362'
Driver info: com.kms.katalon.selenium.driver.CChromeDriver
Capabilities {acceptInsecureCerts: false, browserName: chrome, browserVersion: 114.0.5735.133, chrome: {chromedriverVersion: 113.0.5672.24 (65f30d4e8051..., userDataDir: C:\Users\RAJESW~1.R\AppData...}, goog:chromeOptions: {debuggerAddress: localhost:55619}, javascriptEnabled: true, networkConnectionEnabled: false, pageLoadStrategy: normal, platform: WINDOWS, platformName: WINDOWS, proxy: Proxy(), setWindowRect: true, strictFileInteractability: false, timeouts: {implicit: 0, pageLoad: 300000, script: 30000}, unhandledPromptBehavior: dismiss and notify, webauthn:extension:credBlob: true, webauthn:extension:largeBlob: true, webauthn:extension:minPinLength: true, webauthn:extension:prf: true, webauthn:virtualAuthenticators: true}
Session ID: 462f6c3c44e95dc1e2819704ab2cbbcf
	at org.openqa.selenium.remote.http.W3CHttpResponseCodec.createException(W3CHttpResponseCodec.java:187)
	at org.openqa.selenium.remote.http.W3CHttpResponseCodec.decode(W3CHttpResponseCodec.java:122)
	at org.openqa.selenium.remote.http.W3CHttpResponseCodec.decode(W3CHttpResponseCodec.java:49)
	at org.openqa.selenium.remote.HttpCommandExecutor.execute(HttpCommandExecutor.java:158)
	at org.openqa.selenium.remote.service.DriverCommandExecutor.execute(DriverCommandExecutor.java:83)
	at org.openqa.selenium.remote.RemoteWebDriver.execute(RemoteWebDriver.java:552)
	at com.kms.katalon.selenium.driver.CChromeDriver.execute(CChromeDriver.java:19)
	at org.openqa.selenium.remote.RemoteWebElement.execute(RemoteWebElement.java:285)
	at org.openqa.selenium.remote.RemoteWebElement.clear(RemoteWebElement.java:124)
	at org.openqa.selenium.support.events.EventFiringWebDriver$EventFiringWebElement.lambda$new$0(EventFiringWebDriver.java:404)
	at com.sun.proxy.$Proxy11.clear(Unknown Source)
	at org.openqa.selenium.support.events.EventFiringWebDriver$EventFiringWebElement.clear(EventFiringWebDriver.java:436)
	at com.kms.katalon.core.webui.keyword.builtin.SetTextKeyword$_setText_closure1.doCall(SetTextKeyword.groovy:53)
	at com.kms.katalon.core.webui.keyword.builtin.SetTextKeyword$_setText_closure1.call(SetTextKeyword.groovy)
	at com.kms.katalon.core.webui.keyword.internal.WebUIKeywordMain.runKeyword(WebUIKeywordMain.groovy:20)
	at com.kms.katalon.core.webui.keyword.builtin.SetTextKeyword.setText(SetTextKeyword.groovy:66)
	at com.kms.katalon.core.webui.keyword.builtin.SetTextKeyword.execute(SetTextKeyword.groovy:37)
	at com.kms.katalon.core.keyword.internal.KeywordExecutor.executeKeywordForPlatform(KeywordExecutor.groovy:74)
	at com.kms.katalon.core.webui.keyword.WebUiBuiltInKeywords.setText(WebUiBuiltInKeywords.groovy:980)
	at com.kms.katalon.core.webui.keyword.WebUiBuiltInKeywords$setText$2.call(Unknown Source)
	at Script1684804341715.run(Script1684804341715.groovy:34)
	... 16 more
)

2023-06-15 13:14:21 - [MESSAGE][INFO] - Unable to find the element located by 'By.xpath: (//input[@type='text'])[8]'. Please recheck the objects properties to make sure the desired element is located. 

2023-06-15 13:14:21 - [MESSAGE][WARNING] - [SELF-HEALING] Failed to find element with id 'Object Repository/Page_LiveSust/input_Crew Colors_color-picker-input w-50 f_89ff85'. Try using Self-healing.

2023-06-15 13:14:22 - [MESSAGE][WARNING] - [SELF-HEALING] The current locator of test object 'Object Repository/Page_LiveSust/input_Crew Colors_color-picker-input w-50 f_89ff85' was broken. Propose an alternative one: '(//input[@type='text'])[2]'.

2023-06-15 13:14:22 - [MESSAGE][FAILED] - Unable to set text 'jgtkgkt' of object 'Object Repository/Page_LiveSust/input_Crew Colors_color-picker-input w-50 f_89ff85' (Root cause: com.kms.katalon.core.exception.StepFailedException: Unable to set text 'jgtkgkt' of object 'Object Repository/Page_LiveSust/input_Crew Colors_color-picker-input w-50 f_89ff85'
	at com.kms.katalon.core.webui.keyword.internal.WebUIKeywordMain.stepFailed(WebUIKeywordMain.groovy:64)
	at com.kms.katalon.core.webui.keyword.internal.WebUIKeywordMain.runKeyword(WebUIKeywordMain.groovy:26)
	at com.kms.katalon.core.webui.keyword.builtin.SetTextKeyword.setText(SetTextKeyword.groovy:66)
	at com.kms.katalon.core.webui.keyword.builtin.SetTextKeyword.execute(SetTextKeyword.groovy:37)
	at com.kms.katalon.core.keyword.internal.KeywordExecutor.executeKeywordForPlatform(KeywordExecutor.groovy:74)
	at com.kms.katalon.core.webui.keyword.WebUiBuiltInKeywords.setText(WebUiBuiltInKeywords.groovy:980)
	at com.kms.katalon.core.webui.keyword.WebUiBuiltInKeywords$setText$2.call(Unknown Source)
	at Seach with invalid Equip group name.run(Seach with invalid Equip group name:34)
	at com.kms.katalon.core.main.ScriptEngine.run(ScriptEngine.java:194)
	at com.kms.katalon.core.main.ScriptEngine.runScriptAsRawText(ScriptEngine.java:119)
	at com.kms.katalon.core.main.TestCaseExecutor.runScript(TestCaseExecutor.java:448)
	at com.kms.katalon.core.main.TestCaseExecutor.doExecute(TestCaseExecutor.java:439)
	at com.kms.katalon.core.main.TestCaseExecutor.processExecutionPhase(TestCaseExecutor.java:418)
	at com.kms.katalon.core.main.TestCaseExecutor.accessMainPhase(TestCaseExecutor.java:410)
	at com.kms.katalon.core.main.TestCaseExecutor.execute(TestCaseExecutor.java:285)
	at com.kms.katalon.core.main.TestCaseExecutor.execute(TestCaseExecutor.java:369)
	at com.kms.katalon.core.main.TestCaseExecutor.execute(TestCaseExecutor.java:369)
	at com.kms.katalon.core.main.TestCaseExecutor.execute(TestCaseExecutor.java:369)
	at com.kms.katalon.core.common.CommonExecutor.accessTestCaseMainPhase(CommonExecutor.java:65)
	at com.kms.katalon.core.main.TestSuiteExecutor.accessTestSuiteMainPhase(TestSuiteExecutor.java:148)
	at com.kms.katalon.core.main.TestSuiteExecutor.execute(TestSuiteExecutor.java:106)
	at com.kms.katalon.core.main.TestCaseMain.startTestSuite(TestCaseMain.java:187)
	at com.kms.katalon.core.main.TestCaseMain$startTestSuite$0.call(Unknown Source)
	at TempTestSuite1686812760521.run(TempTestSuite1686812760521.groovy:36)
Caused by: org.openqa.selenium.ElementNotInteractableException: element not interactable
  (Session info: chrome=114.0.5735.133)
Build info: version: '3.141.59', revision: 'e82be7d358', time: '2018-11-14T08:25:53'
System info: host: 'LAPTOP-OBS-62', ip: '192.168.29.231', os.name: 'Windows 10', os.arch: 'amd64', os.version: '10.0', java.version: '1.8.0_362'
Driver info: com.kms.katalon.selenium.driver.CChromeDriver
Capabilities {acceptInsecureCerts: false, browserName: chrome, browserVersion: 114.0.5735.133, chrome: {chromedriverVersion: 113.0.5672.24 (65f30d4e8051..., userDataDir: C:\Users\RAJESW~1.R\AppData...}, goog:chromeOptions: {debuggerAddress: localhost:55619}, javascriptEnabled: true, networkConnectionEnabled: false, pageLoadStrategy: normal, platform: WINDOWS, platformName: WINDOWS, proxy: Proxy(), setWindowRect: true, strictFileInteractability: false, timeouts: {implicit: 0, pageLoad: 300000, script: 30000}, unhandledPromptBehavior: dismiss and notify, webauthn:extension:credBlob: true, webauthn:extension:largeBlob: true, webauthn:extension:minPinLength: true, webauthn:extension:prf: true, webauthn:virtualAuthenticators: true}
Session ID: 462f6c3c44e95dc1e2819704ab2cbbcf
	at org.openqa.selenium.remote.http.W3CHttpResponseCodec.createException(W3CHttpResponseCodec.java:187)
	at org.openqa.selenium.remote.http.W3CHttpResponseCodec.decode(W3CHttpResponseCodec.java:122)
	at org.openqa.selenium.remote.http.W3CHttpResponseCodec.decode(W3CHttpResponseCodec.java:49)
	at org.openqa.selenium.remote.HttpCommandExecutor.execute(HttpCommandExecutor.java:158)
	at org.openqa.selenium.remote.service.DriverCommandExecutor.execute(DriverCommandExecutor.java:83)
	at org.openqa.selenium.remote.RemoteWebDriver.execute(RemoteWebDriver.java:552)
	at com.kms.katalon.selenium.driver.CChromeDriver.execute(CChromeDriver.java:19)
	at org.openqa.selenium.remote.RemoteWebElement.execute(RemoteWebElement.java:285)
	at org.openqa.selenium.remote.RemoteWebElement.clear(RemoteWebElement.java:124)
	at org.openqa.selenium.support.events.EventFiringWebDriver$EventFiringWebElement.lambda$new$0(EventFiringWebDriver.java:404)
	at com.sun.proxy.$Proxy11.clear(Unknown Source)
	at org.openqa.selenium.support.events.EventFiringWebDriver$EventFiringWebElement.clear(EventFiringWebDriver.java:436)
	at com.kms.katalon.core.webui.keyword.builtin.SetTextKeyword$_setText_closure1.doCall(SetTextKeyword.groovy:53)
	at com.kms.katalon.core.webui.keyword.builtin.SetTextKeyword$_setText_closure1.call(SetTextKeyword.groovy)
	at com.kms.katalon.core.webui.keyword.internal.WebUIKeywordMain.runKeyword(WebUIKeywordMain.groovy:20)
	at com.kms.katalon.core.webui.keyword.builtin.SetTextKeyword.setText(SetTextKeyword.groovy:66)
	at com.kms.katalon.core.webui.keyword.builtin.SetTextKeyword.execute(SetTextKeyword.groovy:37)
	at com.kms.katalon.core.keyword.internal.KeywordExecutor.executeKeywordForPlatform(KeywordExecutor.groovy:74)
	at com.kms.katalon.core.webui.keyword.WebUiBuiltInKeywords.setText(WebUiBuiltInKeywords.groovy:980)
	at com.kms.katalon.core.webui.keyword.WebUiBuiltInKeywords$setText$2.call(Unknown Source)
	at Script1684804341715.run(Script1684804341715.groovy:34)
	... 16 more
)
[[ATTACHMENT|C:\\Users\\rajeswari.r\\Katalon Studio\\Livesust\\Reports\\20230615_123600\\Sprint 4\\20230615_123600\\1686815062066.png]]]]></system-out>
         <system-err><![CDATA[2023-06-15 13:13:34 - [TEST_CASE][FAILED] - Test Cases/Sprint 4/Seach with invalid Equip group name: Test Cases/Sprint 4/Seach with invalid Equip group name FAILED.
Reason:
com.kms.katalon.core.exception.StepFailedException: Unable to set text 'jgtkgkt' of object 'Object Repository/Page_LiveSust/input_Crew Colors_color-picker-input w-50 f_89ff85'
	at com.kms.katalon.core.webui.keyword.internal.WebUIKeywordMain.stepFailed(WebUIKeywordMain.groovy:64)
	at com.kms.katalon.core.webui.keyword.internal.WebUIKeywordMain.runKeyword(WebUIKeywordMain.groovy:26)
	at com.kms.katalon.core.webui.keyword.builtin.SetTextKeyword.setText(SetTextKeyword.groovy:66)
	at com.kms.katalon.core.webui.keyword.builtin.SetTextKeyword.execute(SetTextKeyword.groovy:37)
	at com.kms.katalon.core.keyword.internal.KeywordExecutor.executeKeywordForPlatform(KeywordExecutor.groovy:74)
	at com.kms.katalon.core.webui.keyword.WebUiBuiltInKeywords.setText(WebUiBuiltInKeywords.groovy:980)
	at com.kms.katalon.core.webui.keyword.WebUiBuiltInKeywords$setText$2.call(Unknown Source)
	at Seach with invalid Equip group name.run(Seach with invalid Equip group name:34)
	at com.kms.katalon.core.main.ScriptEngine.run(ScriptEngine.java:194)
	at com.kms.katalon.core.main.ScriptEngine.runScriptAsRawText(ScriptEngine.java:119)
	at com.kms.katalon.core.main.TestCaseExecutor.runScript(TestCaseExecutor.java:448)
	at com.kms.katalon.core.main.TestCaseExecutor.doExecute(TestCaseExecutor.java:439)
	at com.kms.katalon.core.main.TestCaseExecutor.processExecutionPhase(TestCaseExecutor.java:418)
	at com.kms.katalon.core.main.TestCaseExecutor.accessMainPhase(TestCaseExecutor.java:410)
	at com.kms.katalon.core.main.TestCaseExecutor.execute(TestCaseExecutor.java:285)
	at com.kms.katalon.core.main.TestCaseExecutor.execute(TestCaseExecutor.java:369)
	at com.kms.katalon.core.main.TestCaseExecutor.execute(TestCaseExecutor.java:369)
	at com.kms.katalon.core.main.TestCaseExecutor.execute(TestCaseExecutor.java:369)
	at com.kms.katalon.core.common.CommonExecutor.accessTestCaseMainPhase(CommonExecutor.java:65)
	at com.kms.katalon.core.main.TestSuiteExecutor.accessTestSuiteMainPhase(TestSuiteExecutor.java:148)
	at com.kms.katalon.core.main.TestSuiteExecutor.execute(TestSuiteExecutor.java:106)
	at com.kms.katalon.core.main.TestCaseMain.startTestSuite(TestCaseMain.java:187)
	at com.kms.katalon.core.main.TestCaseMain$startTestSuite$0.call(Unknown Source)
	at TempTestSuite1686812760521.run(TempTestSuite1686812760521.groovy:36)
Caused by: org.openqa.selenium.ElementNotInteractableException: element not interactable
  (Session info: chrome=114.0.5735.133)
Build info: version: '3.141.59', revision: 'e82be7d358', time: '2018-11-14T08:25:53'
System info: host: 'LAPTOP-OBS-62', ip: '192.168.29.231', os.name: 'Windows 10', os.arch: 'amd64', os.version: '10.0', java.version: '1.8.0_362'
Driver info: com.kms.katalon.selenium.driver.CChromeDriver
Capabilities {acceptInsecureCerts: false, browserName: chrome, browserVersion: 114.0.5735.133, chrome: {chromedriverVersion: 113.0.5672.24 (65f30d4e8051..., userDataDir: C:\Users\RAJESW~1.R\AppData...}, goog:chromeOptions: {debuggerAddress: localhost:55619}, javascriptEnabled: true, networkConnectionEnabled: false, pageLoadStrategy: normal, platform: WINDOWS, platformName: WINDOWS, proxy: Proxy(), setWindowRect: true, strictFileInteractability: false, timeouts: {implicit: 0, pageLoad: 300000, script: 30000}, unhandledPromptBehavior: dismiss and notify, webauthn:extension:credBlob: true, webauthn:extension:largeBlob: true, webauthn:extension:minPinLength: true, webauthn:extension:prf: true, webauthn:virtualAuthenticators: true}
Session ID: 462f6c3c44e95dc1e2819704ab2cbbcf
	at org.openqa.selenium.remote.http.W3CHttpResponseCodec.createException(W3CHttpResponseCodec.java:187)
	at org.openqa.selenium.remote.http.W3CHttpResponseCodec.decode(W3CHttpResponseCodec.java:122)
	at org.openqa.selenium.remote.http.W3CHttpResponseCodec.decode(W3CHttpResponseCodec.java:49)
	at org.openqa.selenium.remote.HttpCommandExecutor.execute(HttpCommandExecutor.java:158)
	at org.openqa.selenium.remote.service.DriverCommandExecutor.execute(DriverCommandExecutor.java:83)
	at org.openqa.selenium.remote.RemoteWebDriver.execute(RemoteWebDriver.java:552)
	at com.kms.katalon.selenium.driver.CChromeDriver.execute(CChromeDriver.java:19)
	at org.openqa.selenium.remote.RemoteWebElement.execute(RemoteWebElement.java:285)
	at org.openqa.selenium.remote.RemoteWebElement.clear(RemoteWebElement.java:124)
	at org.openqa.selenium.support.events.EventFiringWebDriver$EventFiringWebElement.lambda$new$0(EventFiringWebDriver.java:404)
	at com.sun.proxy.$Proxy11.clear(Unknown Source)
	at org.openqa.selenium.support.events.EventFiringWebDriver$EventFiringWebElement.clear(EventFiringWebDriver.java:436)
	at com.kms.katalon.core.webui.keyword.builtin.SetTextKeyword$_setText_closure1.doCall(SetTextKeyword.groovy:53)
	at com.kms.katalon.core.webui.keyword.builtin.SetTextKeyword$_setText_closure1.call(SetTextKeyword.groovy)
	at com.kms.katalon.core.webui.keyword.internal.WebUIKeywordMain.runKeyword(WebUIKeywordMain.groovy:20)
	... 22 more]]></system-err>
      </testcase>
      <testcase name="Test Cases/Sprint 4/Search with invalid equip name" time="82.38" classname="Test Cases/Sprint 4/Search with invalid equip name" status="PASSED">
         <system-out><![CDATA[2023-06-15 13:14:22 - [TEST_CASE][PASSED] - Test Cases/Sprint 4/Search with invalid equip name: Test Cases/Sprint 4/Search with invalid equip name

2023-06-15 13:14:23 - [TEST_STEP][PASSED] - openBrowser(""): Browser is opened with url: ''

2023-06-15 13:14:23 - [MESSAGE][WARNING] - A browser is already opened. Closing browser and opening a new one

2023-06-15 13:14:24 - [MESSAGE][INFO] - Starting 'Chrome' driver

2023-06-15 13:14:24 - [MESSAGE][INFO] - Action delay is set to 0 milliseconds

2023-06-15 13:14:28 - [MESSAGE][PASSED] - Browser is opened with url: ''

2023-06-15 13:14:28 - [TEST_STEP][PASSED] - navigateToUrl("https://livesust-test-web.optisolbusiness.com/login"): Navigate to 'https://livesust-test-web.optisolbusiness.com/login' successfully

2023-06-15 13:14:32 - [MESSAGE][PASSED] - Navigate to 'https://livesust-test-web.optisolbusiness.com/login' successfully

2023-06-15 13:14:32 - [TEST_STEP][PASSED] - maximizeWindow(): Current window maximized

2023-06-15 13:14:33 - [MESSAGE][PASSED] - Current window maximized

2023-06-15 13:14:33 - [TEST_STEP][PASSED] - setText(findTestObject("Object Repository/Page_LiveSust/input_Provider Log In_Username  E-Mail Address"), "Sachin@yopmail.com"): Text 'Sachin@yopmail.com' is set on object 'Object Repository/Page_LiveSust/input_Provider Log In_Username  E-Mail Address'

2023-06-15 13:14:34 - [MESSAGE][PASSED] - Text 'Sachin@yopmail.com' is set on object 'Object Repository/Page_LiveSust/input_Provider Log In_Username  E-Mail Address'

2023-06-15 13:14:34 - [TEST_STEP][PASSED] - setEncryptedText(findTestObject("Object Repository/Page_LiveSust/input_Username  E-Mail Address_Password"), "+p0xE3Qc9agwqAa4cuTULg=="): Text ****** has been set on object 'Object Repository/Page_LiveSust/input_Username  E-Mail Address_Password'

2023-06-15 13:14:34 - [MESSAGE][PASSED] - Text ****** has been set on object 'Object Repository/Page_LiveSust/input_Username  E-Mail Address_Password'

2023-06-15 13:14:34 - [TEST_STEP][PASSED] - click(findTestObject("Page_LiveSust/button_Log In")): Object: 'Object Repository/Page_LiveSust/button_Log In' is clicked on

2023-06-15 13:14:35 - [MESSAGE][PASSED] - Object: 'Object Repository/Page_LiveSust/button_Log In' is clicked on

2023-06-15 13:14:35 - [TEST_STEP][PASSED] - click(findTestObject("Object Repository/Page_LiveSust/span_Equipment")): Object: 'Object Repository/Page_LiveSust/span_Equipment' is clicked on

2023-06-15 13:14:38 - [MESSAGE][PASSED] - Object: 'Object Repository/Page_LiveSust/span_Equipment' is clicked on

2023-06-15 13:14:38 - [TEST_STEP][PASSED] - setText(findTestObject("Object Repository/Page_LiveSust/input_Crew Colors_color-picker-input w-50 f_89ff85"), "kjghd"): Text 'kjghd' is set on object 'Object Repository/Page_LiveSust/input_Crew Colors_color-picker-input w-50 f_89ff85'

2023-06-15 13:15:09 - [MESSAGE][INFO] - Unable to find the element located by 'By.xpath: (//input[@type='text'])[8]'. Please recheck the objects properties to make sure the desired element is located. 

2023-06-15 13:15:09 - [MESSAGE][WARNING] - [SELF-HEALING] Failed to find element with id 'Object Repository/Page_LiveSust/input_Crew Colors_color-picker-input w-50 f_89ff85'. Try using Self-healing.

2023-06-15 13:15:09 - [MESSAGE][WARNING] - [SELF-HEALING] The current locator of test object 'Object Repository/Page_LiveSust/input_Crew Colors_color-picker-input w-50 f_89ff85' was broken. Propose an alternative one: '(//input[@type='text'])[2]'.

2023-06-15 13:15:40 - [MESSAGE][INFO] - Unable to find the element located by 'By.xpath: (//input[@type='text'])[8]'. Please recheck the objects properties to make sure the desired element is located. 

2023-06-15 13:15:40 - [MESSAGE][WARNING] - [SELF-HEALING] Failed to find element with id 'Object Repository/Page_LiveSust/input_Crew Colors_color-picker-input w-50 f_89ff85'. Try using Self-healing.

2023-06-15 13:15:41 - [MESSAGE][WARNING] - [SELF-HEALING] The current locator of test object 'Object Repository/Page_LiveSust/input_Crew Colors_color-picker-input w-50 f_89ff85' was broken. Propose an alternative one: '(//input[@type='text'])[2]'.

2023-06-15 13:15:41 - [MESSAGE][PASSED] - Text 'kjghd' is set on object 'Object Repository/Page_LiveSust/input_Crew Colors_color-picker-input w-50 f_89ff85'

2023-06-15 13:15:41 - [TEST_STEP][PASSED] - click(findTestObject("Object Repository/Page_LiveSust/p_No Data Found")): Object: 'Object Repository/Page_LiveSust/p_No Data Found' is clicked on

2023-06-15 13:15:42 - [MESSAGE][PASSED] - Object: 'Object Repository/Page_LiveSust/p_No Data Found' is clicked on

2023-06-15 13:15:42 - [TEST_STEP][PASSED] - verifyElementVisible(findTestObject("Object Repository/Page_LiveSust/p_No Data Found")): Object 'Object Repository/Page_LiveSust/p_No Data Found' is visible

2023-06-15 13:15:43 - [MESSAGE][PASSED] - Object 'Object Repository/Page_LiveSust/p_No Data Found' is visible

2023-06-15 13:15:43 - [TEST_STEP][PASSED] - closeBrowser(): Browser is closed

2023-06-15 13:15:44 - [MESSAGE][PASSED] - Browser is closed]]></system-out>
         <system-err><![CDATA[]]></system-err>
      </testcase>
      <testcase name="Test Cases/Sprint 4/Search with valid Equip group name" time="111.934" classname="Test Cases/Sprint 4/Search with valid Equip group name" status="FAILED">
         <failure type="FAILED" message="Test Cases/Sprint 4/Search with valid Equip group name FAILED.
Reason:
com.kms.katalon.core.exception.StepFailedException: Unable to right click on object 'Object Repository/Page_LiveSust/a_First checkkk'
	at com.kms.katalon.core.webui.keyword.internal.WebUIKeywordMain.stepFailed(WebUIKeywordMain.groovy:64)
	at com.kms.katalon.core.webui.keyword.internal.WebUIKeywordMain.runKeyword(WebUIKeywordMain.groovy:26)
	at com.kms.katalon.core.webui.keyword.builtin.RightClickKeyword.rightClick(RightClickKeyword.groovy:87)
	at com.kms.katalon.core.webui.keyword.builtin.RightClickKeyword.execute(RightClickKeyword.groovy:67)
	at com.kms.katalon.core.keyword.internal.KeywordExecutor.executeKeywordForPlatform(KeywordExecutor.groovy:74)
	at com.kms.katalon.core.webui.keyword.WebUiBuiltInKeywords.rightClick(WebUiBuiltInKeywords.groovy:752)
	at com.kms.katalon.core.webui.keyword.WebUiBuiltInKeywords$rightClick$8.call(Unknown Source)
	at Search with valid Equip group name.run(Search with valid Equip group name:34)
	at com.kms.katalon.core.main.ScriptEngine.run(ScriptEngine.java:194)
	at com.kms.katalon.core.main.ScriptEngine.runScriptAsRawText(ScriptEngine.java:119)
	at com.kms.katalon.core.main.TestCaseExecutor.runScript(TestCaseExecutor.java:448)
	at com.kms.katalon.core.main.TestCaseExecutor.doExecute(TestCaseExecutor.java:439)
	at com.kms.katalon.core.main.TestCaseExecutor.processExecutionPhase(TestCaseExecutor.java:418)
	at com.kms.katalon.core.main.TestCaseExecutor.accessMainPhase(TestCaseExecutor.java:410)
	at com.kms.katalon.core.main.TestCaseExecutor.execute(TestCaseExecutor.java:285)
	at com.kms.katalon.core.main.TestCaseExecutor.execute(TestCaseExecutor.java:369)
	at com.kms.katalon.core.main.TestCaseExecutor.execute(TestCaseExecutor.java:369)
	at com.kms.katalon.core.main.TestCaseExecutor.execute(TestCaseExecutor.java:369)
	at com.kms.katalon.core.common.CommonExecutor.accessTestCaseMainPhase(CommonExecutor.java:65)
	at com.kms.katalon.core.main.TestSuiteExecutor.accessTestSuiteMainPhase(TestSuiteExecutor.java:148)
	at com.kms.katalon.core.main.TestSuiteExecutor.execute(TestSuiteExecutor.java:106)
	at com.kms.katalon.core.main.TestCaseMain.startTestSuite(TestCaseMain.java:187)
	at com.kms.katalon.core.main.TestCaseMain$startTestSuite$0.call(Unknown Source)
	at TempTestSuite1686812760521.run(TempTestSuite1686812760521.groovy:36)
Caused by: com.kms.katalon.core.webui.exception.WebElementNotFoundException: Web element with id: 'Object Repository/Page_LiveSust/a_First checkkk' located by '//div[@id='nav-all']/div/div/div/div[2]/table/tbody/tr/td/a' not found
	at com.kms.katalon.core.webui.common.WebUiCommonHelper.findWebElement(WebUiCommonHelper.java:1381)
	at com.kms.katalon.core.webui.keyword.internal.WebUIAbstractKeyword.findWebElement(WebUIAbstractKeyword.groovy:27)
	at com.kms.katalon.core.webui.keyword.internal.WebUIAbstractKeyword.findWebElement(WebUIAbstractKeyword.groovy:26)
	at com.kms.katalon.core.webui.keyword.builtin.RightClickKeyword$_rightClick_closure1.doCall(RightClickKeyword.groovy:77)
	at com.kms.katalon.core.webui.keyword.builtin.RightClickKeyword$_rightClick_closure1.call(RightClickKeyword.groovy)
	at com.kms.katalon.core.webui.keyword.internal.WebUIKeywordMain.runKeyword(WebUIKeywordMain.groovy:20)
	... 22 more
"/>
         <system-out><![CDATA[2023-06-15 13:21:19 - [TEST_CASE][FAILED] - Test Cases/Sprint 4/Search with valid Equip group name: Test Cases/Sprint 4/Search with valid Equip group name FAILED.
Reason:
com.kms.katalon.core.exception.StepFailedException: Unable to right click on object 'Object Repository/Page_LiveSust/a_First checkkk'
	at com.kms.katalon.core.webui.keyword.internal.WebUIKeywordMain.stepFailed(WebUIKeywordMain.groovy:64)
	at com.kms.katalon.core.webui.keyword.internal.WebUIKeywordMain.runKeyword(WebUIKeywordMain.groovy:26)
	at com.kms.katalon.core.webui.keyword.builtin.RightClickKeyword.rightClick(RightClickKeyword.groovy:87)
	at com.kms.katalon.core.webui.keyword.builtin.RightClickKeyword.execute(RightClickKeyword.groovy:67)
	at com.kms.katalon.core.keyword.internal.KeywordExecutor.executeKeywordForPlatform(KeywordExecutor.groovy:74)
	at com.kms.katalon.core.webui.keyword.WebUiBuiltInKeywords.rightClick(WebUiBuiltInKeywords.groovy:752)
	at com.kms.katalon.core.webui.keyword.WebUiBuiltInKeywords$rightClick$8.call(Unknown Source)
	at Search with valid Equip group name.run(Search with valid Equip group name:34)
	at com.kms.katalon.core.main.ScriptEngine.run(ScriptEngine.java:194)
	at com.kms.katalon.core.main.ScriptEngine.runScriptAsRawText(ScriptEngine.java:119)
	at com.kms.katalon.core.main.TestCaseExecutor.runScript(TestCaseExecutor.java:448)
	at com.kms.katalon.core.main.TestCaseExecutor.doExecute(TestCaseExecutor.java:439)
	at com.kms.katalon.core.main.TestCaseExecutor.processExecutionPhase(TestCaseExecutor.java:418)
	at com.kms.katalon.core.main.TestCaseExecutor.accessMainPhase(TestCaseExecutor.java:410)
	at com.kms.katalon.core.main.TestCaseExecutor.execute(TestCaseExecutor.java:285)
	at com.kms.katalon.core.main.TestCaseExecutor.execute(TestCaseExecutor.java:369)
	at com.kms.katalon.core.main.TestCaseExecutor.execute(TestCaseExecutor.java:369)
	at com.kms.katalon.core.main.TestCaseExecutor.execute(TestCaseExecutor.java:369)
	at com.kms.katalon.core.common.CommonExecutor.accessTestCaseMainPhase(CommonExecutor.java:65)
	at com.kms.katalon.core.main.TestSuiteExecutor.accessTestSuiteMainPhase(TestSuiteExecutor.java:148)
	at com.kms.katalon.core.main.TestSuiteExecutor.execute(TestSuiteExecutor.java:106)
	at com.kms.katalon.core.main.TestCaseMain.startTestSuite(TestCaseMain.java:187)
	at com.kms.katalon.core.main.TestCaseMain$startTestSuite$0.call(Unknown Source)
	at TempTestSuite1686812760521.run(TempTestSuite1686812760521.groovy:36)
Caused by: com.kms.katalon.core.webui.exception.WebElementNotFoundException: Web element with id: 'Object Repository/Page_LiveSust/a_First checkkk' located by '//div[@id='nav-all']/div/div/div/div[2]/table/tbody/tr/td/a' not found
	at com.kms.katalon.core.webui.common.WebUiCommonHelper.findWebElement(WebUiCommonHelper.java:1381)
	at com.kms.katalon.core.webui.keyword.internal.WebUIAbstractKeyword.findWebElement(WebUIAbstractKeyword.groovy:27)
	at com.kms.katalon.core.webui.keyword.internal.WebUIAbstractKeyword.findWebElement(WebUIAbstractKeyword.groovy:26)
	at com.kms.katalon.core.webui.keyword.builtin.RightClickKeyword$_rightClick_closure1.doCall(RightClickKeyword.groovy:77)
	at com.kms.katalon.core.webui.keyword.builtin.RightClickKeyword$_rightClick_closure1.call(RightClickKeyword.groovy)
	at com.kms.katalon.core.webui.keyword.internal.WebUIKeywordMain.runKeyword(WebUIKeywordMain.groovy:20)
	... 22 more


2023-06-15 13:21:19 - [TEST_STEP][PASSED] - openBrowser(""): Browser is opened with url: ''

2023-06-15 13:21:19 - [MESSAGE][WARNING] - A browser is already opened. Closing browser and opening a new one

2023-06-15 13:21:21 - [MESSAGE][INFO] - Starting 'Chrome' driver

2023-06-15 13:21:21 - [MESSAGE][INFO] - Action delay is set to 0 milliseconds

2023-06-15 13:21:24 - [MESSAGE][PASSED] - Browser is opened with url: ''

2023-06-15 13:21:24 - [TEST_STEP][PASSED] - navigateToUrl("https://livesust-test-web.optisolbusiness.com/login"): Navigate to 'https://livesust-test-web.optisolbusiness.com/login' successfully

2023-06-15 13:21:28 - [MESSAGE][PASSED] - Navigate to 'https://livesust-test-web.optisolbusiness.com/login' successfully

2023-06-15 13:21:28 - [TEST_STEP][PASSED] - maximizeWindow(): Current window maximized

2023-06-15 13:21:29 - [MESSAGE][PASSED] - Current window maximized

2023-06-15 13:21:29 - [TEST_STEP][PASSED] - setText(findTestObject("Object Repository/Page_LiveSust/input_Provider Log In_Username  E-Mail Address"), "Sachin@yopmail.com"): Text 'Sachin@yopmail.com' is set on object 'Object Repository/Page_LiveSust/input_Provider Log In_Username  E-Mail Address'

2023-06-15 13:21:30 - [MESSAGE][PASSED] - Text 'Sachin@yopmail.com' is set on object 'Object Repository/Page_LiveSust/input_Provider Log In_Username  E-Mail Address'

2023-06-15 13:21:30 - [TEST_STEP][PASSED] - setEncryptedText(findTestObject("Object Repository/Page_LiveSust/input_Username  E-Mail Address_Password"), "+p0xE3Qc9agwqAa4cuTULg=="): Text ****** has been set on object 'Object Repository/Page_LiveSust/input_Username  E-Mail Address_Password'

2023-06-15 13:21:30 - [MESSAGE][PASSED] - Text ****** has been set on object 'Object Repository/Page_LiveSust/input_Username  E-Mail Address_Password'

2023-06-15 13:21:30 - [TEST_STEP][PASSED] - click(findTestObject("Object Repository/Page_LiveSust/button_Log In")): Object: 'Object Repository/Page_LiveSust/button_Log In' is clicked on

2023-06-15 13:21:31 - [MESSAGE][PASSED] - Object: 'Object Repository/Page_LiveSust/button_Log In' is clicked on

2023-06-15 13:21:31 - [TEST_STEP][PASSED] - setText(findTestObject("Object Repository/Page_LiveSust/input_Crew Colors_color-picker-input w-50 f_89ff85"), "First"): Text 'First' is set on object 'Object Repository/Page_LiveSust/input_Crew Colors_color-picker-input w-50 f_89ff85'

2023-06-15 13:22:02 - [MESSAGE][INFO] - Unable to find the element located by 'By.xpath: (//input[@type='text'])[8]'. Please recheck the objects properties to make sure the desired element is located. 

2023-06-15 13:22:02 - [MESSAGE][WARNING] - [SELF-HEALING] Failed to find element with id 'Object Repository/Page_LiveSust/input_Crew Colors_color-picker-input w-50 f_89ff85'. Try using Self-healing.

2023-06-15 13:22:03 - [MESSAGE][WARNING] - [SELF-HEALING] The current locator of test object 'Object Repository/Page_LiveSust/input_Crew Colors_color-picker-input w-50 f_89ff85' was broken. Propose an alternative one: '(//input[@type='text'])[2]'.

2023-06-15 13:22:34 - [MESSAGE][INFO] - Unable to find the element located by 'By.xpath: (//input[@type='text'])[8]'. Please recheck the objects properties to make sure the desired element is located. 

2023-06-15 13:22:34 - [MESSAGE][WARNING] - [SELF-HEALING] Failed to find element with id 'Object Repository/Page_LiveSust/input_Crew Colors_color-picker-input w-50 f_89ff85'. Try using Self-healing.

2023-06-15 13:22:34 - [MESSAGE][WARNING] - [SELF-HEALING] The current locator of test object 'Object Repository/Page_LiveSust/input_Crew Colors_color-picker-input w-50 f_89ff85' was broken. Propose an alternative one: '(//input[@type='text'])[2]'.

2023-06-15 13:22:34 - [MESSAGE][PASSED] - Text 'First' is set on object 'Object Repository/Page_LiveSust/input_Crew Colors_color-picker-input w-50 f_89ff85'

2023-06-15 13:22:34 - [TEST_STEP][FAILED] - rightClick(findTestObject("Object Repository/Page_LiveSust/a_First checkkk")): Unable to right click on object 'Object Repository/Page_LiveSust/a_First checkkk' (Root cause: com.kms.katalon.core.exception.StepFailedException: Unable to right click on object 'Object Repository/Page_LiveSust/a_First checkkk'
	at com.kms.katalon.core.webui.keyword.internal.WebUIKeywordMain.stepFailed(WebUIKeywordMain.groovy:64)
	at com.kms.katalon.core.webui.keyword.internal.WebUIKeywordMain.runKeyword(WebUIKeywordMain.groovy:26)
	at com.kms.katalon.core.webui.keyword.builtin.RightClickKeyword.rightClick(RightClickKeyword.groovy:87)
	at com.kms.katalon.core.webui.keyword.builtin.RightClickKeyword.execute(RightClickKeyword.groovy:67)
	at com.kms.katalon.core.keyword.internal.KeywordExecutor.executeKeywordForPlatform(KeywordExecutor.groovy:74)
	at com.kms.katalon.core.webui.keyword.WebUiBuiltInKeywords.rightClick(WebUiBuiltInKeywords.groovy:752)
	at com.kms.katalon.core.webui.keyword.WebUiBuiltInKeywords$rightClick$8.call(Unknown Source)
	at Search with valid Equip group name.run(Search with valid Equip group name:34)
	at com.kms.katalon.core.main.ScriptEngine.run(ScriptEngine.java:194)
	at com.kms.katalon.core.main.ScriptEngine.runScriptAsRawText(ScriptEngine.java:119)
	at com.kms.katalon.core.main.TestCaseExecutor.runScript(TestCaseExecutor.java:448)
	at com.kms.katalon.core.main.TestCaseExecutor.doExecute(TestCaseExecutor.java:439)
	at com.kms.katalon.core.main.TestCaseExecutor.processExecutionPhase(TestCaseExecutor.java:418)
	at com.kms.katalon.core.main.TestCaseExecutor.accessMainPhase(TestCaseExecutor.java:410)
	at com.kms.katalon.core.main.TestCaseExecutor.execute(TestCaseExecutor.java:285)
	at com.kms.katalon.core.main.TestCaseExecutor.execute(TestCaseExecutor.java:369)
	at com.kms.katalon.core.main.TestCaseExecutor.execute(TestCaseExecutor.java:369)
	at com.kms.katalon.core.main.TestCaseExecutor.execute(TestCaseExecutor.java:369)
	at com.kms.katalon.core.common.CommonExecutor.accessTestCaseMainPhase(CommonExecutor.java:65)
	at com.kms.katalon.core.main.TestSuiteExecutor.accessTestSuiteMainPhase(TestSuiteExecutor.java:148)
	at com.kms.katalon.core.main.TestSuiteExecutor.execute(TestSuiteExecutor.java:106)
	at com.kms.katalon.core.main.TestCaseMain.startTestSuite(TestCaseMain.java:187)
	at com.kms.katalon.core.main.TestCaseMain$startTestSuite$0.call(Unknown Source)
	at TempTestSuite1686812760521.run(TempTestSuite1686812760521.groovy:36)
Caused by: com.kms.katalon.core.webui.exception.WebElementNotFoundException: Web element with id: 'Object Repository/Page_LiveSust/a_First checkkk' located by '//div[@id='nav-all']/div/div/div/div[2]/table/tbody/tr/td/a' not found
	at com.kms.katalon.core.webui.common.WebUiCommonHelper.findWebElement(WebUiCommonHelper.java:1381)
	at com.kms.katalon.core.webui.keyword.internal.WebUIAbstractKeyword.findWebElement(WebUIAbstractKeyword.groovy:27)
	at com.kms.katalon.core.webui.keyword.internal.WebUIAbstractKeyword.findWebElement(WebUIAbstractKeyword.groovy:26)
	at com.kms.katalon.core.webui.keyword.builtin.RightClickKeyword$_rightClick_closure1.doCall(RightClickKeyword.groovy:77)
	at com.kms.katalon.core.webui.keyword.builtin.RightClickKeyword$_rightClick_closure1.call(RightClickKeyword.groovy)
	at com.kms.katalon.core.webui.keyword.internal.WebUIKeywordMain.runKeyword(WebUIKeywordMain.groovy:20)
	at com.kms.katalon.core.webui.keyword.builtin.RightClickKeyword.rightClick(RightClickKeyword.groovy:87)
	at com.kms.katalon.core.webui.keyword.builtin.RightClickKeyword.execute(RightClickKeyword.groovy:67)
	at com.kms.katalon.core.keyword.internal.KeywordExecutor.executeKeywordForPlatform(KeywordExecutor.groovy:74)
	at com.kms.katalon.core.webui.keyword.WebUiBuiltInKeywords.rightClick(WebUiBuiltInKeywords.groovy:752)
	at com.kms.katalon.core.webui.keyword.WebUiBuiltInKeywords$rightClick$8.call(Unknown Source)
	at Script1684804104865.run(Script1684804104865.groovy:34)
	... 16 more
)

2023-06-15 13:23:06 - [MESSAGE][INFO] - Unable to find the element located by 'By.xpath: //div[@id='nav-all']/div/div/div/div[2]/table/tbody/tr/td/a'. Please recheck the objects properties to make sure the desired element is located. 

2023-06-15 13:23:06 - [MESSAGE][WARNING] - [SELF-HEALING] Failed to find element with id 'Object Repository/Page_LiveSust/a_First checkkk'. Try using Self-healing.

2023-06-15 13:23:06 - [MESSAGE][INFO] - [SELF-HEALING] Failed Locator: '//div[@id='nav-all']/div/div/div/div[2]/table/tbody/tr/td/a'.

2023-06-15 13:23:06 - [MESSAGE][INFO] - [SELF-HEALING] Failed Locator: '//a[contains(text(),'First checkkk')]'.

2023-06-15 13:23:07 - [MESSAGE][INFO] - [SELF-HEALING] Failed Locator: '(.//*[normalize-space(text()) and normalize-space(.)='Action'])[1]/following::a[1]'.

2023-06-15 13:23:07 - [MESSAGE][INFO] - [SELF-HEALING] Failed Locator: '(.//*[normalize-space(text()) and normalize-space(.)='Status'])[1]/following::a[1]'.

2023-06-15 13:23:07 - [MESSAGE][INFO] - [SELF-HEALING] Failed Locator: '(.//*[normalize-space(text()) and normalize-space(.)='NIL'])[1]/preceding::a[1]'.

2023-06-15 13:23:08 - [MESSAGE][INFO] - [SELF-HEALING] Failed Locator: '(.//*[normalize-space(text()) and normalize-space(.)='FirstCheck@yopmail.com'])[1]/preceding::a[1]'.

2023-06-15 13:23:08 - [MESSAGE][INFO] - [SELF-HEALING] Failed Locator: '//*/text()[normalize-space(.)='First checkkk']/parent::*'.

2023-06-15 13:23:08 - [MESSAGE][INFO] - [SELF-HEALING] Failed Locator: '//td/a'.

2023-06-15 13:23:09 - [MESSAGE][INFO] - [SELF-HEALING] Failed Locator: '//a[(text() = 'First checkkk' or . = 'First checkkk')]'.

2023-06-15 13:23:10 - [MESSAGE][INFO] - Unable to find the element located by 'By.xpath: //*[(text() = 'First checkkk' or . = 'First checkkk')]'. Please recheck the objects properties to make sure the desired element is located. 

2023-06-15 13:23:11 - [MESSAGE][INFO] - Unable to find the element located by 'By.cssSelector: a.text-black-a'. Please recheck the objects properties to make sure the desired element is located. 

2023-06-15 13:23:11 - [MESSAGE][FAILED] - Unable to right click on object 'Object Repository/Page_LiveSust/a_First checkkk' (Root cause: com.kms.katalon.core.exception.StepFailedException: Unable to right click on object 'Object Repository/Page_LiveSust/a_First checkkk'
	at com.kms.katalon.core.webui.keyword.internal.WebUIKeywordMain.stepFailed(WebUIKeywordMain.groovy:64)
	at com.kms.katalon.core.webui.keyword.internal.WebUIKeywordMain.runKeyword(WebUIKeywordMain.groovy:26)
	at com.kms.katalon.core.webui.keyword.builtin.RightClickKeyword.rightClick(RightClickKeyword.groovy:87)
	at com.kms.katalon.core.webui.keyword.builtin.RightClickKeyword.execute(RightClickKeyword.groovy:67)
	at com.kms.katalon.core.keyword.internal.KeywordExecutor.executeKeywordForPlatform(KeywordExecutor.groovy:74)
	at com.kms.katalon.core.webui.keyword.WebUiBuiltInKeywords.rightClick(WebUiBuiltInKeywords.groovy:752)
	at com.kms.katalon.core.webui.keyword.WebUiBuiltInKeywords$rightClick$8.call(Unknown Source)
	at Search with valid Equip group name.run(Search with valid Equip group name:34)
	at com.kms.katalon.core.main.ScriptEngine.run(ScriptEngine.java:194)
	at com.kms.katalon.core.main.ScriptEngine.runScriptAsRawText(ScriptEngine.java:119)
	at com.kms.katalon.core.main.TestCaseExecutor.runScript(TestCaseExecutor.java:448)
	at com.kms.katalon.core.main.TestCaseExecutor.doExecute(TestCaseExecutor.java:439)
	at com.kms.katalon.core.main.TestCaseExecutor.processExecutionPhase(TestCaseExecutor.java:418)
	at com.kms.katalon.core.main.TestCaseExecutor.accessMainPhase(TestCaseExecutor.java:410)
	at com.kms.katalon.core.main.TestCaseExecutor.execute(TestCaseExecutor.java:285)
	at com.kms.katalon.core.main.TestCaseExecutor.execute(TestCaseExecutor.java:369)
	at com.kms.katalon.core.main.TestCaseExecutor.execute(TestCaseExecutor.java:369)
	at com.kms.katalon.core.main.TestCaseExecutor.execute(TestCaseExecutor.java:369)
	at com.kms.katalon.core.common.CommonExecutor.accessTestCaseMainPhase(CommonExecutor.java:65)
	at com.kms.katalon.core.main.TestSuiteExecutor.accessTestSuiteMainPhase(TestSuiteExecutor.java:148)
	at com.kms.katalon.core.main.TestSuiteExecutor.execute(TestSuiteExecutor.java:106)
	at com.kms.katalon.core.main.TestCaseMain.startTestSuite(TestCaseMain.java:187)
	at com.kms.katalon.core.main.TestCaseMain$startTestSuite$0.call(Unknown Source)
	at TempTestSuite1686812760521.run(TempTestSuite1686812760521.groovy:36)
Caused by: com.kms.katalon.core.webui.exception.WebElementNotFoundException: Web element with id: 'Object Repository/Page_LiveSust/a_First checkkk' located by '//div[@id='nav-all']/div/div/div/div[2]/table/tbody/tr/td/a' not found
	at com.kms.katalon.core.webui.common.WebUiCommonHelper.findWebElement(WebUiCommonHelper.java:1381)
	at com.kms.katalon.core.webui.keyword.internal.WebUIAbstractKeyword.findWebElement(WebUIAbstractKeyword.groovy:27)
	at com.kms.katalon.core.webui.keyword.internal.WebUIAbstractKeyword.findWebElement(WebUIAbstractKeyword.groovy:26)
	at com.kms.katalon.core.webui.keyword.builtin.RightClickKeyword$_rightClick_closure1.doCall(RightClickKeyword.groovy:77)
	at com.kms.katalon.core.webui.keyword.builtin.RightClickKeyword$_rightClick_closure1.call(RightClickKeyword.groovy)
	at com.kms.katalon.core.webui.keyword.internal.WebUIKeywordMain.runKeyword(WebUIKeywordMain.groovy:20)
	at com.kms.katalon.core.webui.keyword.builtin.RightClickKeyword.rightClick(RightClickKeyword.groovy:87)
	at com.kms.katalon.core.webui.keyword.builtin.RightClickKeyword.execute(RightClickKeyword.groovy:67)
	at com.kms.katalon.core.keyword.internal.KeywordExecutor.executeKeywordForPlatform(KeywordExecutor.groovy:74)
	at com.kms.katalon.core.webui.keyword.WebUiBuiltInKeywords.rightClick(WebUiBuiltInKeywords.groovy:752)
	at com.kms.katalon.core.webui.keyword.WebUiBuiltInKeywords$rightClick$8.call(Unknown Source)
	at Script1684804104865.run(Script1684804104865.groovy:34)
	... 16 more
)
[[ATTACHMENT|C:\\Users\\rajeswari.r\\Katalon Studio\\Livesust\\Reports\\20230615_123600\\Sprint 4\\20230615_123600\\1686815591502.png]]]]></system-out>
         <system-err><![CDATA[2023-06-15 13:21:19 - [TEST_CASE][FAILED] - Test Cases/Sprint 4/Search with valid Equip group name: Test Cases/Sprint 4/Search with valid Equip group name FAILED.
Reason:
com.kms.katalon.core.exception.StepFailedException: Unable to right click on object 'Object Repository/Page_LiveSust/a_First checkkk'
	at com.kms.katalon.core.webui.keyword.internal.WebUIKeywordMain.stepFailed(WebUIKeywordMain.groovy:64)
	at com.kms.katalon.core.webui.keyword.internal.WebUIKeywordMain.runKeyword(WebUIKeywordMain.groovy:26)
	at com.kms.katalon.core.webui.keyword.builtin.RightClickKeyword.rightClick(RightClickKeyword.groovy:87)
	at com.kms.katalon.core.webui.keyword.builtin.RightClickKeyword.execute(RightClickKeyword.groovy:67)
	at com.kms.katalon.core.keyword.internal.KeywordExecutor.executeKeywordForPlatform(KeywordExecutor.groovy:74)
	at com.kms.katalon.core.webui.keyword.WebUiBuiltInKeywords.rightClick(WebUiBuiltInKeywords.groovy:752)
	at com.kms.katalon.core.webui.keyword.WebUiBuiltInKeywords$rightClick$8.call(Unknown Source)
	at Search with valid Equip group name.run(Search with valid Equip group name:34)
	at com.kms.katalon.core.main.ScriptEngine.run(ScriptEngine.java:194)
	at com.kms.katalon.core.main.ScriptEngine.runScriptAsRawText(ScriptEngine.java:119)
	at com.kms.katalon.core.main.TestCaseExecutor.runScript(TestCaseExecutor.java:448)
	at com.kms.katalon.core.main.TestCaseExecutor.doExecute(TestCaseExecutor.java:439)
	at com.kms.katalon.core.main.TestCaseExecutor.processExecutionPhase(TestCaseExecutor.java:418)
	at com.kms.katalon.core.main.TestCaseExecutor.accessMainPhase(TestCaseExecutor.java:410)
	at com.kms.katalon.core.main.TestCaseExecutor.execute(TestCaseExecutor.java:285)
	at com.kms.katalon.core.main.TestCaseExecutor.execute(TestCaseExecutor.java:369)
	at com.kms.katalon.core.main.TestCaseExecutor.execute(TestCaseExecutor.java:369)
	at com.kms.katalon.core.main.TestCaseExecutor.execute(TestCaseExecutor.java:369)
	at com.kms.katalon.core.common.CommonExecutor.accessTestCaseMainPhase(CommonExecutor.java:65)
	at com.kms.katalon.core.main.TestSuiteExecutor.accessTestSuiteMainPhase(TestSuiteExecutor.java:148)
	at com.kms.katalon.core.main.TestSuiteExecutor.execute(TestSuiteExecutor.java:106)
	at com.kms.katalon.core.main.TestCaseMain.startTestSuite(TestCaseMain.java:187)
	at com.kms.katalon.core.main.TestCaseMain$startTestSuite$0.call(Unknown Source)
	at TempTestSuite1686812760521.run(TempTestSuite1686812760521.groovy:36)
Caused by: com.kms.katalon.core.webui.exception.WebElementNotFoundException: Web element with id: 'Object Repository/Page_LiveSust/a_First checkkk' located by '//div[@id='nav-all']/div/div/div/div[2]/table/tbody/tr/td/a' not found
	at com.kms.katalon.core.webui.common.WebUiCommonHelper.findWebElement(WebUiCommonHelper.java:1381)
	at com.kms.katalon.core.webui.keyword.internal.WebUIAbstractKeyword.findWebElement(WebUIAbstractKeyword.groovy:27)
	at com.kms.katalon.core.webui.keyword.internal.WebUIAbstractKeyword.findWebElement(WebUIAbstractKeyword.groovy:26)
	at com.kms.katalon.core.webui.keyword.builtin.RightClickKeyword$_rightClick_closure1.doCall(RightClickKeyword.groovy:77)
	at com.kms.katalon.core.webui.keyword.builtin.RightClickKeyword$_rightClick_closure1.call(RightClickKeyword.groovy)
	at com.kms.katalon.core.webui.keyword.internal.WebUIKeywordMain.runKeyword(WebUIKeywordMain.groovy:20)
	... 22 more]]></system-err>
      </testcase>
      <testcase name="Test Cases/Sprint 4/Search with valid equipment name" time="80.705" classname="Test Cases/Sprint 4/Search with valid equipment name" status="PASSED">
         <system-out><![CDATA[2023-06-15 13:23:11 - [TEST_CASE][PASSED] - Test Cases/Sprint 4/Search with valid equipment name: Test Cases/Sprint 4/Search with valid equipment name

2023-06-15 13:23:12 - [TEST_STEP][PASSED] - openBrowser(""): Browser is opened with url: ''

2023-06-15 13:23:12 - [MESSAGE][WARNING] - A browser is already opened. Closing browser and opening a new one

2023-06-15 13:23:13 - [MESSAGE][INFO] - Starting 'Chrome' driver

2023-06-15 13:23:13 - [MESSAGE][INFO] - Action delay is set to 0 milliseconds

2023-06-15 13:23:17 - [MESSAGE][PASSED] - Browser is opened with url: ''

2023-06-15 13:23:17 - [TEST_STEP][PASSED] - navigateToUrl("https://livesust-test-web.optisolbusiness.com/login"): Navigate to 'https://livesust-test-web.optisolbusiness.com/login' successfully

2023-06-15 13:23:21 - [MESSAGE][PASSED] - Navigate to 'https://livesust-test-web.optisolbusiness.com/login' successfully

2023-06-15 13:23:21 - [TEST_STEP][PASSED] - maximizeWindow(): Current window maximized

2023-06-15 13:23:21 - [MESSAGE][PASSED] - Current window maximized

2023-06-15 13:23:21 - [TEST_STEP][PASSED] - setText(findTestObject("Object Repository/Page_LiveSust/input_Provider Log In_Username  E-Mail Address"), "Sachin@yopmail.com"): Text 'Sachin@yopmail.com' is set on object 'Object Repository/Page_LiveSust/input_Provider Log In_Username  E-Mail Address'

2023-06-15 13:23:22 - [MESSAGE][PASSED] - Text 'Sachin@yopmail.com' is set on object 'Object Repository/Page_LiveSust/input_Provider Log In_Username  E-Mail Address'

2023-06-15 13:23:22 - [TEST_STEP][PASSED] - setEncryptedText(findTestObject("Object Repository/Page_LiveSust/input_Username  E-Mail Address_Password"), "+p0xE3Qc9agwqAa4cuTULg=="): Text ****** has been set on object 'Object Repository/Page_LiveSust/input_Username  E-Mail Address_Password'

2023-06-15 13:23:23 - [MESSAGE][PASSED] - Text ****** has been set on object 'Object Repository/Page_LiveSust/input_Username  E-Mail Address_Password'

2023-06-15 13:23:23 - [TEST_STEP][PASSED] - click(findTestObject("Object Repository/Page_LiveSust/button_Log In")): Object: 'Object Repository/Page_LiveSust/button_Log In' is clicked on

2023-06-15 13:23:23 - [MESSAGE][PASSED] - Object: 'Object Repository/Page_LiveSust/button_Log In' is clicked on

2023-06-15 13:23:23 - [TEST_STEP][PASSED] - click(findTestObject("Object Repository/Page_LiveSust/span_Equipment")): Object: 'Object Repository/Page_LiveSust/span_Equipment' is clicked on

2023-06-15 13:23:26 - [MESSAGE][PASSED] - Object: 'Object Repository/Page_LiveSust/span_Equipment' is clicked on

2023-06-15 13:23:26 - [TEST_STEP][PASSED] - setText(findTestObject("Object Repository/Page_LiveSust/input_Crew Colors_color-picker-input w-50 f_89ff85"), "size"): Text 'size' is set on object 'Object Repository/Page_LiveSust/input_Crew Colors_color-picker-input w-50 f_89ff85'

2023-06-15 13:23:57 - [MESSAGE][INFO] - Unable to find the element located by 'By.xpath: (//input[@type='text'])[8]'. Please recheck the objects properties to make sure the desired element is located. 

2023-06-15 13:23:57 - [MESSAGE][WARNING] - [SELF-HEALING] Failed to find element with id 'Object Repository/Page_LiveSust/input_Crew Colors_color-picker-input w-50 f_89ff85'. Try using Self-healing.

2023-06-15 13:23:57 - [MESSAGE][WARNING] - [SELF-HEALING] The current locator of test object 'Object Repository/Page_LiveSust/input_Crew Colors_color-picker-input w-50 f_89ff85' was broken. Propose an alternative one: '(//input[@type='text'])[2]'.

2023-06-15 13:24:29 - [MESSAGE][INFO] - Unable to find the element located by 'By.xpath: (//input[@type='text'])[8]'. Please recheck the objects properties to make sure the desired element is located. 

2023-06-15 13:24:29 - [MESSAGE][WARNING] - [SELF-HEALING] Failed to find element with id 'Object Repository/Page_LiveSust/input_Crew Colors_color-picker-input w-50 f_89ff85'. Try using Self-healing.

2023-06-15 13:24:29 - [MESSAGE][WARNING] - [SELF-HEALING] The current locator of test object 'Object Repository/Page_LiveSust/input_Crew Colors_color-picker-input w-50 f_89ff85' was broken. Propose an alternative one: '(//input[@type='text'])[2]'.

2023-06-15 13:24:29 - [MESSAGE][PASSED] - Text 'size' is set on object 'Object Repository/Page_LiveSust/input_Crew Colors_color-picker-input w-50 f_89ff85'

2023-06-15 13:24:29 - [TEST_STEP][PASSED] - verifyElementPresent(findTestObject("Object Repository/Page_LiveSust/a_size"), 0): Object 'Object Repository/Page_LiveSust/a_size' is present

2023-06-15 13:24:29 - [MESSAGE][WARNING] - Timeout '0' is invalid. Using default page load timeout: '30'

2023-06-15 13:24:30 - [MESSAGE][PASSED] - Object 'Object Repository/Page_LiveSust/a_size' is present

2023-06-15 13:24:30 - [TEST_STEP][PASSED] - closeBrowser(): Browser is closed

2023-06-15 13:24:32 - [MESSAGE][PASSED] - Browser is closed]]></system-out>
         <system-err><![CDATA[]]></system-err>
      </testcase>
      <testcase name="Test Cases/Sprint 4/Uisng filter status in Equip" time="82.726" classname="Test Cases/Sprint 4/Uisng filter status in Equip" status="PASSED">
         <system-out><![CDATA[2023-06-15 13:24:32 - [TEST_CASE][PASSED] - Test Cases/Sprint 4/Uisng filter status in Equip: Test Cases/Sprint 4/Uisng filter status in Equip

2023-06-15 13:24:33 - [TEST_STEP][PASSED] - openBrowser(""): Browser is opened with url: ''

2023-06-15 13:24:33 - [MESSAGE][INFO] - Starting 'Chrome' driver

2023-06-15 13:24:33 - [MESSAGE][INFO] - Action delay is set to 0 milliseconds

2023-06-15 13:24:36 - [MESSAGE][PASSED] - Browser is opened with url: ''

2023-06-15 13:24:36 - [TEST_STEP][PASSED] - navigateToUrl("https://livesust-test-web.optisolbusiness.com/login"): Navigate to 'https://livesust-test-web.optisolbusiness.com/login' successfully

2023-06-15 13:24:40 - [MESSAGE][PASSED] - Navigate to 'https://livesust-test-web.optisolbusiness.com/login' successfully

2023-06-15 13:24:40 - [TEST_STEP][PASSED] - maximizeWindow(): Current window maximized

2023-06-15 13:24:40 - [MESSAGE][PASSED] - Current window maximized

2023-06-15 13:24:40 - [TEST_STEP][PASSED] - setText(findTestObject("Object Repository/Page_LiveSust/input_Provider Log In_Username  E-Mail Address"), "Sachin@yopmail.com"): Text 'Sachin@yopmail.com' is set on object 'Object Repository/Page_LiveSust/input_Provider Log In_Username  E-Mail Address'

2023-06-15 13:24:42 - [MESSAGE][PASSED] - Text 'Sachin@yopmail.com' is set on object 'Object Repository/Page_LiveSust/input_Provider Log In_Username  E-Mail Address'

2023-06-15 13:24:42 - [TEST_STEP][PASSED] - setEncryptedText(findTestObject("Object Repository/Page_LiveSust/input_Username  E-Mail Address_Password"), "+p0xE3Qc9agwqAa4cuTULg=="): Text ****** has been set on object 'Object Repository/Page_LiveSust/input_Username  E-Mail Address_Password'

2023-06-15 13:24:42 - [MESSAGE][PASSED] - Text ****** has been set on object 'Object Repository/Page_LiveSust/input_Username  E-Mail Address_Password'

2023-06-15 13:24:42 - [TEST_STEP][PASSED] - click(findTestObject("Page_LiveSust/button_Log In")): Object: 'Object Repository/Page_LiveSust/button_Log In' is clicked on

2023-06-15 13:24:43 - [MESSAGE][PASSED] - Object: 'Object Repository/Page_LiveSust/button_Log In' is clicked on

2023-06-15 13:24:43 - [TEST_STEP][PASSED] - click(findTestObject("Object Repository/Page_LiveSust/span_Equipment")): Object: 'Object Repository/Page_LiveSust/span_Equipment' is clicked on

2023-06-15 13:24:48 - [MESSAGE][PASSED] - Object: 'Object Repository/Page_LiveSust/span_Equipment' is clicked on

2023-06-15 13:24:48 - [TEST_STEP][PASSED] - click(findTestObject("Object Repository/Page_LiveSust/div_Filter Status")): Object: 'Object Repository/Page_LiveSust/div_Filter Status' is clicked on

2023-06-15 13:25:20 - [MESSAGE][INFO] - Unable to find the element located by 'By.xpath: //div[@id='nav-equipment']/app-equipment/div/div/div/ul/li[2]/app-multi-select/angular2-multiselect/div/div/div'. Please recheck the objects properties to make sure the desired element is located. 

2023-06-15 13:25:20 - [MESSAGE][WARNING] - [SELF-HEALING] Failed to find element with id 'Object Repository/Page_LiveSust/div_Filter Status'. Try using Self-healing.

2023-06-15 13:25:20 - [MESSAGE][WARNING] - [SELF-HEALING] The current locator of test object 'Object Repository/Page_LiveSust/div_Filter Status' was broken. Propose an alternative one: '(.//*[normalize-space(text()) and normalize-space(.)='Select All'])[1]/preceding::div[3]'.

2023-06-15 13:25:20 - [MESSAGE][PASSED] - Object: 'Object Repository/Page_LiveSust/div_Filter Status' is clicked on

2023-06-15 13:25:20 - [TEST_STEP][PASSED] - click(findTestObject("Object Repository/Page_LiveSust/label_Need Replacement")): Object: 'Object Repository/Page_LiveSust/label_Need Replacement' is clicked on

2023-06-15 13:25:52 - [MESSAGE][INFO] - Unable to find the element located by 'By.xpath: //div[@id='nav-equipment']/app-equipment/div/div/div/ul/li[2]/app-multi-select/angular2-multiselect/div/div[2]/div[3]/div[3]/ul/li[4]/label'. Please recheck the objects properties to make sure the desired element is located. 

2023-06-15 13:25:52 - [MESSAGE][WARNING] - [SELF-HEALING] Failed to find element with id 'Object Repository/Page_LiveSust/label_Need Replacement'. Try using Self-healing.

2023-06-15 13:25:52 - [MESSAGE][WARNING] - [SELF-HEALING] The current locator of test object 'Object Repository/Page_LiveSust/label_Need Replacement' was broken. Propose an alternative one: '(.//*[normalize-space(text()) and normalize-space(.)='Inactive'])[1]/following::label[1]'.

2023-06-15 13:25:52 - [MESSAGE][PASSED] - Object: 'Object Repository/Page_LiveSust/label_Need Replacement' is clicked on

2023-06-15 13:25:52 - [TEST_STEP][PASSED] - verifyElementVisible(findTestObject("Object Repository/Page_LiveSust/span_Need Replacement")): Object 'Object Repository/Page_LiveSust/span_Need Replacement' is visible

2023-06-15 13:25:53 - [MESSAGE][PASSED] - Object 'Object Repository/Page_LiveSust/span_Need Replacement' is visible

2023-06-15 13:25:53 - [TEST_STEP][PASSED] - closeBrowser(): Browser is closed

2023-06-15 13:25:55 - [MESSAGE][PASSED] - Browser is closed]]></system-out>
         <system-err><![CDATA[]]></system-err>
      </testcase>
      <testcase name="Test Cases/Sprint 4/Using filter status in Equip group" time="47.062" classname="Test Cases/Sprint 4/Using filter status in Equip group" status="FAILED">
         <failure type="FAILED" message="Test Cases/Sprint 4/Using filter status in Equip group FAILED.
Reason:
com.kms.katalon.core.exception.StepFailedException: Unable to click on object 'Object Repository/Page_LiveSust/div_Filter Status'
	at com.kms.katalon.core.webui.keyword.internal.WebUIKeywordMain.stepFailed(WebUIKeywordMain.groovy:64)
	at com.kms.katalon.core.webui.keyword.internal.WebUIKeywordMain.runKeyword(WebUIKeywordMain.groovy:26)
	at com.kms.katalon.core.webui.keyword.builtin.ClickKeyword.click(ClickKeyword.groovy:74)
	at com.kms.katalon.core.webui.keyword.builtin.ClickKeyword.execute(ClickKeyword.groovy:40)
	at com.kms.katalon.core.keyword.internal.KeywordExecutor.executeKeywordForPlatform(KeywordExecutor.groovy:74)
	at com.kms.katalon.core.webui.keyword.WebUiBuiltInKeywords.click(WebUiBuiltInKeywords.groovy:620)
	at com.kms.katalon.core.webui.keyword.WebUiBuiltInKeywords$click$4.call(Unknown Source)
	at Using filter status in Equip group.run(Using filter status in Equip group:36)
	at com.kms.katalon.core.main.ScriptEngine.run(ScriptEngine.java:194)
	at com.kms.katalon.core.main.ScriptEngine.runScriptAsRawText(ScriptEngine.java:119)
	at com.kms.katalon.core.main.TestCaseExecutor.runScript(TestCaseExecutor.java:448)
	at com.kms.katalon.core.main.TestCaseExecutor.doExecute(TestCaseExecutor.java:439)
	at com.kms.katalon.core.main.TestCaseExecutor.processExecutionPhase(TestCaseExecutor.java:418)
	at com.kms.katalon.core.main.TestCaseExecutor.accessMainPhase(TestCaseExecutor.java:410)
	at com.kms.katalon.core.main.TestCaseExecutor.execute(TestCaseExecutor.java:285)
	at com.kms.katalon.core.main.TestCaseExecutor.execute(TestCaseExecutor.java:369)
	at com.kms.katalon.core.main.TestCaseExecutor.execute(TestCaseExecutor.java:369)
	at com.kms.katalon.core.main.TestCaseExecutor.execute(TestCaseExecutor.java:369)
	at com.kms.katalon.core.common.CommonExecutor.accessTestCaseMainPhase(CommonExecutor.java:65)
	at com.kms.katalon.core.main.TestSuiteExecutor.accessTestSuiteMainPhase(TestSuiteExecutor.java:148)
	at com.kms.katalon.core.main.TestSuiteExecutor.execute(TestSuiteExecutor.java:106)
	at com.kms.katalon.core.main.TestCaseMain.startTestSuite(TestCaseMain.java:187)
	at com.kms.katalon.core.main.TestCaseMain$startTestSuite$0.call(Unknown Source)
	at TempTestSuite1686812760521.run(TempTestSuite1686812760521.groovy:36)
Caused by: org.openqa.selenium.ElementNotInteractableException: element not interactable
  (Session info: chrome=114.0.5735.133)
Build info: version: '3.141.59', revision: 'e82be7d358', time: '2018-11-14T08:25:53'
System info: host: 'LAPTOP-OBS-62', ip: '192.168.29.231', os.name: 'Windows 10', os.arch: 'amd64', os.version: '10.0', java.version: '1.8.0_362'
Driver info: com.kms.katalon.selenium.driver.CChromeDriver
Capabilities {acceptInsecureCerts: false, browserName: chrome, browserVersion: 114.0.5735.133, chrome: {chromedriverVersion: 113.0.5672.24 (65f30d4e8051..., userDataDir: C:\Users\RAJESW~1.R\AppData...}, goog:chromeOptions: {debuggerAddress: localhost:56373}, javascriptEnabled: true, networkConnectionEnabled: false, pageLoadStrategy: normal, platform: WINDOWS, platformName: WINDOWS, proxy: Proxy(), setWindowRect: true, strictFileInteractability: false, timeouts: {implicit: 0, pageLoad: 300000, script: 30000}, unhandledPromptBehavior: dismiss and notify, webauthn:extension:credBlob: true, webauthn:extension:largeBlob: true, webauthn:extension:minPinLength: true, webauthn:extension:prf: true, webauthn:virtualAuthenticators: true}
Session ID: d16a5929dc3473ab78c8efe012af4f44
	at org.openqa.selenium.remote.http.W3CHttpResponseCodec.createException(W3CHttpResponseCodec.java:187)
	at org.openqa.selenium.remote.http.W3CHttpResponseCodec.decode(W3CHttpResponseCodec.java:122)
	at org.openqa.selenium.remote.http.W3CHttpResponseCodec.decode(W3CHttpResponseCodec.java:49)
	at org.openqa.selenium.remote.HttpCommandExecutor.execute(HttpCommandExecutor.java:158)
	at org.openqa.selenium.remote.service.DriverCommandExecutor.execute(DriverCommandExecutor.java:83)
	at org.openqa.selenium.remote.RemoteWebDriver.execute(RemoteWebDriver.java:552)
	at com.kms.katalon.selenium.driver.CChromeDriver.execute(CChromeDriver.java:19)
	at org.openqa.selenium.remote.RemoteWebElement.execute(RemoteWebElement.java:285)
	at org.openqa.selenium.remote.RemoteWebElement.click(RemoteWebElement.java:84)
	at org.openqa.selenium.support.events.EventFiringWebDriver$EventFiringWebElement.lambda$new$0(EventFiringWebDriver.java:404)
	at com.sun.proxy.$Proxy11.click(Unknown Source)
	at org.openqa.selenium.support.events.EventFiringWebDriver$EventFiringWebElement.click(EventFiringWebDriver.java:417)
	at org.openqa.selenium.WebElement$click.call(Unknown Source)
	at com.kms.katalon.core.webui.keyword.builtin.ClickKeyword.clickUntilSuccessWithTimeout(ClickKeyword.groovy:81)
	at com.kms.katalon.core.webui.keyword.builtin.ClickKeyword.clickUntilSuccessWithTimeout(ClickKeyword.groovy)
	at com.kms.katalon.core.webui.keyword.builtin.ClickKeyword$_click_closure1.doCall(ClickKeyword.groovy:67)
	at com.kms.katalon.core.webui.keyword.builtin.ClickKeyword$_click_closure1.call(ClickKeyword.groovy)
	at com.kms.katalon.core.webui.keyword.internal.WebUIKeywordMain.runKeyword(WebUIKeywordMain.groovy:20)
	... 22 more
"/>
         <system-out><![CDATA[2023-06-15 13:28:16 - [TEST_CASE][FAILED] - Test Cases/Sprint 4/Using filter status in Equip group: Test Cases/Sprint 4/Using filter status in Equip group FAILED.
Reason:
com.kms.katalon.core.exception.StepFailedException: Unable to click on object 'Object Repository/Page_LiveSust/div_Filter Status'
	at com.kms.katalon.core.webui.keyword.internal.WebUIKeywordMain.stepFailed(WebUIKeywordMain.groovy:64)
	at com.kms.katalon.core.webui.keyword.internal.WebUIKeywordMain.runKeyword(WebUIKeywordMain.groovy:26)
	at com.kms.katalon.core.webui.keyword.builtin.ClickKeyword.click(ClickKeyword.groovy:74)
	at com.kms.katalon.core.webui.keyword.builtin.ClickKeyword.execute(ClickKeyword.groovy:40)
	at com.kms.katalon.core.keyword.internal.KeywordExecutor.executeKeywordForPlatform(KeywordExecutor.groovy:74)
	at com.kms.katalon.core.webui.keyword.WebUiBuiltInKeywords.click(WebUiBuiltInKeywords.groovy:620)
	at com.kms.katalon.core.webui.keyword.WebUiBuiltInKeywords$click$4.call(Unknown Source)
	at Using filter status in Equip group.run(Using filter status in Equip group:36)
	at com.kms.katalon.core.main.ScriptEngine.run(ScriptEngine.java:194)
	at com.kms.katalon.core.main.ScriptEngine.runScriptAsRawText(ScriptEngine.java:119)
	at com.kms.katalon.core.main.TestCaseExecutor.runScript(TestCaseExecutor.java:448)
	at com.kms.katalon.core.main.TestCaseExecutor.doExecute(TestCaseExecutor.java:439)
	at com.kms.katalon.core.main.TestCaseExecutor.processExecutionPhase(TestCaseExecutor.java:418)
	at com.kms.katalon.core.main.TestCaseExecutor.accessMainPhase(TestCaseExecutor.java:410)
	at com.kms.katalon.core.main.TestCaseExecutor.execute(TestCaseExecutor.java:285)
	at com.kms.katalon.core.main.TestCaseExecutor.execute(TestCaseExecutor.java:369)
	at com.kms.katalon.core.main.TestCaseExecutor.execute(TestCaseExecutor.java:369)
	at com.kms.katalon.core.main.TestCaseExecutor.execute(TestCaseExecutor.java:369)
	at com.kms.katalon.core.common.CommonExecutor.accessTestCaseMainPhase(CommonExecutor.java:65)
	at com.kms.katalon.core.main.TestSuiteExecutor.accessTestSuiteMainPhase(TestSuiteExecutor.java:148)
	at com.kms.katalon.core.main.TestSuiteExecutor.execute(TestSuiteExecutor.java:106)
	at com.kms.katalon.core.main.TestCaseMain.startTestSuite(TestCaseMain.java:187)
	at com.kms.katalon.core.main.TestCaseMain$startTestSuite$0.call(Unknown Source)
	at TempTestSuite1686812760521.run(TempTestSuite1686812760521.groovy:36)
Caused by: org.openqa.selenium.ElementNotInteractableException: element not interactable
  (Session info: chrome=114.0.5735.133)
Build info: version: '3.141.59', revision: 'e82be7d358', time: '2018-11-14T08:25:53'
System info: host: 'LAPTOP-OBS-62', ip: '192.168.29.231', os.name: 'Windows 10', os.arch: 'amd64', os.version: '10.0', java.version: '1.8.0_362'
Driver info: com.kms.katalon.selenium.driver.CChromeDriver
Capabilities {acceptInsecureCerts: false, browserName: chrome, browserVersion: 114.0.5735.133, chrome: {chromedriverVersion: 113.0.5672.24 (65f30d4e8051..., userDataDir: C:\Users\RAJESW~1.R\AppData...}, goog:chromeOptions: {debuggerAddress: localhost:56373}, javascriptEnabled: true, networkConnectionEnabled: false, pageLoadStrategy: normal, platform: WINDOWS, platformName: WINDOWS, proxy: Proxy(), setWindowRect: true, strictFileInteractability: false, timeouts: {implicit: 0, pageLoad: 300000, script: 30000}, unhandledPromptBehavior: dismiss and notify, webauthn:extension:credBlob: true, webauthn:extension:largeBlob: true, webauthn:extension:minPinLength: true, webauthn:extension:prf: true, webauthn:virtualAuthenticators: true}
Session ID: d16a5929dc3473ab78c8efe012af4f44
	at org.openqa.selenium.remote.http.W3CHttpResponseCodec.createException(W3CHttpResponseCodec.java:187)
	at org.openqa.selenium.remote.http.W3CHttpResponseCodec.decode(W3CHttpResponseCodec.java:122)
	at org.openqa.selenium.remote.http.W3CHttpResponseCodec.decode(W3CHttpResponseCodec.java:49)
	at org.openqa.selenium.remote.HttpCommandExecutor.execute(HttpCommandExecutor.java:158)
	at org.openqa.selenium.remote.service.DriverCommandExecutor.execute(DriverCommandExecutor.java:83)
	at org.openqa.selenium.remote.RemoteWebDriver.execute(RemoteWebDriver.java:552)
	at com.kms.katalon.selenium.driver.CChromeDriver.execute(CChromeDriver.java:19)
	at org.openqa.selenium.remote.RemoteWebElement.execute(RemoteWebElement.java:285)
	at org.openqa.selenium.remote.RemoteWebElement.click(RemoteWebElement.java:84)
	at org.openqa.selenium.support.events.EventFiringWebDriver$EventFiringWebElement.lambda$new$0(EventFiringWebDriver.java:404)
	at com.sun.proxy.$Proxy11.click(Unknown Source)
	at org.openqa.selenium.support.events.EventFiringWebDriver$EventFiringWebElement.click(EventFiringWebDriver.java:417)
	at org.openqa.selenium.WebElement$click.call(Unknown Source)
	at com.kms.katalon.core.webui.keyword.builtin.ClickKeyword.clickUntilSuccessWithTimeout(ClickKeyword.groovy:81)
	at com.kms.katalon.core.webui.keyword.builtin.ClickKeyword.clickUntilSuccessWithTimeout(ClickKeyword.groovy)
	at com.kms.katalon.core.webui.keyword.builtin.ClickKeyword$_click_closure1.doCall(ClickKeyword.groovy:67)
	at com.kms.katalon.core.webui.keyword.builtin.ClickKeyword$_click_closure1.call(ClickKeyword.groovy)
	at com.kms.katalon.core.webui.keyword.internal.WebUIKeywordMain.runKeyword(WebUIKeywordMain.groovy:20)
	... 22 more


2023-06-15 13:28:16 - [TEST_STEP][PASSED] - openBrowser(""): Browser is opened with url: ''

2023-06-15 13:28:16 - [MESSAGE][WARNING] - A browser is already opened. Closing browser and opening a new one

2023-06-15 13:28:18 - [MESSAGE][INFO] - Starting 'Chrome' driver

2023-06-15 13:28:18 - [MESSAGE][INFO] - Action delay is set to 0 milliseconds

2023-06-15 13:28:21 - [MESSAGE][PASSED] - Browser is opened with url: ''

2023-06-15 13:28:21 - [TEST_STEP][PASSED] - navigateToUrl("https://livesust-test-web.optisolbusiness.com/login"): Navigate to 'https://livesust-test-web.optisolbusiness.com/login' successfully

2023-06-15 13:28:25 - [MESSAGE][PASSED] - Navigate to 'https://livesust-test-web.optisolbusiness.com/login' successfully

2023-06-15 13:28:25 - [TEST_STEP][PASSED] - maximizeWindow(): Current window maximized

2023-06-15 13:28:25 - [MESSAGE][PASSED] - Current window maximized

2023-06-15 13:28:25 - [TEST_STEP][PASSED] - setText(findTestObject("Object Repository/Page_LiveSust/input_Provider Log In_Username  E-Mail Address"), "Sachin@yopmail.com"): Text 'Sachin@yopmail.com' is set on object 'Object Repository/Page_LiveSust/input_Provider Log In_Username  E-Mail Address'

2023-06-15 13:28:26 - [MESSAGE][PASSED] - Text 'Sachin@yopmail.com' is set on object 'Object Repository/Page_LiveSust/input_Provider Log In_Username  E-Mail Address'

2023-06-15 13:28:26 - [TEST_STEP][PASSED] - setEncryptedText(findTestObject("Object Repository/Page_LiveSust/input_Username  E-Mail Address_Password"), "+p0xE3Qc9agwqAa4cuTULg=="): Text ****** has been set on object 'Object Repository/Page_LiveSust/input_Username  E-Mail Address_Password'

2023-06-15 13:28:27 - [MESSAGE][PASSED] - Text ****** has been set on object 'Object Repository/Page_LiveSust/input_Username  E-Mail Address_Password'

2023-06-15 13:28:27 - [TEST_STEP][PASSED] - click(findTestObject("Object Repository/Page_LiveSust/button_Log In")): Object: 'Object Repository/Page_LiveSust/button_Log In' is clicked on

2023-06-15 13:28:28 - [MESSAGE][PASSED] - Object: 'Object Repository/Page_LiveSust/button_Log In' is clicked on

2023-06-15 13:28:28 - [TEST_STEP][PASSED] - click(findTestObject("Object Repository/Page_LiveSust/span_Equipment")): Object: 'Object Repository/Page_LiveSust/span_Equipment' is clicked on

2023-06-15 13:28:30 - [MESSAGE][PASSED] - Object: 'Object Repository/Page_LiveSust/span_Equipment' is clicked on

2023-06-15 13:28:30 - [TEST_STEP][PASSED] - click(findTestObject("Object Repository/Page_LiveSust/span_Equipment Groups")): Object: 'Object Repository/Page_LiveSust/span_Equipment Groups' is clicked on

2023-06-15 13:28:31 - [MESSAGE][PASSED] - Object: 'Object Repository/Page_LiveSust/span_Equipment Groups' is clicked on

2023-06-15 13:28:31 - [TEST_STEP][FAILED] - click(findTestObject("Object Repository/Page_LiveSust/div_Filter Status")): Unable to click on object 'Object Repository/Page_LiveSust/div_Filter Status' (Root cause: com.kms.katalon.core.exception.StepFailedException: Unable to click on object 'Object Repository/Page_LiveSust/div_Filter Status'
	at com.kms.katalon.core.webui.keyword.internal.WebUIKeywordMain.stepFailed(WebUIKeywordMain.groovy:64)
	at com.kms.katalon.core.webui.keyword.internal.WebUIKeywordMain.runKeyword(WebUIKeywordMain.groovy:26)
	at com.kms.katalon.core.webui.keyword.builtin.ClickKeyword.click(ClickKeyword.groovy:74)
	at com.kms.katalon.core.webui.keyword.builtin.ClickKeyword.execute(ClickKeyword.groovy:40)
	at com.kms.katalon.core.keyword.internal.KeywordExecutor.executeKeywordForPlatform(KeywordExecutor.groovy:74)
	at com.kms.katalon.core.webui.keyword.WebUiBuiltInKeywords.click(WebUiBuiltInKeywords.groovy:620)
	at com.kms.katalon.core.webui.keyword.WebUiBuiltInKeywords$click$4.call(Unknown Source)
	at Using filter status in Equip group.run(Using filter status in Equip group:36)
	at com.kms.katalon.core.main.ScriptEngine.run(ScriptEngine.java:194)
	at com.kms.katalon.core.main.ScriptEngine.runScriptAsRawText(ScriptEngine.java:119)
	at com.kms.katalon.core.main.TestCaseExecutor.runScript(TestCaseExecutor.java:448)
	at com.kms.katalon.core.main.TestCaseExecutor.doExecute(TestCaseExecutor.java:439)
	at com.kms.katalon.core.main.TestCaseExecutor.processExecutionPhase(TestCaseExecutor.java:418)
	at com.kms.katalon.core.main.TestCaseExecutor.accessMainPhase(TestCaseExecutor.java:410)
	at com.kms.katalon.core.main.TestCaseExecutor.execute(TestCaseExecutor.java:285)
	at com.kms.katalon.core.main.TestCaseExecutor.execute(TestCaseExecutor.java:369)
	at com.kms.katalon.core.main.TestCaseExecutor.execute(TestCaseExecutor.java:369)
	at com.kms.katalon.core.main.TestCaseExecutor.execute(TestCaseExecutor.java:369)
	at com.kms.katalon.core.common.CommonExecutor.accessTestCaseMainPhase(CommonExecutor.java:65)
	at com.kms.katalon.core.main.TestSuiteExecutor.accessTestSuiteMainPhase(TestSuiteExecutor.java:148)
	at com.kms.katalon.core.main.TestSuiteExecutor.execute(TestSuiteExecutor.java:106)
	at com.kms.katalon.core.main.TestCaseMain.startTestSuite(TestCaseMain.java:187)
	at com.kms.katalon.core.main.TestCaseMain$startTestSuite$0.call(Unknown Source)
	at TempTestSuite1686812760521.run(TempTestSuite1686812760521.groovy:36)
Caused by: org.openqa.selenium.ElementNotInteractableException: element not interactable
  (Session info: chrome=114.0.5735.133)
Build info: version: '3.141.59', revision: 'e82be7d358', time: '2018-11-14T08:25:53'
System info: host: 'LAPTOP-OBS-62', ip: '192.168.29.231', os.name: 'Windows 10', os.arch: 'amd64', os.version: '10.0', java.version: '1.8.0_362'
Driver info: com.kms.katalon.selenium.driver.CChromeDriver
Capabilities {acceptInsecureCerts: false, browserName: chrome, browserVersion: 114.0.5735.133, chrome: {chromedriverVersion: 113.0.5672.24 (65f30d4e8051..., userDataDir: C:\Users\RAJESW~1.R\AppData...}, goog:chromeOptions: {debuggerAddress: localhost:56373}, javascriptEnabled: true, networkConnectionEnabled: false, pageLoadStrategy: normal, platform: WINDOWS, platformName: WINDOWS, proxy: Proxy(), setWindowRect: true, strictFileInteractability: false, timeouts: {implicit: 0, pageLoad: 300000, script: 30000}, unhandledPromptBehavior: dismiss and notify, webauthn:extension:credBlob: true, webauthn:extension:largeBlob: true, webauthn:extension:minPinLength: true, webauthn:extension:prf: true, webauthn:virtualAuthenticators: true}
Session ID: d16a5929dc3473ab78c8efe012af4f44
	at org.openqa.selenium.remote.http.W3CHttpResponseCodec.createException(W3CHttpResponseCodec.java:187)
	at org.openqa.selenium.remote.http.W3CHttpResponseCodec.decode(W3CHttpResponseCodec.java:122)
	at org.openqa.selenium.remote.http.W3CHttpResponseCodec.decode(W3CHttpResponseCodec.java:49)
	at org.openqa.selenium.remote.HttpCommandExecutor.execute(HttpCommandExecutor.java:158)
	at org.openqa.selenium.remote.service.DriverCommandExecutor.execute(DriverCommandExecutor.java:83)
	at org.openqa.selenium.remote.RemoteWebDriver.execute(RemoteWebDriver.java:552)
	at com.kms.katalon.selenium.driver.CChromeDriver.execute(CChromeDriver.java:19)
	at org.openqa.selenium.remote.RemoteWebElement.execute(RemoteWebElement.java:285)
	at org.openqa.selenium.remote.RemoteWebElement.click(RemoteWebElement.java:84)
	at org.openqa.selenium.support.events.EventFiringWebDriver$EventFiringWebElement.lambda$new$0(EventFiringWebDriver.java:404)
	at com.sun.proxy.$Proxy11.click(Unknown Source)
	at org.openqa.selenium.support.events.EventFiringWebDriver$EventFiringWebElement.click(EventFiringWebDriver.java:417)
	at org.openqa.selenium.WebElement$click.call(Unknown Source)
	at com.kms.katalon.core.webui.keyword.builtin.ClickKeyword.clickUntilSuccessWithTimeout(ClickKeyword.groovy:81)
	at com.kms.katalon.core.webui.keyword.builtin.ClickKeyword.clickUntilSuccessWithTimeout(ClickKeyword.groovy)
	at com.kms.katalon.core.webui.keyword.builtin.ClickKeyword$_click_closure1.doCall(ClickKeyword.groovy:67)
	at com.kms.katalon.core.webui.keyword.builtin.ClickKeyword$_click_closure1.call(ClickKeyword.groovy)
	at com.kms.katalon.core.webui.keyword.internal.WebUIKeywordMain.runKeyword(WebUIKeywordMain.groovy:20)
	at com.kms.katalon.core.webui.keyword.builtin.ClickKeyword.click(ClickKeyword.groovy:74)
	at com.kms.katalon.core.webui.keyword.builtin.ClickKeyword.execute(ClickKeyword.groovy:40)
	at com.kms.katalon.core.keyword.internal.KeywordExecutor.executeKeywordForPlatform(KeywordExecutor.groovy:74)
	at com.kms.katalon.core.webui.keyword.WebUiBuiltInKeywords.click(WebUiBuiltInKeywords.groovy:620)
	at com.kms.katalon.core.webui.keyword.WebUiBuiltInKeywords$click$4.call(Unknown Source)
	at Script1684804740545.run(Script1684804740545.groovy:36)
	... 16 more
)

2023-06-15 13:29:03 - [MESSAGE][INFO] - Unable to find the element located by 'By.xpath: //div[@id='nav-equipment']/app-equipment/div/div/div/ul/li[2]/app-multi-select/angular2-multiselect/div/div/div'. Please recheck the objects properties to make sure the desired element is located. 

2023-06-15 13:29:03 - [MESSAGE][WARNING] - [SELF-HEALING] Failed to find element with id 'Object Repository/Page_LiveSust/div_Filter Status'. Try using Self-healing.

2023-06-15 13:29:03 - [MESSAGE][WARNING] - [SELF-HEALING] The current locator of test object 'Object Repository/Page_LiveSust/div_Filter Status' was broken. Propose an alternative one: '(.//*[normalize-space(text()) and normalize-space(.)='Select All'])[1]/preceding::div[3]'.

2023-06-15 13:29:03 - [MESSAGE][FAILED] - Unable to click on object 'Object Repository/Page_LiveSust/div_Filter Status' (Root cause: com.kms.katalon.core.exception.StepFailedException: Unable to click on object 'Object Repository/Page_LiveSust/div_Filter Status'
	at com.kms.katalon.core.webui.keyword.internal.WebUIKeywordMain.stepFailed(WebUIKeywordMain.groovy:64)
	at com.kms.katalon.core.webui.keyword.internal.WebUIKeywordMain.runKeyword(WebUIKeywordMain.groovy:26)
	at com.kms.katalon.core.webui.keyword.builtin.ClickKeyword.click(ClickKeyword.groovy:74)
	at com.kms.katalon.core.webui.keyword.builtin.ClickKeyword.execute(ClickKeyword.groovy:40)
	at com.kms.katalon.core.keyword.internal.KeywordExecutor.executeKeywordForPlatform(KeywordExecutor.groovy:74)
	at com.kms.katalon.core.webui.keyword.WebUiBuiltInKeywords.click(WebUiBuiltInKeywords.groovy:620)
	at com.kms.katalon.core.webui.keyword.WebUiBuiltInKeywords$click$4.call(Unknown Source)
	at Using filter status in Equip group.run(Using filter status in Equip group:36)
	at com.kms.katalon.core.main.ScriptEngine.run(ScriptEngine.java:194)
	at com.kms.katalon.core.main.ScriptEngine.runScriptAsRawText(ScriptEngine.java:119)
	at com.kms.katalon.core.main.TestCaseExecutor.runScript(TestCaseExecutor.java:448)
	at com.kms.katalon.core.main.TestCaseExecutor.doExecute(TestCaseExecutor.java:439)
	at com.kms.katalon.core.main.TestCaseExecutor.processExecutionPhase(TestCaseExecutor.java:418)
	at com.kms.katalon.core.main.TestCaseExecutor.accessMainPhase(TestCaseExecutor.java:410)
	at com.kms.katalon.core.main.TestCaseExecutor.execute(TestCaseExecutor.java:285)
	at com.kms.katalon.core.main.TestCaseExecutor.execute(TestCaseExecutor.java:369)
	at com.kms.katalon.core.main.TestCaseExecutor.execute(TestCaseExecutor.java:369)
	at com.kms.katalon.core.main.TestCaseExecutor.execute(TestCaseExecutor.java:369)
	at com.kms.katalon.core.common.CommonExecutor.accessTestCaseMainPhase(CommonExecutor.java:65)
	at com.kms.katalon.core.main.TestSuiteExecutor.accessTestSuiteMainPhase(TestSuiteExecutor.java:148)
	at com.kms.katalon.core.main.TestSuiteExecutor.execute(TestSuiteExecutor.java:106)
	at com.kms.katalon.core.main.TestCaseMain.startTestSuite(TestCaseMain.java:187)
	at com.kms.katalon.core.main.TestCaseMain$startTestSuite$0.call(Unknown Source)
	at TempTestSuite1686812760521.run(TempTestSuite1686812760521.groovy:36)
Caused by: org.openqa.selenium.ElementNotInteractableException: element not interactable
  (Session info: chrome=114.0.5735.133)
Build info: version: '3.141.59', revision: 'e82be7d358', time: '2018-11-14T08:25:53'
System info: host: 'LAPTOP-OBS-62', ip: '192.168.29.231', os.name: 'Windows 10', os.arch: 'amd64', os.version: '10.0', java.version: '1.8.0_362'
Driver info: com.kms.katalon.selenium.driver.CChromeDriver
Capabilities {acceptInsecureCerts: false, browserName: chrome, browserVersion: 114.0.5735.133, chrome: {chromedriverVersion: 113.0.5672.24 (65f30d4e8051..., userDataDir: C:\Users\RAJESW~1.R\AppData...}, goog:chromeOptions: {debuggerAddress: localhost:56373}, javascriptEnabled: true, networkConnectionEnabled: false, pageLoadStrategy: normal, platform: WINDOWS, platformName: WINDOWS, proxy: Proxy(), setWindowRect: true, strictFileInteractability: false, timeouts: {implicit: 0, pageLoad: 300000, script: 30000}, unhandledPromptBehavior: dismiss and notify, webauthn:extension:credBlob: true, webauthn:extension:largeBlob: true, webauthn:extension:minPinLength: true, webauthn:extension:prf: true, webauthn:virtualAuthenticators: true}
Session ID: d16a5929dc3473ab78c8efe012af4f44
	at org.openqa.selenium.remote.http.W3CHttpResponseCodec.createException(W3CHttpResponseCodec.java:187)
	at org.openqa.selenium.remote.http.W3CHttpResponseCodec.decode(W3CHttpResponseCodec.java:122)
	at org.openqa.selenium.remote.http.W3CHttpResponseCodec.decode(W3CHttpResponseCodec.java:49)
	at org.openqa.selenium.remote.HttpCommandExecutor.execute(HttpCommandExecutor.java:158)
	at org.openqa.selenium.remote.service.DriverCommandExecutor.execute(DriverCommandExecutor.java:83)
	at org.openqa.selenium.remote.RemoteWebDriver.execute(RemoteWebDriver.java:552)
	at com.kms.katalon.selenium.driver.CChromeDriver.execute(CChromeDriver.java:19)
	at org.openqa.selenium.remote.RemoteWebElement.execute(RemoteWebElement.java:285)
	at org.openqa.selenium.remote.RemoteWebElement.click(RemoteWebElement.java:84)
	at org.openqa.selenium.support.events.EventFiringWebDriver$EventFiringWebElement.lambda$new$0(EventFiringWebDriver.java:404)
	at com.sun.proxy.$Proxy11.click(Unknown Source)
	at org.openqa.selenium.support.events.EventFiringWebDriver$EventFiringWebElement.click(EventFiringWebDriver.java:417)
	at org.openqa.selenium.WebElement$click.call(Unknown Source)
	at com.kms.katalon.core.webui.keyword.builtin.ClickKeyword.clickUntilSuccessWithTimeout(ClickKeyword.groovy:81)
	at com.kms.katalon.core.webui.keyword.builtin.ClickKeyword.clickUntilSuccessWithTimeout(ClickKeyword.groovy)
	at com.kms.katalon.core.webui.keyword.builtin.ClickKeyword$_click_closure1.doCall(ClickKeyword.groovy:67)
	at com.kms.katalon.core.webui.keyword.builtin.ClickKeyword$_click_closure1.call(ClickKeyword.groovy)
	at com.kms.katalon.core.webui.keyword.internal.WebUIKeywordMain.runKeyword(WebUIKeywordMain.groovy:20)
	at com.kms.katalon.core.webui.keyword.builtin.ClickKeyword.click(ClickKeyword.groovy:74)
	at com.kms.katalon.core.webui.keyword.builtin.ClickKeyword.execute(ClickKeyword.groovy:40)
	at com.kms.katalon.core.keyword.internal.KeywordExecutor.executeKeywordForPlatform(KeywordExecutor.groovy:74)
	at com.kms.katalon.core.webui.keyword.WebUiBuiltInKeywords.click(WebUiBuiltInKeywords.groovy:620)
	at com.kms.katalon.core.webui.keyword.WebUiBuiltInKeywords$click$4.call(Unknown Source)
	at Script1684804740545.run(Script1684804740545.groovy:36)
	... 16 more
)
[[ATTACHMENT|C:\\Users\\rajeswari.r\\Katalon Studio\\Livesust\\Reports\\20230615_123600\\Sprint 4\\20230615_123600\\1686815943612.png]]]]></system-out>
         <system-err><![CDATA[2023-06-15 13:28:16 - [TEST_CASE][FAILED] - Test Cases/Sprint 4/Using filter status in Equip group: Test Cases/Sprint 4/Using filter status in Equip group FAILED.
Reason:
com.kms.katalon.core.exception.StepFailedException: Unable to click on object 'Object Repository/Page_LiveSust/div_Filter Status'
	at com.kms.katalon.core.webui.keyword.internal.WebUIKeywordMain.stepFailed(WebUIKeywordMain.groovy:64)
	at com.kms.katalon.core.webui.keyword.internal.WebUIKeywordMain.runKeyword(WebUIKeywordMain.groovy:26)
	at com.kms.katalon.core.webui.keyword.builtin.ClickKeyword.click(ClickKeyword.groovy:74)
	at com.kms.katalon.core.webui.keyword.builtin.ClickKeyword.execute(ClickKeyword.groovy:40)
	at com.kms.katalon.core.keyword.internal.KeywordExecutor.executeKeywordForPlatform(KeywordExecutor.groovy:74)
	at com.kms.katalon.core.webui.keyword.WebUiBuiltInKeywords.click(WebUiBuiltInKeywords.groovy:620)
	at com.kms.katalon.core.webui.keyword.WebUiBuiltInKeywords$click$4.call(Unknown Source)
	at Using filter status in Equip group.run(Using filter status in Equip group:36)
	at com.kms.katalon.core.main.ScriptEngine.run(ScriptEngine.java:194)
	at com.kms.katalon.core.main.ScriptEngine.runScriptAsRawText(ScriptEngine.java:119)
	at com.kms.katalon.core.main.TestCaseExecutor.runScript(TestCaseExecutor.java:448)
	at com.kms.katalon.core.main.TestCaseExecutor.doExecute(TestCaseExecutor.java:439)
	at com.kms.katalon.core.main.TestCaseExecutor.processExecutionPhase(TestCaseExecutor.java:418)
	at com.kms.katalon.core.main.TestCaseExecutor.accessMainPhase(TestCaseExecutor.java:410)
	at com.kms.katalon.core.main.TestCaseExecutor.execute(TestCaseExecutor.java:285)
	at com.kms.katalon.core.main.TestCaseExecutor.execute(TestCaseExecutor.java:369)
	at com.kms.katalon.core.main.TestCaseExecutor.execute(TestCaseExecutor.java:369)
	at com.kms.katalon.core.main.TestCaseExecutor.execute(TestCaseExecutor.java:369)
	at com.kms.katalon.core.common.CommonExecutor.accessTestCaseMainPhase(CommonExecutor.java:65)
	at com.kms.katalon.core.main.TestSuiteExecutor.accessTestSuiteMainPhase(TestSuiteExecutor.java:148)
	at com.kms.katalon.core.main.TestSuiteExecutor.execute(TestSuiteExecutor.java:106)
	at com.kms.katalon.core.main.TestCaseMain.startTestSuite(TestCaseMain.java:187)
	at com.kms.katalon.core.main.TestCaseMain$startTestSuite$0.call(Unknown Source)
	at TempTestSuite1686812760521.run(TempTestSuite1686812760521.groovy:36)
Caused by: org.openqa.selenium.ElementNotInteractableException: element not interactable
  (Session info: chrome=114.0.5735.133)
Build info: version: '3.141.59', revision: 'e82be7d358', time: '2018-11-14T08:25:53'
System info: host: 'LAPTOP-OBS-62', ip: '192.168.29.231', os.name: 'Windows 10', os.arch: 'amd64', os.version: '10.0', java.version: '1.8.0_362'
Driver info: com.kms.katalon.selenium.driver.CChromeDriver
Capabilities {acceptInsecureCerts: false, browserName: chrome, browserVersion: 114.0.5735.133, chrome: {chromedriverVersion: 113.0.5672.24 (65f30d4e8051..., userDataDir: C:\Users\RAJESW~1.R\AppData...}, goog:chromeOptions: {debuggerAddress: localhost:56373}, javascriptEnabled: true, networkConnectionEnabled: false, pageLoadStrategy: normal, platform: WINDOWS, platformName: WINDOWS, proxy: Proxy(), setWindowRect: true, strictFileInteractability: false, timeouts: {implicit: 0, pageLoad: 300000, script: 30000}, unhandledPromptBehavior: dismiss and notify, webauthn:extension:credBlob: true, webauthn:extension:largeBlob: true, webauthn:extension:minPinLength: true, webauthn:extension:prf: true, webauthn:virtualAuthenticators: true}
Session ID: d16a5929dc3473ab78c8efe012af4f44
	at org.openqa.selenium.remote.http.W3CHttpResponseCodec.createException(W3CHttpResponseCodec.java:187)
	at org.openqa.selenium.remote.http.W3CHttpResponseCodec.decode(W3CHttpResponseCodec.java:122)
	at org.openqa.selenium.remote.http.W3CHttpResponseCodec.decode(W3CHttpResponseCodec.java:49)
	at org.openqa.selenium.remote.HttpCommandExecutor.execute(HttpCommandExecutor.java:158)
	at org.openqa.selenium.remote.service.DriverCommandExecutor.execute(DriverCommandExecutor.java:83)
	at org.openqa.selenium.remote.RemoteWebDriver.execute(RemoteWebDriver.java:552)
	at com.kms.katalon.selenium.driver.CChromeDriver.execute(CChromeDriver.java:19)
	at org.openqa.selenium.remote.RemoteWebElement.execute(RemoteWebElement.java:285)
	at org.openqa.selenium.remote.RemoteWebElement.click(RemoteWebElement.java:84)
	at org.openqa.selenium.support.events.EventFiringWebDriver$EventFiringWebElement.lambda$new$0(EventFiringWebDriver.java:404)
	at com.sun.proxy.$Proxy11.click(Unknown Source)
	at org.openqa.selenium.support.events.EventFiringWebDriver$EventFiringWebElement.click(EventFiringWebDriver.java:417)
	at org.openqa.selenium.WebElement$click.call(Unknown Source)
	at com.kms.katalon.core.webui.keyword.builtin.ClickKeyword.clickUntilSuccessWithTimeout(ClickKeyword.groovy:81)
	at com.kms.katalon.core.webui.keyword.builtin.ClickKeyword.clickUntilSuccessWithTimeout(ClickKeyword.groovy)
	at com.kms.katalon.core.webui.keyword.builtin.ClickKeyword$_click_closure1.doCall(ClickKeyword.groovy:67)
	at com.kms.katalon.core.webui.keyword.builtin.ClickKeyword$_click_closure1.call(ClickKeyword.groovy)
	at com.kms.katalon.core.webui.keyword.internal.WebUIKeywordMain.runKeyword(WebUIKeywordMain.groovy:20)
	... 22 more]]></system-err>
      </testcase>
      <system-out><![CDATA[2023-06-15 12:36:26 - [TEST_SUITE][FAILED] - Sprint 4: Test Cases/Sprint 4/Add equip FAILED.
Reason:
com.kms.katalon.core.exception.StepFailedException: Unable to verify object 'Object Repository/Page_LiveSust/div_Equipment created successfully' is present
	at com.kms.katalon.core.webui.keyword.internal.WebUIKeywordMain.stepFailed(WebUIKeywordMain.groovy:64)
	at com.kms.katalon.core.webui.keyword.internal.WebUIKeywordMain.runKeyword(WebUIKeywordMain.groovy:26)
	at com.kms.katalon.core.webui.keyword.builtin.VerifyElementPresentKeyword.verifyElementPresent(VerifyElementPresentKeyword.groovy:92)
	at com.kms.katalon.core.webui.keyword.builtin.VerifyElementPresentKeyword.execute(VerifyElementPresentKeyword.groovy:68)
	at com.kms.katalon.core.keyword.internal.KeywordExecutor.executeKeywordForPlatform(KeywordExecutor.groovy:74)
	at com.kms.katalon.core.webui.keyword.WebUiBuiltInKeywords.verifyElementPresent(WebUiBuiltInKeywords.groovy:1464)
	at com.kms.katalon.core.webui.keyword.WebUiBuiltInKeywords$verifyElementPresent$5.call(Unknown Source)
	at Add equip.run(Add equip:68)
	at com.kms.katalon.core.main.ScriptEngine.run(ScriptEngine.java:194)
	at com.kms.katalon.core.main.ScriptEngine.runScriptAsRawText(ScriptEngine.java:119)
	at com.kms.katalon.core.main.TestCaseExecutor.runScript(TestCaseExecutor.java:448)
	at com.kms.katalon.core.main.TestCaseExecutor.doExecute(TestCaseExecutor.java:439)
	at com.kms.katalon.core.main.TestCaseExecutor.processExecutionPhase(TestCaseExecutor.java:418)
	at com.kms.katalon.core.main.TestCaseExecutor.accessMainPhase(TestCaseExecutor.java:410)
	at com.kms.katalon.core.main.TestCaseExecutor.execute(TestCaseExecutor.java:285)
	at com.kms.katalon.core.common.CommonExecutor.accessTestCaseMainPhase(CommonExecutor.java:65)
	at com.kms.katalon.core.main.TestSuiteExecutor.accessTestSuiteMainPhase(TestSuiteExecutor.java:148)
	at com.kms.katalon.core.main.TestSuiteExecutor.execute(TestSuiteExecutor.java:106)
	at com.kms.katalon.core.main.TestCaseMain.startTestSuite(TestCaseMain.java:187)
	at com.kms.katalon.core.main.TestCaseMain$startTestSuite$0.call(Unknown Source)
	at TempTestSuite1686812760521.run(TempTestSuite1686812760521.groovy:36)
Caused by: com.kms.katalon.core.exception.StepFailedException: com.kms.katalon.core.webui.exception.WebElementNotFoundException: Web element with id: 'Object Repository/Page_LiveSust/div_Equipment created successfully' located by '//div[@id='toast-container']/div/div' not found
	at com.kms.katalon.core.webui.keyword.internal.WebUIKeywordMain.stepFailed(WebUIKeywordMain.groovy:64)
	at com.kms.katalon.core.webui.keyword.builtin.VerifyElementPresentKeyword$_verifyElementPresent_closure1.doCall(VerifyElementPresentKeyword.groovy:85)
	at com.kms.katalon.core.webui.keyword.builtin.VerifyElementPresentKeyword$_verifyElementPresent_closure1.call(VerifyElementPresentKeyword.groovy)
	at com.kms.katalon.core.webui.keyword.internal.WebUIKeywordMain.runKeyword(WebUIKeywordMain.groovy:20)
	... 19 more]]></system-out>
      <system-err><![CDATA[2023-06-15 12:36:26 - [TEST_SUITE][FAILED] - Sprint 4: Test Cases/Sprint 4/Add equip FAILED.
Reason:
com.kms.katalon.core.exception.StepFailedException: Unable to verify object 'Object Repository/Page_LiveSust/div_Equipment created successfully' is present
	at com.kms.katalon.core.webui.keyword.internal.WebUIKeywordMain.stepFailed(WebUIKeywordMain.groovy:64)
	at com.kms.katalon.core.webui.keyword.internal.WebUIKeywordMain.runKeyword(WebUIKeywordMain.groovy:26)
	at com.kms.katalon.core.webui.keyword.builtin.VerifyElementPresentKeyword.verifyElementPresent(VerifyElementPresentKeyword.groovy:92)
	at com.kms.katalon.core.webui.keyword.builtin.VerifyElementPresentKeyword.execute(VerifyElementPresentKeyword.groovy:68)
	at com.kms.katalon.core.keyword.internal.KeywordExecutor.executeKeywordForPlatform(KeywordExecutor.groovy:74)
	at com.kms.katalon.core.webui.keyword.WebUiBuiltInKeywords.verifyElementPresent(WebUiBuiltInKeywords.groovy:1464)
	at com.kms.katalon.core.webui.keyword.WebUiBuiltInKeywords$verifyElementPresent$5.call(Unknown Source)
	at Add equip.run(Add equip:68)
	at com.kms.katalon.core.main.ScriptEngine.run(ScriptEngine.java:194)
	at com.kms.katalon.core.main.ScriptEngine.runScriptAsRawText(ScriptEngine.java:119)
	at com.kms.katalon.core.main.TestCaseExecutor.runScript(TestCaseExecutor.java:448)
	at com.kms.katalon.core.main.TestCaseExecutor.doExecute(TestCaseExecutor.java:439)
	at com.kms.katalon.core.main.TestCaseExecutor.processExecutionPhase(TestCaseExecutor.java:418)
	at com.kms.katalon.core.main.TestCaseExecutor.accessMainPhase(TestCaseExecutor.java:410)
	at com.kms.katalon.core.main.TestCaseExecutor.execute(TestCaseExecutor.java:285)
	at com.kms.katalon.core.common.CommonExecutor.accessTestCaseMainPhase(CommonExecutor.java:65)
	at com.kms.katalon.core.main.TestSuiteExecutor.accessTestSuiteMainPhase(TestSuiteExecutor.java:148)
	at com.kms.katalon.core.main.TestSuiteExecutor.execute(TestSuiteExecutor.java:106)
	at com.kms.katalon.core.main.TestCaseMain.startTestSuite(TestCaseMain.java:187)
	at com.kms.katalon.core.main.TestCaseMain$startTestSuite$0.call(Unknown Source)
	at TempTestSuite1686812760521.run(TempTestSuite1686812760521.groovy:36)
Caused by: com.kms.katalon.core.exception.StepFailedException: com.kms.katalon.core.webui.exception.WebElementNotFoundException: Web element with id: 'Object Repository/Page_LiveSust/div_Equipment created successfully' located by '//div[@id='toast-container']/div/div' not found
	at com.kms.katalon.core.webui.keyword.internal.WebUIKeywordMain.stepFailed(WebUIKeywordMain.groovy:64)
	at com.kms.katalon.core.webui.keyword.builtin.VerifyElementPresentKeyword$_verifyElementPresent_closure1.doCall(VerifyElementPresentKeyword.groovy:85)
	at com.kms.katalon.core.webui.keyword.builtin.VerifyElementPresentKeyword$_verifyElementPresent_closure1.call(VerifyElementPresentKeyword.groovy)
	at com.kms.katalon.core.webui.keyword.internal.WebUIKeywordMain.runKeyword(WebUIKeywordMain.groovy:20)
	... 19 more]]></system-err>
   </testsuite>
</testsuites>
